Using pre-set license
Built from '2022.3/staging' branch; Version is '2022.3.17f1 (4fc78088f837) revision 5228416'; Using compiler version '192829333'; Build Type 'Release'
OS: 'Windows 11  (10.0.26100) 64bit Professional' Language: 'en' Physical Memory: 16159 MB
BatchMode: 1, IsHumanControllingUs: 0, StartBugReporterOnCrash: 0, Is64bit: 1, IsPro: 1

COMMAND LINE ARGUMENTS:
D:\2022.3.17f1\Editor\Unity.exe
-adb2
-batchMode
-noUpm
-name
AssetImportWorker8
-projectPath
D:/IM ESLSCA UNIVERSITY/Game Design and Development/Final Project
-logFile
Logs/AssetImportWorker8.log
-srvPort
53480
Successfully changed project path to: D:/IM ESLSCA UNIVERSITY/Game Design and Development/Final Project
D:/IM ESLSCA UNIVERSITY/Game Design and Development/Final Project
[UnityMemory] Configuration Parameters - Can be set up in boot.config
    "memorysetup-bucket-allocator-granularity=16"
    "memorysetup-bucket-allocator-bucket-count=8"
    "memorysetup-bucket-allocator-block-size=33554432"
    "memorysetup-bucket-allocator-block-count=8"
    "memorysetup-main-allocator-block-size=16777216"
    "memorysetup-thread-allocator-block-size=16777216"
    "memorysetup-gfx-main-allocator-block-size=16777216"
    "memorysetup-gfx-thread-allocator-block-size=16777216"
    "memorysetup-cache-allocator-block-size=4194304"
    "memorysetup-typetree-allocator-block-size=2097152"
    "memorysetup-profiler-bucket-allocator-granularity=16"
    "memorysetup-profiler-bucket-allocator-bucket-count=8"
    "memorysetup-profiler-bucket-allocator-block-size=33554432"
    "memorysetup-profiler-bucket-allocator-block-count=8"
    "memorysetup-profiler-allocator-block-size=16777216"
    "memorysetup-profiler-editor-allocator-block-size=1048576"
    "memorysetup-temp-allocator-size-main=16777216"
    "memorysetup-job-temp-allocator-block-size=2097152"
    "memorysetup-job-temp-allocator-block-size-background=1048576"
    "memorysetup-job-temp-allocator-reduction-small-platforms=262144"
    "memorysetup-allocator-temp-initial-block-size-main=262144"
    "memorysetup-allocator-temp-initial-block-size-worker=262144"
    "memorysetup-temp-allocator-size-background-worker=32768"
    "memorysetup-temp-allocator-size-job-worker=262144"
    "memorysetup-temp-allocator-size-preload-manager=33554432"
    "memorysetup-temp-allocator-size-nav-mesh-worker=65536"
    "memorysetup-temp-allocator-size-audio-worker=65536"
    "memorysetup-temp-allocator-size-cloud-worker=32768"
    "memorysetup-temp-allocator-size-gi-baking-worker=262144"
    "memorysetup-temp-allocator-size-gfx=262144"
Player connection [23104] Host "[IP] 172.20.10.5 [Port] 0 [Flags] 2 [Guid] 1965459594 [EditorId] 1965459594 [Version] 1048832 [Id] WindowsEditor(7,MOHAMEDIAD) [Debug] 1 [PackageName] WindowsEditor [ProjectName] Editor" joined multi-casting on [225.0.0.222:54997]...

Player connection [23104] Host "[IP] 172.20.10.5 [Port] 0 [Flags] 2 [Guid] 1965459594 [EditorId] 1965459594 [Version] 1048832 [Id] WindowsEditor(7,MOHAMEDIAD) [Debug] 1 [PackageName] WindowsEditor [ProjectName] Editor" joined alternative multi-casting on [225.0.0.222:34997]...

[Physics::Module] Initialized MultithreadedJobDispatcher with 11 workers.
Refreshing native plugins compatible for Editor in 42.79 ms, found 3 plugins.
Preloading 0 native plugins for Editor in 0.00 ms.
Initialize engine version: 2022.3.17f1 (4fc78088f837)
[Subsystems] Discovering subsystems at path D:/2022.3.17f1/Editor/Data/Resources/UnitySubsystems
[Subsystems] Discovering subsystems at path D:/IM ESLSCA UNIVERSITY/Game Design and Development/Final Project/Assets
GfxDevice: creating device client; threaded=0; jobified=0
Direct3D:
    Version:  Direct3D 11.0 [level 11.1]
    Renderer: NVIDIA GeForce GTX 1650 (ID=0x1f9d)
    Vendor:   NVIDIA
    VRAM:     3937 MB
    Driver:   32.0.15.6636
Initialize mono
Mono path[0] = 'D:/2022.3.17f1/Editor/Data/Managed'
Mono path[1] = 'D:/2022.3.17f1/Editor/Data/MonoBleedingEdge/lib/mono/unityjit-win32'
Mono config path = 'D:/2022.3.17f1/Editor/Data/MonoBleedingEdge/etc'
Using monoOptions --debugger-agent=transport=dt_socket,embedding=1,server=y,suspend=n,address=127.0.0.1:56812
Begin MonoManager ReloadAssembly
Registering precompiled unity dll's ...
Register platform support module: D:/2022.3.17f1/Editor/Data/PlaybackEngines/AndroidPlayer/UnityEditor.Android.Extensions.dll
Register platform support module: D:/2022.3.17f1/Editor/Data/PlaybackEngines/WindowsStandaloneSupport/UnityEditor.WindowsStandalone.Extensions.dll
Registered in 0.029183 seconds.
- Loaded All Assemblies, in  1.133 seconds
Native extension for WindowsStandalone target not found
Native extension for Android target not found
Android Extension - Scanning For ADB Devices 908 ms
Mono: successfully reloaded assembly
- Finished resetting the current domain, in  1.851 seconds
Domain Reload Profiling: 2985ms
	BeginReloadAssembly (350ms)
		ExecutionOrderSort (0ms)
		DisableScriptedObjects (0ms)
		BackupInstance (0ms)
		ReleaseScriptingObjects (0ms)
		CreateAndSetChildDomain (1ms)
	RebuildCommonClasses (105ms)
	RebuildNativeTypeToScriptingClass (33ms)
	initialDomainReloadingComplete (153ms)
	LoadAllAssembliesAndSetupDomain (492ms)
		LoadAssemblies (353ms)
		RebuildTransferFunctionScriptingTraits (0ms)
		AnalyzeDomain (478ms)
			TypeCache.Refresh (472ms)
				TypeCache.ScanAssembly (425ms)
			ScanForSourceGeneratedMonoScriptInfo (2ms)
			ResolveRequiredComponents (4ms)
	FinalizeReload (1852ms)
		ReleaseScriptCaches (0ms)
		RebuildScriptCaches (0ms)
		SetupLoadedEditorAssemblies (1689ms)
			LogAssemblyErrors (0ms)
			InitializePlatformSupportModulesInManaged (1221ms)
			SetLoadedEditorAssemblies (9ms)
			RefreshPlugins (0ms)
			BeforeProcessingInitializeOnLoad (4ms)
			ProcessInitializeOnLoadAttributes (325ms)
			ProcessInitializeOnLoadMethodAttributes (130ms)
			AfterProcessingInitializeOnLoad (0ms)
			EditorAssembliesLoaded (0ms)
		ExecutionOrderSort2 (0ms)
		AwakeInstancesAfterBackupRestoration (0ms)
========================================================================
Worker process is ready to serve import requests
Begin MonoManager ReloadAssembly
- Loaded All Assemblies, in  2.409 seconds
Refreshing native plugins compatible for Editor in 8.37 ms, found 3 plugins.
Native extension for WindowsStandalone target not found
Native extension for Android target not found
Mono: successfully reloaded assembly
- Finished resetting the current domain, in  2.377 seconds
Domain Reload Profiling: 4787ms
	BeginReloadAssembly (547ms)
		ExecutionOrderSort (0ms)
		DisableScriptedObjects (19ms)
		BackupInstance (0ms)
		ReleaseScriptingObjects (1ms)
		CreateAndSetChildDomain (62ms)
	RebuildCommonClasses (111ms)
	RebuildNativeTypeToScriptingClass (38ms)
	initialDomainReloadingComplete (104ms)
	LoadAllAssembliesAndSetupDomain (1608ms)
		LoadAssemblies (1222ms)
		RebuildTransferFunctionScriptingTraits (0ms)
		AnalyzeDomain (757ms)
			TypeCache.Refresh (667ms)
				TypeCache.ScanAssembly (618ms)
			ScanForSourceGeneratedMonoScriptInfo (61ms)
			ResolveRequiredComponents (25ms)
	FinalizeReload (2378ms)
		ReleaseScriptCaches (0ms)
		RebuildScriptCaches (0ms)
		SetupLoadedEditorAssemblies (1803ms)
			LogAssemblyErrors (0ms)
			InitializePlatformSupportModulesInManaged (59ms)
			SetLoadedEditorAssemblies (10ms)
			RefreshPlugins (0ms)
			BeforeProcessingInitializeOnLoad (170ms)
			ProcessInitializeOnLoadAttributes (1339ms)
			ProcessInitializeOnLoadMethodAttributes (216ms)
			AfterProcessingInitializeOnLoad (9ms)
			EditorAssembliesLoaded (0ms)
		ExecutionOrderSort2 (0ms)
		AwakeInstancesAfterBackupRestoration (25ms)
Launched and connected shader compiler UnityShaderCompiler.exe after 0.11 seconds
Refreshing native plugins compatible for Editor in 7.89 ms, found 3 plugins.
Preloading 0 native plugins for Editor in 0.00 ms.
Unloading 4942 Unused Serialized files (Serialized files now loaded: 0)
Unloading 63 unused Assets / (350.8 KB). Loaded Objects now: 5403.
Memory consumption went from 207.6 MB to 207.3 MB.
Total: 8.443300 ms (FindLiveObjects: 0.792700 ms CreateObjectMapping: 0.844200 ms MarkObjects: 6.431100 ms  DeleteObjects: 0.373200 ms)

AssetImportParameters requested are different than current active one (requested -> active):
  custom:container-demuxer-ogg: 62fdf1f143b41e24485cea50d1cbac27 -> 
  custom:video-decoder-ogg-theora: a1e56fd34408186e4bbccfd4996cb3dc -> 
  custom:framework-win-MediaFoundation: 216162199b28c13a410421893ffa2e32 -> 
  custom:CustomObjectIndexerAttribute: 62b5816608c3102f162a1797e29626cf -> 
  custom:container-demuxer-webm: 4f35f7cbe854078d1ac9338744f61a02 -> 
  custom:container-muxer-webm: aa71ff27fc2769a1b78a27578f13a17b -> 
  custom:video-decoder-webm-vp8: 9c59270c3fd7afecdb556c50c9e8de78 -> 
  custom:SearchIndexIgnoredProperties: e643bd26f0fe6173181afceb89e7c659 -> 
  custom:AudioImporter_EditorPlatform: d09bf68614088b80899f8185d706f6e7 -> 
  custom:video-encoder-webm-vp8: eb34c28f22e8b96e1ab97ce403110664 -> 
  custom:audio-decoder-ogg-vorbis: bf7c407c2cedff20999df2af8eb42d56 -> 
  custom:audio-encoder-webm-vorbis: bf7c407c2cedff20999df2af8eb42d56 -> 
========================================================================
Received Import Request.
  Time since last request: 520169.874561 seconds.
  path: Assets/JejumokGwana/Prefabs/Roof_Foundations/CornerA.prefab
  artifactKey: Guid(c8526a90075ad0d4cb69da625184ba4f) Importer(2089858483,0ecaa5967403d082aa24f35e1b516d23)
Start importing Assets/JejumokGwana/Prefabs/Roof_Foundations/CornerA.prefab using Guid(c8526a90075ad0d4cb69da625184ba4f) Importer(2089858483,0ecaa5967403d082aa24f35e1b516d23) Generated GUIDs only implemented for interfaces!
 -> (artifact id: 'd3583fe199e3a56856c216a849c3b931') in 1.214582 seconds
Number of updated asset objects reloaded before import = 0
Number of asset objects unloaded after import = 7
========================================================================
Received Import Request.
  Time since last request: 0.016667 seconds.
  path: Assets/JejumokGwana/Prefabs/Stairs/Stepladder.prefab
  artifactKey: Guid(725096b20ab318f4b816c6809d4a7e0a) Importer(2089858483,0ecaa5967403d082aa24f35e1b516d23)
Start importing Assets/JejumokGwana/Prefabs/Stairs/Stepladder.prefab using Guid(725096b20ab318f4b816c6809d4a7e0a) Importer(2089858483,0ecaa5967403d082aa24f35e1b516d23) Generated GUIDs only implemented for interfaces!
 -> (artifact id: '9ba908146f84da9fdab44d7a7fbe8e2b') in 0.038865 seconds
Number of updated asset objects reloaded before import = 0
Number of asset objects unloaded after import = 7
========================================================================
Received Import Request.
  Time since last request: 0.000510 seconds.
  path: Assets/JejumokGwana/Prefabs/Decoration/Signages (8).prefab
  artifactKey: Guid(941e264d89b630f42ba32a91a7f79157) Importer(2089858483,3d70f49cd1c2eb9ae422958d1c652c6b)
Start importing Assets/JejumokGwana/Prefabs/Decoration/Signages (8).prefab using Guid(941e264d89b630f42ba32a91a7f79157) Importer(2089858483,3d70f49cd1c2eb9ae422958d1c652c6b) Generated GUIDs only implemented for interfaces!
 -> (artifact id: 'b95cda445eb7b063f08cdbe677751362') in 0.093259 seconds
Number of updated asset objects reloaded before import = 0
Number of asset objects unloaded after import = 8
========================================================================
Received Import Request.
  Time since last request: 0.000048 seconds.
  path: Assets/JejumokGwana/Prefabs/Roofs/Roof_06.prefab
  artifactKey: Guid(c57d0bc7a209de14ea44ff2834cc76fa) Importer(2089858483,3d70f49cd1c2eb9ae422958d1c652c6b)
Start importing Assets/JejumokGwana/Prefabs/Roofs/Roof_06.prefab using Guid(c57d0bc7a209de14ea44ff2834cc76fa) Importer(2089858483,3d70f49cd1c2eb9ae422958d1c652c6b) Generated GUIDs only implemented for interfaces!
 -> (artifact id: '9f6e193854e7c530efeeee648de21cbd') in 0.922814 seconds
Number of updated asset objects reloaded before import = 0
Number of asset objects unloaded after import = 16
========================================================================
Received Import Request.
  Time since last request: 0.000041 seconds.
  path: Assets/JejumokGwana/Materials/M_Stonewall_Roof_01.mat
  artifactKey: Guid(5b49cb1934988ea4ba67cb7d6ce6ce69) Importer(2089858483,0ecaa5967403d082aa24f35e1b516d23)
Start importing Assets/JejumokGwana/Materials/M_Stonewall_Roof_01.mat using Guid(5b49cb1934988ea4ba67cb7d6ce6ce69) Importer(2089858483,0ecaa5967403d082aa24f35e1b516d23) Generated GUIDs only implemented for interfaces!
 -> (artifact id: '555e0eb893334608514d65bc3b2ddd4c') in 0.145035 seconds
Number of updated asset objects reloaded before import = 0
Number of asset objects unloaded after import = 4
========================================================================
Received Import Request.
  Time since last request: 0.006392 seconds.
  path: Assets/JejumokGwana/Prefabs/Buildings/Yeonjuihyeopdang.prefab
  artifactKey: Guid(ff75372fb4c141d45aa1779f197f3379) Importer(2089858483,0ecaa5967403d082aa24f35e1b516d23)
Start importing Assets/JejumokGwana/Prefabs/Buildings/Yeonjuihyeopdang.prefab using Guid(ff75372fb4c141d45aa1779f197f3379) Importer(2089858483,0ecaa5967403d082aa24f35e1b516d23) Generated GUIDs only implemented for interfaces!
 -> (artifact id: '026fe63164baac2e8b499634dbbeb36a') in 0.193392 seconds
Number of updated asset objects reloaded before import = 0
Number of asset objects unloaded after import = 567
========================================================================
Received Import Request.
  Time since last request: 0.000050 seconds.
  path: Assets/JejumokGwana/Textures/T_Wood_Pattern_02_R.PNG
  artifactKey: Guid(77bbc382db7c70249a50e4b21d77cf27) Importer(2089858483,0ecaa5967403d082aa24f35e1b516d23)
Start importing Assets/JejumokGwana/Textures/T_Wood_Pattern_02_R.PNG using Guid(77bbc382db7c70249a50e4b21d77cf27) Importer(2089858483,0ecaa5967403d082aa24f35e1b516d23) Generated GUIDs only implemented for interfaces!
 -> (artifact id: '4766a5495e723cc262bfd05705d2fedf') in 0.266978 seconds
Number of updated asset objects reloaded before import = 0
Number of asset objects unloaded after import = 1
========================================================================
Received Import Request.
  Time since last request: 0.001034 seconds.
  path: Assets/JejumokGwana/Prefabs/Decoration/Signages (4).prefab
  artifactKey: Guid(55160a2c7c9af5f4785eec709d0a2a99) Importer(2089858483,3d70f49cd1c2eb9ae422958d1c652c6b)
Start importing Assets/JejumokGwana/Prefabs/Decoration/Signages (4).prefab using Guid(55160a2c7c9af5f4785eec709d0a2a99) Importer(2089858483,3d70f49cd1c2eb9ae422958d1c652c6b) Generated GUIDs only implemented for interfaces!
 -> (artifact id: 'f76a29b532468cfbe906992a21b817e8') in 0.045248 seconds
Number of updated asset objects reloaded before import = 0
Number of asset objects unloaded after import = 8
========================================================================
Received Import Request.
  Time since last request: 0.000038 seconds.
  path: Assets/JejumokGwana/Meshes/Building_Walls/SM_WallSetC.fbx
  artifactKey: Guid(ad691dfad20dfda4d92a67adf8ecea17) Importer(2089858483,0ecaa5967403d082aa24f35e1b516d23)
Start importing Assets/JejumokGwana/Meshes/Building_Walls/SM_WallSetC.fbx using Guid(ad691dfad20dfda4d92a67adf8ecea17) Importer(2089858483,0ecaa5967403d082aa24f35e1b516d23) Generated GUIDs only implemented for interfaces!
 -> (artifact id: '9f31a0d4afea64beb3a2d13e0def0aff') in 0.103733 seconds
Number of updated asset objects reloaded before import = 0
Number of asset objects unloaded after import = 7
========================================================================
Received Import Request.
  Time since last request: 0.000157 seconds.
  path: Assets/JejumokGwana/Materials/M_Signages 9.mat
  artifactKey: Guid(073096547bd9ba84eb4406030d8f14a9) Importer(2089858483,0ecaa5967403d082aa24f35e1b516d23)
Start importing Assets/JejumokGwana/Materials/M_Signages 9.mat using Guid(073096547bd9ba84eb4406030d8f14a9) Importer(2089858483,0ecaa5967403d082aa24f35e1b516d23) Generated GUIDs only implemented for interfaces!
 -> (artifact id: '2be1c92d6b91673009ba1cce21f5b38b') in 0.050288 seconds
Number of updated asset objects reloaded before import = 0
Number of asset objects unloaded after import = 2
========================================================================
Received Import Request.
  Time since last request: 0.004221 seconds.
  path: Assets/JejumokGwana/Meshes/Floors/SM_Floor_Wood.fbx
  artifactKey: Guid(fbf2fb0b6c474fd42b772734efc972ed) Importer(2089858483,0ecaa5967403d082aa24f35e1b516d23)
Start importing Assets/JejumokGwana/Meshes/Floors/SM_Floor_Wood.fbx using Guid(fbf2fb0b6c474fd42b772734efc972ed) Importer(2089858483,0ecaa5967403d082aa24f35e1b516d23) Generated GUIDs only implemented for interfaces!
 -> (artifact id: '3b12f3e5b83402333b167f987395c260') in 0.073283 seconds
Number of updated asset objects reloaded before import = 0
Number of asset objects unloaded after import = 7
Editor requested this worker to shutdown with reason: balancing worker count downwards
TcpMessagingSession - receive error: operation aborted. errorcode: 995, details: The I/O operation has been aborted because of either a thread exit or an application request.
AssetImportWorker is now disconnected from the server
Process exiting
Exiting without the bug reporter. Application will terminate with return code 0