Using pre-set license
Built from '2022.3/staging' branch; Version is '2022.3.17f1 (4fc78088f837) revision 5228416'; Using compiler version '192829333'; Build Type 'Release'
OS: 'Windows 11  (10.0.26100) 64bit Professional' Language: 'en' Physical Memory: 16159 MB
BatchMode: 1, IsHumanControllingUs: 0, StartBugReporterOnCrash: 0, Is64bit: 1, IsPro: 1

COMMAND LINE ARGUMENTS:
D:\2022.3.17f1\Editor\Unity.exe
-adb2
-batchMode
-noUpm
-name
AssetImportWorker6
-projectPath
D:/IM ESLSCA UNIVERSITY/Game Design and Development/Final Project
-logFile
Logs/AssetImportWorker6.log
-srvPort
53480
Successfully changed project path to: D:/IM ESLSCA UNIVERSITY/Game Design and Development/Final Project
D:/IM ESLSCA UNIVERSITY/Game Design and Development/Final Project
[UnityMemory] Configuration Parameters - Can be set up in boot.config
    "memorysetup-bucket-allocator-granularity=16"
    "memorysetup-bucket-allocator-bucket-count=8"
    "memorysetup-bucket-allocator-block-size=33554432"
    "memorysetup-bucket-allocator-block-count=8"
    "memorysetup-main-allocator-block-size=16777216"
    "memorysetup-thread-allocator-block-size=16777216"
    "memorysetup-gfx-main-allocator-block-size=16777216"
    "memorysetup-gfx-thread-allocator-block-size=16777216"
    "memorysetup-cache-allocator-block-size=4194304"
    "memorysetup-typetree-allocator-block-size=2097152"
    "memorysetup-profiler-bucket-allocator-granularity=16"
    "memorysetup-profiler-bucket-allocator-bucket-count=8"
    "memorysetup-profiler-bucket-allocator-block-size=33554432"
    "memorysetup-profiler-bucket-allocator-block-count=8"
    "memorysetup-profiler-allocator-block-size=16777216"
    "memorysetup-profiler-editor-allocator-block-size=1048576"
    "memorysetup-temp-allocator-size-main=16777216"
    "memorysetup-job-temp-allocator-block-size=2097152"
    "memorysetup-job-temp-allocator-block-size-background=1048576"
    "memorysetup-job-temp-allocator-reduction-small-platforms=262144"
    "memorysetup-allocator-temp-initial-block-size-main=262144"
    "memorysetup-allocator-temp-initial-block-size-worker=262144"
    "memorysetup-temp-allocator-size-background-worker=32768"
    "memorysetup-temp-allocator-size-job-worker=262144"
    "memorysetup-temp-allocator-size-preload-manager=33554432"
    "memorysetup-temp-allocator-size-nav-mesh-worker=65536"
    "memorysetup-temp-allocator-size-audio-worker=65536"
    "memorysetup-temp-allocator-size-cloud-worker=32768"
    "memorysetup-temp-allocator-size-gi-baking-worker=262144"
    "memorysetup-temp-allocator-size-gfx=262144"
Player connection [23356] Host "[IP] 172.20.10.5 [Port] 0 [Flags] 2 [Guid] 2726139958 [EditorId] 2726139958 [Version] 1048832 [Id] WindowsEditor(7,MOHAMEDIAD) [Debug] 1 [PackageName] WindowsEditor [ProjectName] Editor" joined multi-casting on [225.0.0.222:54997]...

Player connection [23356] Host "[IP] 172.20.10.5 [Port] 0 [Flags] 2 [Guid] 2726139958 [EditorId] 2726139958 [Version] 1048832 [Id] WindowsEditor(7,MOHAMEDIAD) [Debug] 1 [PackageName] WindowsEditor [ProjectName] Editor" joined alternative multi-casting on [225.0.0.222:34997]...

[Physics::Module] Initialized MultithreadedJobDispatcher with 11 workers.
Refreshing native plugins compatible for Editor in 20.73 ms, found 3 plugins.
Preloading 0 native plugins for Editor in 0.00 ms.
Initialize engine version: 2022.3.17f1 (4fc78088f837)
[Subsystems] Discovering subsystems at path D:/2022.3.17f1/Editor/Data/Resources/UnitySubsystems
[Subsystems] Discovering subsystems at path D:/IM ESLSCA UNIVERSITY/Game Design and Development/Final Project/Assets
GfxDevice: creating device client; threaded=0; jobified=0
Direct3D:
    Version:  Direct3D 11.0 [level 11.1]
    Renderer: NVIDIA GeForce GTX 1650 (ID=0x1f9d)
    Vendor:   NVIDIA
    VRAM:     3937 MB
    Driver:   32.0.15.6636
Initialize mono
Mono path[0] = 'D:/2022.3.17f1/Editor/Data/Managed'
Mono path[1] = 'D:/2022.3.17f1/Editor/Data/MonoBleedingEdge/lib/mono/unityjit-win32'
Mono config path = 'D:/2022.3.17f1/Editor/Data/MonoBleedingEdge/etc'
Using monoOptions --debugger-agent=transport=dt_socket,embedding=1,server=y,suspend=n,address=127.0.0.1:56180
Begin MonoManager ReloadAssembly
Registering precompiled unity dll's ...
Register platform support module: D:/2022.3.17f1/Editor/Data/PlaybackEngines/AndroidPlayer/UnityEditor.Android.Extensions.dll
Register platform support module: D:/2022.3.17f1/Editor/Data/PlaybackEngines/WindowsStandaloneSupport/UnityEditor.WindowsStandalone.Extensions.dll
Registered in 0.009707 seconds.
- Loaded All Assemblies, in  1.100 seconds
Native extension for WindowsStandalone target not found
Native extension for Android target not found
Android Extension - Scanning For ADB Devices 1069 ms
Mono: successfully reloaded assembly
- Finished resetting the current domain, in  2.185 seconds
Domain Reload Profiling: 3293ms
	BeginReloadAssembly (346ms)
		ExecutionOrderSort (0ms)
		DisableScriptedObjects (0ms)
		BackupInstance (0ms)
		ReleaseScriptingObjects (0ms)
		CreateAndSetChildDomain (7ms)
	RebuildCommonClasses (113ms)
	RebuildNativeTypeToScriptingClass (39ms)
	initialDomainReloadingComplete (125ms)
	LoadAllAssembliesAndSetupDomain (477ms)
		LoadAssemblies (343ms)
		RebuildTransferFunctionScriptingTraits (0ms)
		AnalyzeDomain (466ms)
			TypeCache.Refresh (463ms)
				TypeCache.ScanAssembly (416ms)
			ScanForSourceGeneratedMonoScriptInfo (1ms)
			ResolveRequiredComponents (1ms)
	FinalizeReload (2194ms)
		ReleaseScriptCaches (0ms)
		RebuildScriptCaches (0ms)
		SetupLoadedEditorAssemblies (2020ms)
			LogAssemblyErrors (0ms)
			InitializePlatformSupportModulesInManaged (1413ms)
			SetLoadedEditorAssemblies (8ms)
			RefreshPlugins (0ms)
			BeforeProcessingInitializeOnLoad (5ms)
			ProcessInitializeOnLoadAttributes (390ms)
			ProcessInitializeOnLoadMethodAttributes (205ms)
			AfterProcessingInitializeOnLoad (0ms)
			EditorAssembliesLoaded (0ms)
		ExecutionOrderSort2 (0ms)
		AwakeInstancesAfterBackupRestoration (0ms)
========================================================================
Worker process is ready to serve import requests
Begin MonoManager ReloadAssembly
- Loaded All Assemblies, in  2.418 seconds
Refreshing native plugins compatible for Editor in 12.00 ms, found 3 plugins.
Native extension for WindowsStandalone target not found
Native extension for Android target not found
Mono: successfully reloaded assembly
- Finished resetting the current domain, in  2.426 seconds
Domain Reload Profiling: 4844ms
	BeginReloadAssembly (505ms)
		ExecutionOrderSort (0ms)
		DisableScriptedObjects (17ms)
		BackupInstance (0ms)
		ReleaseScriptingObjects (2ms)
		CreateAndSetChildDomain (61ms)
	RebuildCommonClasses (124ms)
	RebuildNativeTypeToScriptingClass (51ms)
	initialDomainReloadingComplete (142ms)
	LoadAllAssembliesAndSetupDomain (1595ms)
		LoadAssemblies (1192ms)
		RebuildTransferFunctionScriptingTraits (0ms)
		AnalyzeDomain (727ms)
			TypeCache.Refresh (635ms)
				TypeCache.ScanAssembly (572ms)
			ScanForSourceGeneratedMonoScriptInfo (62ms)
			ResolveRequiredComponents (27ms)
	FinalizeReload (2427ms)
		ReleaseScriptCaches (0ms)
		RebuildScriptCaches (0ms)
		SetupLoadedEditorAssemblies (1868ms)
			LogAssemblyErrors (0ms)
			InitializePlatformSupportModulesInManaged (48ms)
			SetLoadedEditorAssemblies (10ms)
			RefreshPlugins (0ms)
			BeforeProcessingInitializeOnLoad (169ms)
			ProcessInitializeOnLoadAttributes (1447ms)
			ProcessInitializeOnLoadMethodAttributes (185ms)
			AfterProcessingInitializeOnLoad (8ms)
			EditorAssembliesLoaded (1ms)
		ExecutionOrderSort2 (0ms)
		AwakeInstancesAfterBackupRestoration (17ms)
Launched and connected shader compiler UnityShaderCompiler.exe after 0.16 seconds
Refreshing native plugins compatible for Editor in 15.93 ms, found 3 plugins.
Preloading 0 native plugins for Editor in 0.00 ms.
Unloading 4942 Unused Serialized files (Serialized files now loaded: 0)
Unloading 63 unused Assets / (349.9 KB). Loaded Objects now: 5403.
Memory consumption went from 207.7 MB to 207.4 MB.
Total: 21.839400 ms (FindLiveObjects: 2.364400 ms CreateObjectMapping: 1.617600 ms MarkObjects: 17.482700 ms  DeleteObjects: 0.372400 ms)

AssetImportParameters requested are different than current active one (requested -> active):
  custom:container-demuxer-ogg: 62fdf1f143b41e24485cea50d1cbac27 -> 
  custom:video-decoder-ogg-theora: a1e56fd34408186e4bbccfd4996cb3dc -> 
  custom:framework-win-MediaFoundation: 216162199b28c13a410421893ffa2e32 -> 
  custom:CustomObjectIndexerAttribute: 62b5816608c3102f162a1797e29626cf -> 
  custom:container-demuxer-webm: 4f35f7cbe854078d1ac9338744f61a02 -> 
  custom:container-muxer-webm: aa71ff27fc2769a1b78a27578f13a17b -> 
  custom:video-decoder-webm-vp8: 9c59270c3fd7afecdb556c50c9e8de78 -> 
  custom:SearchIndexIgnoredProperties: e643bd26f0fe6173181afceb89e7c659 -> 
  custom:AudioImporter_EditorPlatform: d09bf68614088b80899f8185d706f6e7 -> 
  custom:video-encoder-webm-vp8: eb34c28f22e8b96e1ab97ce403110664 -> 
  custom:audio-decoder-ogg-vorbis: bf7c407c2cedff20999df2af8eb42d56 -> 
  custom:audio-encoder-webm-vorbis: bf7c407c2cedff20999df2af8eb42d56 -> 
========================================================================
Received Import Request.
  Time since last request: 520168.962374 seconds.
  path: Assets/JejumokGwana/Prefabs/Floors/Brick_03.prefab
  artifactKey: Guid(e235165855aca1e48b56cc7b68679686) Importer(2089858483,0ecaa5967403d082aa24f35e1b516d23)
Start importing Assets/JejumokGwana/Prefabs/Floors/Brick_03.prefab using Guid(e235165855aca1e48b56cc7b68679686) Importer(2089858483,0ecaa5967403d082aa24f35e1b516d23) Generated GUIDs only implemented for interfaces!
 -> (artifact id: '95e0c9eeac446bfc70daf7943197906d') in 1.347773 seconds
Number of updated asset objects reloaded before import = 0
Number of asset objects unloaded after import = 7
========================================================================
Received Import Request.
  Time since last request: 0.143749 seconds.
  path: Assets/JejumokGwana/Prefabs/Roof_Foundations/DancheongSetF.prefab
  artifactKey: Guid(7a19830cd1bcf98439a19bb7edef3a81) Importer(2089858483,0ecaa5967403d082aa24f35e1b516d23)
Start importing Assets/JejumokGwana/Prefabs/Roof_Foundations/DancheongSetF.prefab using Guid(7a19830cd1bcf98439a19bb7edef3a81) Importer(2089858483,0ecaa5967403d082aa24f35e1b516d23) Generated GUIDs only implemented for interfaces!
 -> (artifact id: 'bd8bb81d28f76ee2494e19d06d44706b') in 0.032576 seconds
Number of updated asset objects reloaded before import = 0
Number of asset objects unloaded after import = 7
========================================================================
Received Import Request.
  Time since last request: 0.149342 seconds.
  path: Assets/JejumokGwana/Prefabs/Roof_Foundations/StickA.prefab
  artifactKey: Guid(7b88ee843b5ac1c4a95846150c039b56) Importer(2089858483,0ecaa5967403d082aa24f35e1b516d23)
Start importing Assets/JejumokGwana/Prefabs/Roof_Foundations/StickA.prefab using Guid(7b88ee843b5ac1c4a95846150c039b56) Importer(2089858483,0ecaa5967403d082aa24f35e1b516d23) Generated GUIDs only implemented for interfaces!
 -> (artifact id: '8aee7ebe513fba31ec1a09c5190d4a61') in 0.035571 seconds
Number of updated asset objects reloaded before import = 0
Number of asset objects unloaded after import = 7
========================================================================
Received Import Request.
  Time since last request: 0.115456 seconds.
  path: Assets/JejumokGwana/Prefabs/Floors/Floor_Wood.prefab
  artifactKey: Guid(e24581a1e7febf74db632c9a0cf94088) Importer(2089858483,0ecaa5967403d082aa24f35e1b516d23)
Start importing Assets/JejumokGwana/Prefabs/Floors/Floor_Wood.prefab using Guid(e24581a1e7febf74db632c9a0cf94088) Importer(2089858483,0ecaa5967403d082aa24f35e1b516d23) Generated GUIDs only implemented for interfaces!
 -> (artifact id: '6c16afb550b334503759de0b533a1b5f') in 0.103550 seconds
Number of updated asset objects reloaded before import = 0
Number of asset objects unloaded after import = 7
========================================================================
Received Import Request.
  Time since last request: 0.069885 seconds.
  path: Assets/JejumokGwana/Prefabs/Roof_Foundations/StickF.prefab
  artifactKey: Guid(181284ade571ebc4d9f468adff28fc6a) Importer(2089858483,0ecaa5967403d082aa24f35e1b516d23)
Start importing Assets/JejumokGwana/Prefabs/Roof_Foundations/StickF.prefab using Guid(181284ade571ebc4d9f468adff28fc6a) Importer(2089858483,0ecaa5967403d082aa24f35e1b516d23) Generated GUIDs only implemented for interfaces!
 -> (artifact id: '0e65efcf88d82bed671644d5e9982b0e') in 0.068742 seconds
Number of updated asset objects reloaded before import = 0
Number of asset objects unloaded after import = 7
========================================================================
Received Import Request.
  Time since last request: 0.099439 seconds.
  path: Assets/JejumokGwana/Prefabs/Building_Pillars/RedPillarThinStone.prefab
  artifactKey: Guid(67851c792e877044184cac72c4e5af89) Importer(2089858483,3d70f49cd1c2eb9ae422958d1c652c6b)
Start importing Assets/JejumokGwana/Prefabs/Building_Pillars/RedPillarThinStone.prefab using Guid(67851c792e877044184cac72c4e5af89) Importer(2089858483,3d70f49cd1c2eb9ae422958d1c652c6b) Generated GUIDs only implemented for interfaces!
 -> (artifact id: '8d599080852a52322cd202fe10f77355') in 0.240274 seconds
Number of updated asset objects reloaded before import = 0
Number of asset objects unloaded after import = 9
========================================================================
Received Import Request.
  Time since last request: 0.150063 seconds.
  path: Assets/JejumokGwana/Textures/T_Wood_01_BC.PNG
  artifactKey: Guid(fcf9fd6139abd5e42bc8a86c729bf6bc) Importer(2089858483,0ecaa5967403d082aa24f35e1b516d23)
Start importing Assets/JejumokGwana/Textures/T_Wood_01_BC.PNG using Guid(fcf9fd6139abd5e42bc8a86c729bf6bc) Importer(2089858483,0ecaa5967403d082aa24f35e1b516d23) Generated GUIDs only implemented for interfaces!
 -> (artifact id: 'fcfd30745de9869eddf06a0636f7c299') in 0.654683 seconds
Number of updated asset objects reloaded before import = 0
Number of asset objects unloaded after import = 1
========================================================================
Received Import Request.
  Time since last request: 0.002103 seconds.
  path: Assets/JejumokGwana/Meshes/Building_Walls/SM_WallSetD.fbx
  artifactKey: Guid(841ab5cf1c22a2640b167f103a1afaec) Importer(2089858483,0ecaa5967403d082aa24f35e1b516d23)
Start importing Assets/JejumokGwana/Meshes/Building_Walls/SM_WallSetD.fbx using Guid(841ab5cf1c22a2640b167f103a1afaec) Importer(2089858483,0ecaa5967403d082aa24f35e1b516d23) Generated GUIDs only implemented for interfaces!
 -> (artifact id: '75990c98972ccd382cc4e1c9756046fa') in 0.110549 seconds
Number of updated asset objects reloaded before import = 0
Number of asset objects unloaded after import = 7
========================================================================
Received Import Request.
  Time since last request: 0.000763 seconds.
  path: Assets/JejumokGwana/Prefabs/Roof_Foundations/Dancheong_SetE.prefab
  artifactKey: Guid(caea26e2900ed0f4aa656cb921acfd84) Importer(2089858483,0ecaa5967403d082aa24f35e1b516d23)
Start importing Assets/JejumokGwana/Prefabs/Roof_Foundations/Dancheong_SetE.prefab using Guid(caea26e2900ed0f4aa656cb921acfd84) Importer(2089858483,0ecaa5967403d082aa24f35e1b516d23) Generated GUIDs only implemented for interfaces!
 -> (artifact id: '732615772d88fcd5cdd3b4a6d29e6612') in 0.044781 seconds
Number of updated asset objects reloaded before import = 0
Number of asset objects unloaded after import = 7
========================================================================
Received Import Request.
  Time since last request: 0.000724 seconds.
  path: Assets/JejumokGwana/Textures/T_Ground_02_BC.PNG
  artifactKey: Guid(4380eed2b081a9f45be26f672903a778) Importer(2089858483,0ecaa5967403d082aa24f35e1b516d23)
Start importing Assets/JejumokGwana/Textures/T_Ground_02_BC.PNG using Guid(4380eed2b081a9f45be26f672903a778) Importer(2089858483,0ecaa5967403d082aa24f35e1b516d23) Generated GUIDs only implemented for interfaces!
 -> (artifact id: 'e3fb0050aca2af56895308488b94faf4') in 0.124176 seconds
Number of updated asset objects reloaded before import = 0
Number of asset objects unloaded after import = 1
========================================================================
Received Import Request.
  Time since last request: 0.000057 seconds.
  path: Assets/JejumokGwana/Textures/T_Bricks_Stone_02_BC.PNG
  artifactKey: Guid(8323bcc37a315b347a44d68c51b3be29) Importer(2089858483,0ecaa5967403d082aa24f35e1b516d23)
Start importing Assets/JejumokGwana/Textures/T_Bricks_Stone_02_BC.PNG using Guid(8323bcc37a315b347a44d68c51b3be29) Importer(2089858483,0ecaa5967403d082aa24f35e1b516d23) Generated GUIDs only implemented for interfaces!
 -> (artifact id: 'e4eefcd07ffc8544f650890a1b42fe0e') in 0.069033 seconds
Number of updated asset objects reloaded before import = 0
Number of asset objects unloaded after import = 1
========================================================================
Received Import Request.
  Time since last request: 0.000532 seconds.
  path: Assets/JejumokGwana/Prefabs/Building_Pillars/StonePillar.prefab
  artifactKey: Guid(ce85038e28381c741b121581ef73f2dc) Importer(2089858483,3d70f49cd1c2eb9ae422958d1c652c6b)
Start importing Assets/JejumokGwana/Prefabs/Building_Pillars/StonePillar.prefab using Guid(ce85038e28381c741b121581ef73f2dc) Importer(2089858483,3d70f49cd1c2eb9ae422958d1c652c6b) Generated GUIDs only implemented for interfaces!
 -> (artifact id: '93cad421aa5ef725403062a504f51f3c') in 0.044647 seconds
Number of updated asset objects reloaded before import = 0
Number of asset objects unloaded after import = 8
========================================================================
Received Import Request.
  Time since last request: 0.000593 seconds.
  path: Assets/JejumokGwana/Textures/T_Wood_Pattern_06_N.PNG
  artifactKey: Guid(c9af898ea73d1c24fb787707a4af08f6) Importer(2089858483,0ecaa5967403d082aa24f35e1b516d23)
Start importing Assets/JejumokGwana/Textures/T_Wood_Pattern_06_N.PNG using Guid(c9af898ea73d1c24fb787707a4af08f6) Importer(2089858483,0ecaa5967403d082aa24f35e1b516d23) Generated GUIDs only implemented for interfaces!
 -> (artifact id: '1e33f54859ee489bf64499a7c42ee9a7') in 0.165827 seconds
Number of updated asset objects reloaded before import = 0
Number of asset objects unloaded after import = 1
========================================================================
Received Import Request.
  Time since last request: 0.004512 seconds.
  path: Assets/Character Pack/Texture/Materials/body_dif.mat
  artifactKey: Guid(b5ec4b24b44e7de48b7f59fd30d45634) Importer(2089858483,0ecaa5967403d082aa24f35e1b516d23)
Start importing Assets/Character Pack/Texture/Materials/body_dif.mat using Guid(b5ec4b24b44e7de48b7f59fd30d45634) Importer(2089858483,0ecaa5967403d082aa24f35e1b516d23) Generated GUIDs only implemented for interfaces!
 -> (artifact id: '8aa1786fad8953cfa2c1bf307cbf81f0') in 0.081571 seconds
Number of updated asset objects reloaded before import = 0
Number of asset objects unloaded after import = 2
========================================================================
Received Import Request.
  Time since last request: 0.000026 seconds.
  path: Assets/JejumokGwana/Prefabs/Roofs/Roof_07.prefab
  artifactKey: Guid(61e4e49f3606f954180452501ee90b66) Importer(2089858483,3d70f49cd1c2eb9ae422958d1c652c6b)
Start importing Assets/JejumokGwana/Prefabs/Roofs/Roof_07.prefab using Guid(61e4e49f3606f954180452501ee90b66) Importer(2089858483,3d70f49cd1c2eb9ae422958d1c652c6b) Generated GUIDs only implemented for interfaces!
 -> (artifact id: '272fb5c816c186df9bfeac1b35b0aeac') in 0.155006 seconds
Number of updated asset objects reloaded before import = 0
Number of asset objects unloaded after import = 16
Editor requested this worker to shutdown with reason: balancing worker count downwards
TcpMessagingSession - receive error: operation aborted. errorcode: 995, details: The I/O operation has been aborted because of either a thread exit or an application request.
AssetImportWorker is now disconnected from the server
Process exiting
Exiting without the bug reporter. Application will terminate with return code 0