Using pre-set license
Built from '2022.3/staging' branch; Version is '2022.3.17f1 (4fc78088f837) revision 5228416'; Using compiler version '192829333'; Build Type 'Release'
OS: 'Windows 11  (10.0.26100) 64bit Professional' Language: 'en' Physical Memory: 16159 MB
BatchMode: 1, IsHumanControllingUs: 0, StartBugReporterOnCrash: 0, Is64bit: 1, IsPro: 1

COMMAND LINE ARGUMENTS:
D:\2022.3.17f1\Editor\Unity.exe
-adb2
-batchMode
-noUpm
-name
AssetImportWorker9
-projectPath
D:/IM ESLSCA UNIVERSITY/Game Design and Development/Final Project
-logFile
Logs/AssetImportWorker9.log
-srvPort
53480
Successfully changed project path to: D:/IM ESLSCA UNIVERSITY/Game Design and Development/Final Project
D:/IM ESLSCA UNIVERSITY/Game Design and Development/Final Project
[UnityMemory] Configuration Parameters - Can be set up in boot.config
    "memorysetup-bucket-allocator-granularity=16"
    "memorysetup-bucket-allocator-bucket-count=8"
    "memorysetup-bucket-allocator-block-size=33554432"
    "memorysetup-bucket-allocator-block-count=8"
    "memorysetup-main-allocator-block-size=16777216"
    "memorysetup-thread-allocator-block-size=16777216"
    "memorysetup-gfx-main-allocator-block-size=16777216"
    "memorysetup-gfx-thread-allocator-block-size=16777216"
    "memorysetup-cache-allocator-block-size=4194304"
    "memorysetup-typetree-allocator-block-size=2097152"
    "memorysetup-profiler-bucket-allocator-granularity=16"
    "memorysetup-profiler-bucket-allocator-bucket-count=8"
    "memorysetup-profiler-bucket-allocator-block-size=33554432"
    "memorysetup-profiler-bucket-allocator-block-count=8"
    "memorysetup-profiler-allocator-block-size=16777216"
    "memorysetup-profiler-editor-allocator-block-size=1048576"
    "memorysetup-temp-allocator-size-main=16777216"
    "memorysetup-job-temp-allocator-block-size=2097152"
    "memorysetup-job-temp-allocator-block-size-background=1048576"
    "memorysetup-job-temp-allocator-reduction-small-platforms=262144"
    "memorysetup-allocator-temp-initial-block-size-main=262144"
    "memorysetup-allocator-temp-initial-block-size-worker=262144"
    "memorysetup-temp-allocator-size-background-worker=32768"
    "memorysetup-temp-allocator-size-job-worker=262144"
    "memorysetup-temp-allocator-size-preload-manager=33554432"
    "memorysetup-temp-allocator-size-nav-mesh-worker=65536"
    "memorysetup-temp-allocator-size-audio-worker=65536"
    "memorysetup-temp-allocator-size-cloud-worker=32768"
    "memorysetup-temp-allocator-size-gi-baking-worker=262144"
    "memorysetup-temp-allocator-size-gfx=262144"
Player connection [22244] Host "[IP] 172.20.10.5 [Port] 0 [Flags] 2 [Guid] 930322286 [EditorId] 930322286 [Version] 1048832 [Id] WindowsEditor(7,MOHAMEDIAD) [Debug] 1 [PackageName] WindowsEditor [ProjectName] Editor" joined multi-casting on [225.0.0.222:54997]...

Player connection [22244] Host "[IP] 172.20.10.5 [Port] 0 [Flags] 2 [Guid] 930322286 [EditorId] 930322286 [Version] 1048832 [Id] WindowsEditor(7,MOHAMEDIAD) [Debug] 1 [PackageName] WindowsEditor [ProjectName] Editor" joined alternative multi-casting on [225.0.0.222:34997]...

[Physics::Module] Initialized MultithreadedJobDispatcher with 11 workers.
Refreshing native plugins compatible for Editor in 21.41 ms, found 3 plugins.
Preloading 0 native plugins for Editor in 0.00 ms.
Initialize engine version: 2022.3.17f1 (4fc78088f837)
[Subsystems] Discovering subsystems at path D:/2022.3.17f1/Editor/Data/Resources/UnitySubsystems
[Subsystems] Discovering subsystems at path D:/IM ESLSCA UNIVERSITY/Game Design and Development/Final Project/Assets
GfxDevice: creating device client; threaded=0; jobified=0
Direct3D:
    Version:  Direct3D 11.0 [level 11.1]
    Renderer: NVIDIA GeForce GTX 1650 (ID=0x1f9d)
    Vendor:   NVIDIA
    VRAM:     3937 MB
    Driver:   32.0.15.6636
Initialize mono
Mono path[0] = 'D:/2022.3.17f1/Editor/Data/Managed'
Mono path[1] = 'D:/2022.3.17f1/Editor/Data/MonoBleedingEdge/lib/mono/unityjit-win32'
Mono config path = 'D:/2022.3.17f1/Editor/Data/MonoBleedingEdge/etc'
Using monoOptions --debugger-agent=transport=dt_socket,embedding=1,server=y,suspend=n,address=127.0.0.1:56088
Begin MonoManager ReloadAssembly
Registering precompiled unity dll's ...
Register platform support module: D:/2022.3.17f1/Editor/Data/PlaybackEngines/AndroidPlayer/UnityEditor.Android.Extensions.dll
Register platform support module: D:/2022.3.17f1/Editor/Data/PlaybackEngines/WindowsStandaloneSupport/UnityEditor.WindowsStandalone.Extensions.dll
Registered in 0.007989 seconds.
- Loaded All Assemblies, in  1.136 seconds
Native extension for WindowsStandalone target not found
Native extension for Android target not found
Android Extension - Scanning For ADB Devices 887 ms
Mono: successfully reloaded assembly
- Finished resetting the current domain, in  1.813 seconds
Domain Reload Profiling: 2949ms
	BeginReloadAssembly (392ms)
		ExecutionOrderSort (0ms)
		DisableScriptedObjects (0ms)
		BackupInstance (0ms)
		ReleaseScriptingObjects (0ms)
		CreateAndSetChildDomain (9ms)
	RebuildCommonClasses (105ms)
	RebuildNativeTypeToScriptingClass (29ms)
	initialDomainReloadingComplete (138ms)
	LoadAllAssembliesAndSetupDomain (471ms)
		LoadAssemblies (380ms)
		RebuildTransferFunctionScriptingTraits (0ms)
		AnalyzeDomain (463ms)
			TypeCache.Refresh (459ms)
				TypeCache.ScanAssembly (413ms)
			ScanForSourceGeneratedMonoScriptInfo (1ms)
			ResolveRequiredComponents (1ms)
	FinalizeReload (1814ms)
		ReleaseScriptCaches (0ms)
		RebuildScriptCaches (0ms)
		SetupLoadedEditorAssemblies (1663ms)
			LogAssemblyErrors (0ms)
			InitializePlatformSupportModulesInManaged (1220ms)
			SetLoadedEditorAssemblies (8ms)
			RefreshPlugins (0ms)
			BeforeProcessingInitializeOnLoad (4ms)
			ProcessInitializeOnLoadAttributes (294ms)
			ProcessInitializeOnLoadMethodAttributes (136ms)
			AfterProcessingInitializeOnLoad (0ms)
			EditorAssembliesLoaded (0ms)
		ExecutionOrderSort2 (0ms)
		AwakeInstancesAfterBackupRestoration (0ms)
========================================================================
Worker process is ready to serve import requests
Begin MonoManager ReloadAssembly
- Loaded All Assemblies, in  2.574 seconds
Refreshing native plugins compatible for Editor in 11.00 ms, found 3 plugins.
Native extension for WindowsStandalone target not found
Native extension for Android target not found
Mono: successfully reloaded assembly
- Finished resetting the current domain, in  2.504 seconds
Domain Reload Profiling: 5082ms
	BeginReloadAssembly (500ms)
		ExecutionOrderSort (0ms)
		DisableScriptedObjects (14ms)
		BackupInstance (0ms)
		ReleaseScriptingObjects (0ms)
		CreateAndSetChildDomain (58ms)
	RebuildCommonClasses (112ms)
	RebuildNativeTypeToScriptingClass (27ms)
	initialDomainReloadingComplete (125ms)
	LoadAllAssembliesAndSetupDomain (1813ms)
		LoadAssemblies (1235ms)
		RebuildTransferFunctionScriptingTraits (0ms)
		AnalyzeDomain (901ms)
			TypeCache.Refresh (785ms)
				TypeCache.ScanAssembly (732ms)
			ScanForSourceGeneratedMonoScriptInfo (83ms)
			ResolveRequiredComponents (30ms)
	FinalizeReload (2506ms)
		ReleaseScriptCaches (0ms)
		RebuildScriptCaches (0ms)
		SetupLoadedEditorAssemblies (1961ms)
			LogAssemblyErrors (0ms)
			InitializePlatformSupportModulesInManaged (48ms)
			SetLoadedEditorAssemblies (9ms)
			RefreshPlugins (0ms)
			BeforeProcessingInitializeOnLoad (150ms)
			ProcessInitializeOnLoadAttributes (1567ms)
			ProcessInitializeOnLoadMethodAttributes (183ms)
			AfterProcessingInitializeOnLoad (4ms)
			EditorAssembliesLoaded (0ms)
		ExecutionOrderSort2 (0ms)
		AwakeInstancesAfterBackupRestoration (21ms)
Launched and connected shader compiler UnityShaderCompiler.exe after 0.55 seconds
Refreshing native plugins compatible for Editor in 7.38 ms, found 3 plugins.
Preloading 0 native plugins for Editor in 0.00 ms.
Unloading 4942 Unused Serialized files (Serialized files now loaded: 0)
Unloading 63 unused Assets / (349.6 KB). Loaded Objects now: 5403.
Memory consumption went from 207.6 MB to 207.3 MB.
Total: 7.817100 ms (FindLiveObjects: 0.642500 ms CreateObjectMapping: 0.760100 ms MarkObjects: 5.710900 ms  DeleteObjects: 0.701200 ms)

AssetImportParameters requested are different than current active one (requested -> active):
  custom:container-demuxer-ogg: 62fdf1f143b41e24485cea50d1cbac27 -> 
  custom:video-decoder-ogg-theora: a1e56fd34408186e4bbccfd4996cb3dc -> 
  custom:framework-win-MediaFoundation: 216162199b28c13a410421893ffa2e32 -> 
  custom:CustomObjectIndexerAttribute: 62b5816608c3102f162a1797e29626cf -> 
  custom:container-demuxer-webm: 4f35f7cbe854078d1ac9338744f61a02 -> 
  custom:container-muxer-webm: aa71ff27fc2769a1b78a27578f13a17b -> 
  custom:video-decoder-webm-vp8: 9c59270c3fd7afecdb556c50c9e8de78 -> 
  custom:SearchIndexIgnoredProperties: e643bd26f0fe6173181afceb89e7c659 -> 
  custom:AudioImporter_EditorPlatform: d09bf68614088b80899f8185d706f6e7 -> 
  custom:video-encoder-webm-vp8: eb34c28f22e8b96e1ab97ce403110664 -> 
  custom:audio-decoder-ogg-vorbis: bf7c407c2cedff20999df2af8eb42d56 -> 
  custom:audio-encoder-webm-vorbis: bf7c407c2cedff20999df2af8eb42d56 -> 
========================================================================
Received Import Request.
  Time since last request: 520169.829017 seconds.
  path: Assets/JejumokGwana/Prefabs/Roofs/Roof_07.prefab
  artifactKey: Guid(61e4e49f3606f954180452501ee90b66) Importer(2089858483,0ecaa5967403d082aa24f35e1b516d23)
Start importing Assets/JejumokGwana/Prefabs/Roofs/Roof_07.prefab using Guid(61e4e49f3606f954180452501ee90b66) Importer(2089858483,0ecaa5967403d082aa24f35e1b516d23) Generated GUIDs only implemented for interfaces!
 -> (artifact id: '4796632971e5309d00264ec2472f89ac') in 2.369091 seconds
Number of updated asset objects reloaded before import = 0
Number of asset objects unloaded after import = 7
========================================================================
Received Import Request.
  Time since last request: 0.000057 seconds.
  path: Assets/JejumokGwana/Prefabs/Buildings/Chungdaemun.prefab
  artifactKey: Guid(132fdfc6e724a49459d8ec004b941916) Importer(2089858483,3d70f49cd1c2eb9ae422958d1c652c6b)
Start importing Assets/JejumokGwana/Prefabs/Buildings/Chungdaemun.prefab using Guid(132fdfc6e724a49459d8ec004b941916) Importer(2089858483,3d70f49cd1c2eb9ae422958d1c652c6b) Generated GUIDs only implemented for interfaces!
 -> (artifact id: 'e05b311824704eb00d23ef4b04e02965') in 0.248315 seconds
Number of updated asset objects reloaded before import = 0
Number of asset objects unloaded after import = 301
========================================================================
Received Import Request.
  Time since last request: 0.000036 seconds.
  path: Assets/JejumokGwana/Prefabs/Building_Walls/OuterWall_Door.prefab
  artifactKey: Guid(a43d03c255d79364f8642c77ae1befe7) Importer(2089858483,0ecaa5967403d082aa24f35e1b516d23)
Start importing Assets/JejumokGwana/Prefabs/Building_Walls/OuterWall_Door.prefab using Guid(a43d03c255d79364f8642c77ae1befe7) Importer(2089858483,0ecaa5967403d082aa24f35e1b516d23) Generated GUIDs only implemented for interfaces!
 -> (artifact id: 'f7e86da7c6116b1a580d566bfa44193b') in 0.048081 seconds
Number of updated asset objects reloaded before import = 0
Number of asset objects unloaded after import = 7
========================================================================
Received Import Request.
  Time since last request: 0.015594 seconds.
  path: Assets/JejumokGwana/Materials/M_Wood_Pattern_04.mat
  artifactKey: Guid(ec917c06188871c498eb5ba6f6b6a98e) Importer(2089858483,0ecaa5967403d082aa24f35e1b516d23)
Start importing Assets/JejumokGwana/Materials/M_Wood_Pattern_04.mat using Guid(ec917c06188871c498eb5ba6f6b6a98e) Importer(2089858483,0ecaa5967403d082aa24f35e1b516d23) Generated GUIDs only implemented for interfaces!
 -> (artifact id: '2f9f34161a9b0d7bae3abe8ef94f0725') in 0.122858 seconds
Number of updated asset objects reloaded before import = 0
Number of asset objects unloaded after import = 3
========================================================================
Received Import Request.
  Time since last request: 0.000041 seconds.
  path: Assets/JejumokGwana/Prefabs/Buildings/Wooryeondang.prefab
  artifactKey: Guid(2dfd44ad77664c543a9b1e209eb44466) Importer(2089858483,3d70f49cd1c2eb9ae422958d1c652c6b)
Start importing Assets/JejumokGwana/Prefabs/Buildings/Wooryeondang.prefab using Guid(2dfd44ad77664c543a9b1e209eb44466) Importer(2089858483,3d70f49cd1c2eb9ae422958d1c652c6b) Generated GUIDs only implemented for interfaces!
 -> (artifact id: '3124fe79f4511f2c344047718804fe53') in 0.457798 seconds
Number of updated asset objects reloaded before import = 0
Number of asset objects unloaded after import = 783
========================================================================
Received Import Request.
  Time since last request: 0.000071 seconds.
  path: Assets/JejumokGwana/Meshes/Decoration/SM_Lamps_Lamps.fbx
  artifactKey: Guid(43ca59dd218f21949af34aab958e35d5) Importer(2089858483,0ecaa5967403d082aa24f35e1b516d23)
Start importing Assets/JejumokGwana/Meshes/Decoration/SM_Lamps_Lamps.fbx using Guid(43ca59dd218f21949af34aab958e35d5) Importer(2089858483,0ecaa5967403d082aa24f35e1b516d23) Generated GUIDs only implemented for interfaces!
 -> (artifact id: '229159255fc7ce3a165bd7fa8f225b43') in 0.139082 seconds
Number of updated asset objects reloaded before import = 0
Number of asset objects unloaded after import = 7
========================================================================
Received Import Request.
  Time since last request: 3.155215 seconds.
  path: Assets/JejumokGwana/Materials/M_Ground_02.mat
  artifactKey: Guid(cadb1b37d41e2f54498671800875c7c5) Importer(2089858483,0ecaa5967403d082aa24f35e1b516d23)
Start importing Assets/JejumokGwana/Materials/M_Ground_02.mat using Guid(cadb1b37d41e2f54498671800875c7c5) Importer(2089858483,0ecaa5967403d082aa24f35e1b516d23) Generated GUIDs only implemented for interfaces!
 -> (artifact id: 'ed6128ebce376754e43e4efde83e16ce') in 0.097619 seconds
Number of updated asset objects reloaded before import = 0
Number of asset objects unloaded after import = 3
========================================================================
Received Import Request.
  Time since last request: 0.000036 seconds.
  path: Assets/JejumokGwana/Materials/M_Door_02.mat
  artifactKey: Guid(18be59ae69680514f8a75c92f8535a06) Importer(2089858483,0ecaa5967403d082aa24f35e1b516d23)
Start importing Assets/JejumokGwana/Materials/M_Door_02.mat using Guid(18be59ae69680514f8a75c92f8535a06) Importer(2089858483,0ecaa5967403d082aa24f35e1b516d23) Generated GUIDs only implemented for interfaces!
 -> (artifact id: '68836701b3df0a56f1326427981577d7') in 0.078405 seconds
Number of updated asset objects reloaded before import = 0
Number of asset objects unloaded after import = 4
========================================================================
Received Import Request.
  Time since last request: 0.000086 seconds.
  path: Assets/JejumokGwana/Materials/M_Wood_Pattern_24.mat
  artifactKey: Guid(39a16bb52e6af7348acd3437b122c848) Importer(2089858483,0ecaa5967403d082aa24f35e1b516d23)
Start importing Assets/JejumokGwana/Materials/M_Wood_Pattern_24.mat using Guid(39a16bb52e6af7348acd3437b122c848) Importer(2089858483,0ecaa5967403d082aa24f35e1b516d23) Generated GUIDs only implemented for interfaces!
 -> (artifact id: '0706acef86e9a2cf3fdc8d91647a4efb') in 0.085931 seconds
Number of updated asset objects reloaded before import = 0
Number of asset objects unloaded after import = 3
========================================================================
Received Import Request.
  Time since last request: 0.000033 seconds.
  path: Assets/JejumokGwana/Materials/M_Ground_06.mat
  artifactKey: Guid(c6b8da167c87faa489d9d38e9f2aad26) Importer(2089858483,0ecaa5967403d082aa24f35e1b516d23)
Start importing Assets/JejumokGwana/Materials/M_Ground_06.mat using Guid(c6b8da167c87faa489d9d38e9f2aad26) Importer(2089858483,0ecaa5967403d082aa24f35e1b516d23) Generated GUIDs only implemented for interfaces!
 -> (artifact id: '53372380025b8c754a5b35c2cf874f5a') in 0.106686 seconds
Number of updated asset objects reloaded before import = 0
Number of asset objects unloaded after import = 3
========================================================================
Received Import Request.
  Time since last request: 0.000032 seconds.
  path: Assets/JejumokGwana/Materials/M_Wood_06.mat
  artifactKey: Guid(3aa4b672205c1ab47b714dd4e618bd2f) Importer(2089858483,0ecaa5967403d082aa24f35e1b516d23)
Start importing Assets/JejumokGwana/Materials/M_Wood_06.mat using Guid(3aa4b672205c1ab47b714dd4e618bd2f) Importer(2089858483,0ecaa5967403d082aa24f35e1b516d23) Generated GUIDs only implemented for interfaces!
 -> (artifact id: '1d5fd35f055dc2d05844e9dca82e0567') in 0.051214 seconds
Number of updated asset objects reloaded before import = 0
Number of asset objects unloaded after import = 3
========================================================================
Received Import Request.
  Time since last request: 0.000028 seconds.
  path: Assets/JejumokGwana/Materials/M_Signages 11.mat
  artifactKey: Guid(2094ef86a371302469267852e6a4a7b1) Importer(2089858483,0ecaa5967403d082aa24f35e1b516d23)
Start importing Assets/JejumokGwana/Materials/M_Signages 11.mat using Guid(2094ef86a371302469267852e6a4a7b1) Importer(2089858483,0ecaa5967403d082aa24f35e1b516d23) Generated GUIDs only implemented for interfaces!
 -> (artifact id: '7197f4efeac16bf63e62241e8e19268a') in 0.034288 seconds
Number of updated asset objects reloaded before import = 0
Number of asset objects unloaded after import = 2
========================================================================
Received Import Request.
  Time since last request: 0.000023 seconds.
  path: Assets/JejumokGwana/Materials/M_Wood_Pattern_11.mat
  artifactKey: Guid(b58677197968f7a4b843c4f201b669f1) Importer(2089858483,0ecaa5967403d082aa24f35e1b516d23)
Start importing Assets/JejumokGwana/Materials/M_Wood_Pattern_11.mat using Guid(b58677197968f7a4b843c4f201b669f1) Importer(2089858483,0ecaa5967403d082aa24f35e1b516d23) Generated GUIDs only implemented for interfaces!
 -> (artifact id: 'ce9efa8688e9744e7e47e312371404dd') in 0.052130 seconds
Number of updated asset objects reloaded before import = 0
Number of asset objects unloaded after import = 3
========================================================================
Received Import Request.
  Time since last request: 0.000020 seconds.
  path: Assets/JejumokGwana/Materials/M_Wood_Pattern_27.mat
  artifactKey: Guid(7bfa4b90f41ccf14fbee29b7d86ce2c1) Importer(2089858483,0ecaa5967403d082aa24f35e1b516d23)
Start importing Assets/JejumokGwana/Materials/M_Wood_Pattern_27.mat using Guid(7bfa4b90f41ccf14fbee29b7d86ce2c1) Importer(2089858483,0ecaa5967403d082aa24f35e1b516d23) Generated GUIDs only implemented for interfaces!
 -> (artifact id: 'f21f3851f6767240541095e3fccf511f') in 0.067770 seconds
Number of updated asset objects reloaded before import = 0
Number of asset objects unloaded after import = 3
========================================================================
Received Import Request.
  Time since last request: 0.000140 seconds.
  path: Assets/JejumokGwana/Materials/M_Concrete_Light.mat
  artifactKey: Guid(b193e06f50d025840ab138011e89e19b) Importer(2089858483,0ecaa5967403d082aa24f35e1b516d23)
Start importing Assets/JejumokGwana/Materials/M_Concrete_Light.mat using Guid(b193e06f50d025840ab138011e89e19b) Importer(2089858483,0ecaa5967403d082aa24f35e1b516d23) Generated GUIDs only implemented for interfaces!
 -> (artifact id: 'a69934a1bef2cceb7a03a5f176a19245') in 0.039348 seconds
Number of updated asset objects reloaded before import = 0
Number of asset objects unloaded after import = 4
========================================================================
Received Import Request.
  Time since last request: 0.000025 seconds.
  path: Assets/JejumokGwana/Materials/M_Wood_01.mat
  artifactKey: Guid(f0dc39f531d9c6441979d4559472f03d) Importer(2089858483,0ecaa5967403d082aa24f35e1b516d23)
Start importing Assets/JejumokGwana/Materials/M_Wood_01.mat using Guid(f0dc39f531d9c6441979d4559472f03d) Importer(2089858483,0ecaa5967403d082aa24f35e1b516d23) Generated GUIDs only implemented for interfaces!
 -> (artifact id: '9b28de9505f3b95eba9040ead202abb8') in 0.089522 seconds
Number of updated asset objects reloaded before import = 0
Number of asset objects unloaded after import = 3
========================================================================
Received Import Request.
  Time since last request: 0.000064 seconds.
  path: Assets/JejumokGwana/Materials/M_Wood_Pattern_09.mat
  artifactKey: Guid(e9f697fa6820d6e4cbc84ed20491e64f) Importer(2089858483,0ecaa5967403d082aa24f35e1b516d23)
Start importing Assets/JejumokGwana/Materials/M_Wood_Pattern_09.mat using Guid(e9f697fa6820d6e4cbc84ed20491e64f) Importer(2089858483,0ecaa5967403d082aa24f35e1b516d23) Generated GUIDs only implemented for interfaces!
 -> (artifact id: 'e5ec81be625bab7f725b1e8ae89e38e1') in 0.062076 seconds
Number of updated asset objects reloaded before import = 0
Number of asset objects unloaded after import = 3
========================================================================
Received Import Request.
  Time since last request: 0.000018 seconds.
  path: Assets/JejumokGwana/Materials/M_Concretes_White.mat
  artifactKey: Guid(a91f91192b79ba349ae0ff8d4a08689b) Importer(2089858483,0ecaa5967403d082aa24f35e1b516d23)
Start importing Assets/JejumokGwana/Materials/M_Concretes_White.mat using Guid(a91f91192b79ba349ae0ff8d4a08689b) Importer(2089858483,0ecaa5967403d082aa24f35e1b516d23) Generated GUIDs only implemented for interfaces!
 -> (artifact id: '80f90b9b526a1cd8ac21dd95da5c05f7') in 0.115372 seconds
Number of updated asset objects reloaded before import = 0
Number of asset objects unloaded after import = 4
========================================================================
Received Import Request.
  Time since last request: 0.000071 seconds.
  path: Assets/JejumokGwana/Materials/M_Wood_Pattern_29.mat
  artifactKey: Guid(cf1506b35cb2e1449b539dee09d65109) Importer(2089858483,0ecaa5967403d082aa24f35e1b516d23)
Start importing Assets/JejumokGwana/Materials/M_Wood_Pattern_29.mat using Guid(cf1506b35cb2e1449b539dee09d65109) Importer(2089858483,0ecaa5967403d082aa24f35e1b516d23) Generated GUIDs only implemented for interfaces!
 -> (artifact id: 'd7fef9554ea4db697ac45efd9c7c1a6e') in 0.073136 seconds
Number of updated asset objects reloaded before import = 0
Number of asset objects unloaded after import = 3
========================================================================
Received Import Request.
  Time since last request: 0.000036 seconds.
  path: Assets/JejumokGwana/Materials/M_Roof_04.mat
  artifactKey: Guid(caba6d0af9177424e9742f293afc7862) Importer(2089858483,0ecaa5967403d082aa24f35e1b516d23)
Start importing Assets/JejumokGwana/Materials/M_Roof_04.mat using Guid(caba6d0af9177424e9742f293afc7862) Importer(2089858483,0ecaa5967403d082aa24f35e1b516d23) Generated GUIDs only implemented for interfaces!
 -> (artifact id: '21c3fe5a014956afd9a19686f158b399') in 0.039411 seconds
Number of updated asset objects reloaded before import = 0
Number of asset objects unloaded after import = 3
========================================================================
Received Import Request.
  Time since last request: 0.000030 seconds.
  path: Assets/JejumokGwana/Materials/M_Roof_03.mat
  artifactKey: Guid(02d44df21de7e934a8010635b0223e45) Importer(2089858483,0ecaa5967403d082aa24f35e1b516d23)
Start importing Assets/JejumokGwana/Materials/M_Roof_03.mat using Guid(02d44df21de7e934a8010635b0223e45) Importer(2089858483,0ecaa5967403d082aa24f35e1b516d23) Generated GUIDs only implemented for interfaces!
 -> (artifact id: 'ec150685503cbce6036e252a288f5101') in 0.084550 seconds
Number of updated asset objects reloaded before import = 0
Number of asset objects unloaded after import = 3
========================================================================
Received Import Request.
  Time since last request: 0.000031 seconds.
  path: Assets/JejumokGwana/Materials/M_Wood_Pattern_08.mat
  artifactKey: Guid(bf341581fcf8c5e4eb3e873b54f97bcb) Importer(2089858483,0ecaa5967403d082aa24f35e1b516d23)
Start importing Assets/JejumokGwana/Materials/M_Wood_Pattern_08.mat using Guid(bf341581fcf8c5e4eb3e873b54f97bcb) Importer(2089858483,0ecaa5967403d082aa24f35e1b516d23) Generated GUIDs only implemented for interfaces!
 -> (artifact id: 'd4ac80d98706cf1d6a711d514f0c4692') in 0.033979 seconds
Number of updated asset objects reloaded before import = 0
Number of asset objects unloaded after import = 3
========================================================================
Received Import Request.
  Time since last request: 0.000023 seconds.
  path: Assets/JejumokGwana/Materials/M_Bricks_Stone_03.mat
  artifactKey: Guid(3c8a452379528fa498003307907fdbd0) Importer(2089858483,0ecaa5967403d082aa24f35e1b516d23)
Start importing Assets/JejumokGwana/Materials/M_Bricks_Stone_03.mat using Guid(3c8a452379528fa498003307907fdbd0) Importer(2089858483,0ecaa5967403d082aa24f35e1b516d23) Generated GUIDs only implemented for interfaces!
 -> (artifact id: '98702a3c24fff37477f0a507c08ae1b3') in 0.034720 seconds
Number of updated asset objects reloaded before import = 0
Number of asset objects unloaded after import = 4
========================================================================
Received Import Request.
  Time since last request: 0.000025 seconds.
  path: Assets/JejumokGwana/Materials/M_Wood_Pattern_19.mat
  artifactKey: Guid(f75c2bb4963cf9c4e848fb09548f457b) Importer(2089858483,0ecaa5967403d082aa24f35e1b516d23)
Start importing Assets/JejumokGwana/Materials/M_Wood_Pattern_19.mat using Guid(f75c2bb4963cf9c4e848fb09548f457b) Importer(2089858483,0ecaa5967403d082aa24f35e1b516d23) Generated GUIDs only implemented for interfaces!
 -> (artifact id: '73374172360e51b117c27f68b32d50d7') in 0.058492 seconds
Number of updated asset objects reloaded before import = 0
Number of asset objects unloaded after import = 3
========================================================================
Received Import Request.
  Time since last request: 0.000039 seconds.
  path: Assets/JejumokGwana/Materials/M_Wood_Pattern_30.mat
  artifactKey: Guid(7864a45de6ab2154fb0216252993545e) Importer(2089858483,0ecaa5967403d082aa24f35e1b516d23)
Start importing Assets/JejumokGwana/Materials/M_Wood_Pattern_30.mat using Guid(7864a45de6ab2154fb0216252993545e) Importer(2089858483,0ecaa5967403d082aa24f35e1b516d23) Generated GUIDs only implemented for interfaces!
 -> (artifact id: 'af5346f67979d7f0fcc9c342550493b0') in 0.056614 seconds
Number of updated asset objects reloaded before import = 0
Number of asset objects unloaded after import = 3
========================================================================
Received Import Request.
  Time since last request: 0.000058 seconds.
  path: Assets/JejumokGwana/Materials/M_Wood_Pattern_04.mat
  artifactKey: Guid(ec917c06188871c498eb5ba6f6b6a98e) Importer(2089858483,0ecaa5967403d082aa24f35e1b516d23)
Start importing Assets/JejumokGwana/Materials/M_Wood_Pattern_04.mat using Guid(ec917c06188871c498eb5ba6f6b6a98e) Importer(2089858483,0ecaa5967403d082aa24f35e1b516d23) Generated GUIDs only implemented for interfaces!
 -> (artifact id: '6c892b982e65bc8859ca2eafc9a91fef') in 0.025887 seconds
Number of updated asset objects reloaded before import = 0
Number of asset objects unloaded after import = 3
========================================================================
Received Import Request.
  Time since last request: 0.000024 seconds.
  path: Assets/JejumokGwana/Materials/M_Signages 3.mat
  artifactKey: Guid(67b9730a169e33f4fbd7457111a5e88f) Importer(2089858483,0ecaa5967403d082aa24f35e1b516d23)
Start importing Assets/JejumokGwana/Materials/M_Signages 3.mat using Guid(67b9730a169e33f4fbd7457111a5e88f) Importer(2089858483,0ecaa5967403d082aa24f35e1b516d23) Generated GUIDs only implemented for interfaces!
 -> (artifact id: '5d375703342c70f75d6cd712f7cc50ac') in 0.031214 seconds
Number of updated asset objects reloaded before import = 0
Number of asset objects unloaded after import = 2
========================================================================
Received Import Request.
  Time since last request: 0.000025 seconds.
  path: Assets/JejumokGwana/Materials/M_Wood_03.mat
  artifactKey: Guid(ea902fd3157746d44ab95860391cf0c9) Importer(2089858483,0ecaa5967403d082aa24f35e1b516d23)
Start importing Assets/JejumokGwana/Materials/M_Wood_03.mat using Guid(ea902fd3157746d44ab95860391cf0c9) Importer(2089858483,0ecaa5967403d082aa24f35e1b516d23) Generated GUIDs only implemented for interfaces!
 -> (artifact id: 'e2132fd1faaf223f1aaa15bfb32777c8') in 0.023765 seconds
Number of updated asset objects reloaded before import = 0
Number of asset objects unloaded after import = 2
========================================================================
Received Import Request.
  Time since last request: 0.000032 seconds.
  path: Assets/JejumokGwana/Materials/M_Wood_Pattern_21.mat
  artifactKey: Guid(1ca436dd753a6704dadce694a1690c54) Importer(2089858483,0ecaa5967403d082aa24f35e1b516d23)
Start importing Assets/JejumokGwana/Materials/M_Wood_Pattern_21.mat using Guid(1ca436dd753a6704dadce694a1690c54) Importer(2089858483,0ecaa5967403d082aa24f35e1b516d23) Generated GUIDs only implemented for interfaces!
 -> (artifact id: '49ec44221b46da76546ddf94c5be7e13') in 0.062994 seconds
Number of updated asset objects reloaded before import = 0
Number of asset objects unloaded after import = 3
========================================================================
Received Import Request.
  Time since last request: 19.410103 seconds.
  path: Assets/JejumokGwana/Textures/T_Bricks_Stone_01_N.PNG
  artifactKey: Guid(ec0dbeecee4675d449ee007123279a11) Importer(815301076,1909f56bfc062723c751e8b465ee728b)
Start importing Assets/JejumokGwana/Textures/T_Bricks_Stone_01_N.PNG using Guid(ec0dbeecee4675d449ee007123279a11) Importer(815301076,1909f56bfc062723c751e8b465ee728b)  -> (artifact id: 'adf0c7f1cc0d2678c2f40d070fde179e') in 0.076230 seconds
Number of updated asset objects reloaded before import = 0
Number of asset objects unloaded after import = 2
========================================================================
Received Import Request.
  Time since last request: 0.000020 seconds.
  path: Assets/JejumokGwana/Textures/T_Door_02_N.PNG
  artifactKey: Guid(18af96331b3a9c64cb4859fa529ed744) Importer(815301076,1909f56bfc062723c751e8b465ee728b)
Start importing Assets/JejumokGwana/Textures/T_Door_02_N.PNG using Guid(18af96331b3a9c64cb4859fa529ed744) Importer(815301076,1909f56bfc062723c751e8b465ee728b)  -> (artifact id: '13b311ec7c58b6295c2ad4bd9c8399f7') in 0.019949 seconds
Number of updated asset objects reloaded before import = 0
Number of asset objects unloaded after import = 2
========================================================================
Received Import Request.
  Time since last request: 0.000027 seconds.
  path: Assets/JejumokGwana/Textures/T_Bricks_Stone_04_BC.PNG
  artifactKey: Guid(08e05a91e1813db4dbe5de5ad4f11902) Importer(815301076,1909f56bfc062723c751e8b465ee728b)
Start importing Assets/JejumokGwana/Textures/T_Bricks_Stone_04_BC.PNG using Guid(08e05a91e1813db4dbe5de5ad4f11902) Importer(815301076,1909f56bfc062723c751e8b465ee728b)  -> (artifact id: '4bef5252759a69f030124dc7fd57ee44') in 0.023135 seconds
Number of updated asset objects reloaded before import = 0
Number of asset objects unloaded after import = 2
========================================================================
Received Import Request.
  Time since last request: 0.000030 seconds.
  path: Assets/JejumokGwana/Textures/T_Bricks_Stone_03_BC.PNG
  artifactKey: Guid(d21785366bd09054fb24dc16e423697f) Importer(815301076,1909f56bfc062723c751e8b465ee728b)
Start importing Assets/JejumokGwana/Textures/T_Bricks_Stone_03_BC.PNG using Guid(d21785366bd09054fb24dc16e423697f) Importer(815301076,1909f56bfc062723c751e8b465ee728b)  -> (artifact id: '5bf3a7e93a08a5b506f29e0328dd1ad0') in 0.027727 seconds
Number of updated asset objects reloaded before import = 0
Number of asset objects unloaded after import = 2
========================================================================
Received Import Request.
  Time since last request: 0.000028 seconds.
  path: Assets/JejumokGwana/Textures/T_Bricks_Stone_02_R.PNG
  artifactKey: Guid(6c9a0dc8f919ef64ab00d4193914b8a5) Importer(815301076,1909f56bfc062723c751e8b465ee728b)
Start importing Assets/JejumokGwana/Textures/T_Bricks_Stone_02_R.PNG using Guid(6c9a0dc8f919ef64ab00d4193914b8a5) Importer(815301076,1909f56bfc062723c751e8b465ee728b)  -> (artifact id: 'bc02d80d352ae010210e6843cc80efa5') in 0.023823 seconds
Number of updated asset objects reloaded before import = 0
Number of asset objects unloaded after import = 2
========================================================================
Received Import Request.
  Time since last request: 0.000035 seconds.
  path: Assets/JejumokGwana/Textures/T_Bricks_Stone_04_R.PNG
  artifactKey: Guid(5137f129d4f1984468eb28657537eb72) Importer(815301076,1909f56bfc062723c751e8b465ee728b)
Start importing Assets/JejumokGwana/Textures/T_Bricks_Stone_04_R.PNG using Guid(5137f129d4f1984468eb28657537eb72) Importer(815301076,1909f56bfc062723c751e8b465ee728b)  -> (artifact id: 'af044db739e3b9d35f0c7b29d5592f3a') in 0.023001 seconds
Number of updated asset objects reloaded before import = 0
Number of asset objects unloaded after import = 2
========================================================================
Received Import Request.
  Time since last request: 0.000024 seconds.
  path: Assets/JejumokGwana/Textures/T_Ground_04_N.PNG
  artifactKey: Guid(fa0d900324abed040aac17da3288ac6c) Importer(815301076,1909f56bfc062723c751e8b465ee728b)
Start importing Assets/JejumokGwana/Textures/T_Ground_04_N.PNG using Guid(fa0d900324abed040aac17da3288ac6c) Importer(815301076,1909f56bfc062723c751e8b465ee728b)  -> (artifact id: '53b9478e2fb5c376649197b3a1f6fc55') in 0.037196 seconds
Number of updated asset objects reloaded before import = 0
Number of asset objects unloaded after import = 2
========================================================================
Received Import Request.
  Time since last request: 0.000028 seconds.
  path: Assets/JejumokGwana/Textures/T_Concrete_Light_BC.PNG
  artifactKey: Guid(e2c6f39612061e54e91d423db011870e) Importer(815301076,1909f56bfc062723c751e8b465ee728b)
Start importing Assets/JejumokGwana/Textures/T_Concrete_Light_BC.PNG using Guid(e2c6f39612061e54e91d423db011870e) Importer(815301076,1909f56bfc062723c751e8b465ee728b)  -> (artifact id: '6cfc2e1fd57f951748519568f227a1ed') in 0.024223 seconds
Number of updated asset objects reloaded before import = 0
Number of asset objects unloaded after import = 2
========================================================================
Received Import Request.
  Time since last request: 0.000023 seconds.
  path: Assets/JejumokGwana/Textures/T_Concretes_Black_N.PNG
  artifactKey: Guid(0d3afbd1ba1dcd14287f5b65939d853b) Importer(815301076,1909f56bfc062723c751e8b465ee728b)
Start importing Assets/JejumokGwana/Textures/T_Concretes_Black_N.PNG using Guid(0d3afbd1ba1dcd14287f5b65939d853b) Importer(815301076,1909f56bfc062723c751e8b465ee728b)  -> (artifact id: 'fdc82aea26e158362d8beb01a3ed1305') in 0.040330 seconds
Number of updated asset objects reloaded before import = 0
Number of asset objects unloaded after import = 2
========================================================================
Received Import Request.
  Time since last request: 0.000026 seconds.
  path: Assets/JejumokGwana/Textures/T_Concretes_Black_R.PNG
  artifactKey: Guid(743a7b9b1689d034a89ca0dd86d74094) Importer(815301076,1909f56bfc062723c751e8b465ee728b)
Start importing Assets/JejumokGwana/Textures/T_Concretes_Black_R.PNG using Guid(743a7b9b1689d034a89ca0dd86d74094) Importer(815301076,1909f56bfc062723c751e8b465ee728b)  -> (artifact id: '6b937b8a989ca90116a8e2cec50c47dc') in 0.026985 seconds
Number of updated asset objects reloaded before import = 0
Number of asset objects unloaded after import = 2
========================================================================
Received Import Request.
  Time since last request: 0.000018 seconds.
  path: Assets/JejumokGwana/Textures/T_Bricks_Stone_04_N.PNG
  artifactKey: Guid(ffae39af6c02c41448bcd6c88049460f) Importer(815301076,1909f56bfc062723c751e8b465ee728b)
Start importing Assets/JejumokGwana/Textures/T_Bricks_Stone_04_N.PNG using Guid(ffae39af6c02c41448bcd6c88049460f) Importer(815301076,1909f56bfc062723c751e8b465ee728b)  -> (artifact id: '4de29f29bc37ac18f94d4bc2c63f34cc') in 0.023402 seconds
Number of updated asset objects reloaded before import = 0
Number of asset objects unloaded after import = 2
========================================================================
Received Import Request.
  Time since last request: 0.000022 seconds.
  path: Assets/JejumokGwana/Textures/T_Ground_04_BC.PNG
  artifactKey: Guid(14f1762636200d047bdb7e44295c8fcf) Importer(815301076,1909f56bfc062723c751e8b465ee728b)
Start importing Assets/JejumokGwana/Textures/T_Ground_04_BC.PNG using Guid(14f1762636200d047bdb7e44295c8fcf) Importer(815301076,1909f56bfc062723c751e8b465ee728b)  -> (artifact id: '9006ee4eec3f49def9eb4d31f4e351e0') in 0.024784 seconds
Number of updated asset objects reloaded before import = 0
Number of asset objects unloaded after import = 2
Editor requested this worker to shutdown with reason: Scaling down because of idle timeout
TcpMessagingSession - receive error: operation aborted. errorcode: 995, details: The I/O operation has been aborted because of either a thread exit or an application request.
AssetImportWorker is now disconnected from the server
Process exiting
Exiting without the bug reporter. Application will terminate with return code 0