Using pre-set license
Built from '2022.3/staging' branch; Version is '2022.3.17f1 (4fc78088f837) revision 5228416'; Using compiler version '192829333'; Build Type 'Release'
OS: 'Windows 11  (10.0.26100) 64bit Professional' Language: 'en' Physical Memory: 16159 MB
BatchMode: 1, IsHumanControllingUs: 0, StartBugReporterOnCrash: 0, Is64bit: 1, IsPro: 1

COMMAND LINE ARGUMENTS:
D:\2022.3.17f1\Editor\Unity.exe
-adb2
-batchMode
-noUpm
-name
AssetImportWorker13
-projectPath
D:/IM ESLSCA UNIVERSITY/Game Design and Development/Final Project
-logFile
Logs/AssetImportWorker13.log
-srvPort
53480
Successfully changed project path to: D:/IM ESLSCA UNIVERSITY/Game Design and Development/Final Project
D:/IM ESLSCA UNIVERSITY/Game Design and Development/Final Project
[UnityMemory] Configuration Parameters - Can be set up in boot.config
    "memorysetup-bucket-allocator-granularity=16"
    "memorysetup-bucket-allocator-bucket-count=8"
    "memorysetup-bucket-allocator-block-size=33554432"
    "memorysetup-bucket-allocator-block-count=8"
    "memorysetup-main-allocator-block-size=16777216"
    "memorysetup-thread-allocator-block-size=16777216"
    "memorysetup-gfx-main-allocator-block-size=16777216"
    "memorysetup-gfx-thread-allocator-block-size=16777216"
    "memorysetup-cache-allocator-block-size=4194304"
    "memorysetup-typetree-allocator-block-size=2097152"
    "memorysetup-profiler-bucket-allocator-granularity=16"
    "memorysetup-profiler-bucket-allocator-bucket-count=8"
    "memorysetup-profiler-bucket-allocator-block-size=33554432"
    "memorysetup-profiler-bucket-allocator-block-count=8"
    "memorysetup-profiler-allocator-block-size=16777216"
    "memorysetup-profiler-editor-allocator-block-size=1048576"
    "memorysetup-temp-allocator-size-main=16777216"
    "memorysetup-job-temp-allocator-block-size=2097152"
    "memorysetup-job-temp-allocator-block-size-background=1048576"
    "memorysetup-job-temp-allocator-reduction-small-platforms=262144"
    "memorysetup-allocator-temp-initial-block-size-main=262144"
    "memorysetup-allocator-temp-initial-block-size-worker=262144"
    "memorysetup-temp-allocator-size-background-worker=32768"
    "memorysetup-temp-allocator-size-job-worker=262144"
    "memorysetup-temp-allocator-size-preload-manager=33554432"
    "memorysetup-temp-allocator-size-nav-mesh-worker=65536"
    "memorysetup-temp-allocator-size-audio-worker=65536"
    "memorysetup-temp-allocator-size-cloud-worker=32768"
    "memorysetup-temp-allocator-size-gi-baking-worker=262144"
    "memorysetup-temp-allocator-size-gfx=262144"
Player connection [15804] Host "[IP] 172.20.10.5 [Port] 0 [Flags] 2 [Guid] 1012396675 [EditorId] 1012396675 [Version] 1048832 [Id] WindowsEditor(7,MOHAMEDIAD) [Debug] 1 [PackageName] WindowsEditor [ProjectName] Editor" joined multi-casting on [225.0.0.222:54997]...

Player connection [15804] Host "[IP] 172.20.10.5 [Port] 0 [Flags] 2 [Guid] 1012396675 [EditorId] 1012396675 [Version] 1048832 [Id] WindowsEditor(7,MOHAMEDIAD) [Debug] 1 [PackageName] WindowsEditor [ProjectName] Editor" joined alternative multi-casting on [225.0.0.222:34997]...

[Physics::Module] Initialized MultithreadedJobDispatcher with 11 workers.
Refreshing native plugins compatible for Editor in 10.59 ms, found 3 plugins.
Preloading 0 native plugins for Editor in 0.00 ms.
Initialize engine version: 2022.3.17f1 (4fc78088f837)
[Subsystems] Discovering subsystems at path D:/2022.3.17f1/Editor/Data/Resources/UnitySubsystems
[Subsystems] Discovering subsystems at path D:/IM ESLSCA UNIVERSITY/Game Design and Development/Final Project/Assets
GfxDevice: creating device client; threaded=0; jobified=0
Direct3D:
    Version:  Direct3D 11.0 [level 11.1]
    Renderer: NVIDIA GeForce GTX 1650 (ID=0x1f9d)
    Vendor:   NVIDIA
    VRAM:     3937 MB
    Driver:   32.0.15.6636
Initialize mono
Mono path[0] = 'D:/2022.3.17f1/Editor/Data/Managed'
Mono path[1] = 'D:/2022.3.17f1/Editor/Data/MonoBleedingEdge/lib/mono/unityjit-win32'
Mono config path = 'D:/2022.3.17f1/Editor/Data/MonoBleedingEdge/etc'
Using monoOptions --debugger-agent=transport=dt_socket,embedding=1,server=y,suspend=n,address=127.0.0.1:56248
Begin MonoManager ReloadAssembly
Registering precompiled unity dll's ...
Register platform support module: D:/2022.3.17f1/Editor/Data/PlaybackEngines/AndroidPlayer/UnityEditor.Android.Extensions.dll
Register platform support module: D:/2022.3.17f1/Editor/Data/PlaybackEngines/WindowsStandaloneSupport/UnityEditor.WindowsStandalone.Extensions.dll
Registered in 0.003436 seconds.
- Loaded All Assemblies, in  0.363 seconds
Native extension for WindowsStandalone target not found
Native extension for Android target not found
Android Extension - Scanning For ADB Devices 265 ms
Mono: successfully reloaded assembly
- Finished resetting the current domain, in  0.610 seconds
Domain Reload Profiling: 973ms
	BeginReloadAssembly (109ms)
		ExecutionOrderSort (0ms)
		DisableScriptedObjects (0ms)
		BackupInstance (0ms)
		ReleaseScriptingObjects (0ms)
		CreateAndSetChildDomain (1ms)
	RebuildCommonClasses (38ms)
	RebuildNativeTypeToScriptingClass (12ms)
	initialDomainReloadingComplete (50ms)
	LoadAllAssembliesAndSetupDomain (155ms)
		LoadAssemblies (107ms)
		RebuildTransferFunctionScriptingTraits (0ms)
		AnalyzeDomain (153ms)
			TypeCache.Refresh (151ms)
				TypeCache.ScanAssembly (137ms)
			ScanForSourceGeneratedMonoScriptInfo (0ms)
			ResolveRequiredComponents (0ms)
	FinalizeReload (611ms)
		ReleaseScriptCaches (0ms)
		RebuildScriptCaches (0ms)
		SetupLoadedEditorAssemblies (552ms)
			LogAssemblyErrors (0ms)
			InitializePlatformSupportModulesInManaged (382ms)
			SetLoadedEditorAssemblies (4ms)
			RefreshPlugins (0ms)
			BeforeProcessingInitializeOnLoad (2ms)
			ProcessInitializeOnLoadAttributes (115ms)
			ProcessInitializeOnLoadMethodAttributes (48ms)
			AfterProcessingInitializeOnLoad (0ms)
			EditorAssembliesLoaded (0ms)
		ExecutionOrderSort2 (0ms)
		AwakeInstancesAfterBackupRestoration (0ms)
========================================================================
Worker process is ready to serve import requests
Begin MonoManager ReloadAssembly
- Loaded All Assemblies, in  0.631 seconds
Refreshing native plugins compatible for Editor in 3.08 ms, found 3 plugins.
Native extension for WindowsStandalone target not found
Native extension for Android target not found
Mono: successfully reloaded assembly
- Finished resetting the current domain, in  0.697 seconds
Domain Reload Profiling: 1328ms
	BeginReloadAssembly (149ms)
		ExecutionOrderSort (0ms)
		DisableScriptedObjects (6ms)
		BackupInstance (0ms)
		ReleaseScriptingObjects (0ms)
		CreateAndSetChildDomain (21ms)
	RebuildCommonClasses (35ms)
	RebuildNativeTypeToScriptingClass (11ms)
	initialDomainReloadingComplete (38ms)
	LoadAllAssembliesAndSetupDomain (399ms)
		LoadAssemblies (286ms)
		RebuildTransferFunctionScriptingTraits (0ms)
		AnalyzeDomain (200ms)
			TypeCache.Refresh (170ms)
				TypeCache.ScanAssembly (153ms)
			ScanForSourceGeneratedMonoScriptInfo (20ms)
			ResolveRequiredComponents (9ms)
	FinalizeReload (697ms)
		ReleaseScriptCaches (0ms)
		RebuildScriptCaches (0ms)
		SetupLoadedEditorAssemblies (526ms)
			LogAssemblyErrors (0ms)
			InitializePlatformSupportModulesInManaged (23ms)
			SetLoadedEditorAssemblies (3ms)
			RefreshPlugins (0ms)
			BeforeProcessingInitializeOnLoad (65ms)
			ProcessInitializeOnLoadAttributes (358ms)
			ProcessInitializeOnLoadMethodAttributes (75ms)
			AfterProcessingInitializeOnLoad (2ms)
			EditorAssembliesLoaded (0ms)
		ExecutionOrderSort2 (0ms)
		AwakeInstancesAfterBackupRestoration (9ms)
Launched and connected shader compiler UnityShaderCompiler.exe after 0.04 seconds
Refreshing native plugins compatible for Editor in 2.91 ms, found 3 plugins.
Preloading 0 native plugins for Editor in 0.00 ms.
Unloading 4942 Unused Serialized files (Serialized files now loaded: 0)
Unloading 63 unused Assets / (350.2 KB). Loaded Objects now: 5403.
Memory consumption went from 207.3 MB to 207.0 MB.
Total: 4.056800 ms (FindLiveObjects: 0.360600 ms CreateObjectMapping: 0.373100 ms MarkObjects: 2.806200 ms  DeleteObjects: 0.516100 ms)

AssetImportParameters requested are different than current active one (requested -> active):
  custom:container-demuxer-ogg: 62fdf1f143b41e24485cea50d1cbac27 -> 
  custom:video-decoder-ogg-theora: a1e56fd34408186e4bbccfd4996cb3dc -> 
  custom:framework-win-MediaFoundation: 216162199b28c13a410421893ffa2e32 -> 
  custom:CustomObjectIndexerAttribute: 62b5816608c3102f162a1797e29626cf -> 
  custom:container-demuxer-webm: 4f35f7cbe854078d1ac9338744f61a02 -> 
  custom:container-muxer-webm: aa71ff27fc2769a1b78a27578f13a17b -> 
  custom:video-decoder-webm-vp8: 9c59270c3fd7afecdb556c50c9e8de78 -> 
  custom:SearchIndexIgnoredProperties: e643bd26f0fe6173181afceb89e7c659 -> 
  custom:AudioImporter_EditorPlatform: d09bf68614088b80899f8185d706f6e7 -> 
  custom:video-encoder-webm-vp8: eb34c28f22e8b96e1ab97ce403110664 -> 
  custom:audio-decoder-ogg-vorbis: bf7c407c2cedff20999df2af8eb42d56 -> 
  custom:audio-encoder-webm-vorbis: bf7c407c2cedff20999df2af8eb42d56 -> 
========================================================================
Received Import Request.
  Time since last request: 520300.007352 seconds.
  path: Assets/Character Pack/Texture/Body_NM .png
  artifactKey: Guid(32133915c399dc144b8bb2b0e83069b2) Importer(815301076,1909f56bfc062723c751e8b465ee728b)
Start importing Assets/Character Pack/Texture/Body_NM .png using Guid(32133915c399dc144b8bb2b0e83069b2) Importer(815301076,1909f56bfc062723c751e8b465ee728b)  -> (artifact id: 'dbc000f1e45841683b8af7a0039cd1c3') in 0.092411 seconds
Number of updated asset objects reloaded before import = 0
Number of asset objects unloaded after import = 2
========================================================================
Received Import Request.
  Time since last request: 0.000023 seconds.
  path: Assets/Character Pack/Texture/Sword_NM.png
  artifactKey: Guid(6526e45a68190cf4e85b1dfd9eb2e33c) Importer(815301076,1909f56bfc062723c751e8b465ee728b)
Start importing Assets/Character Pack/Texture/Sword_NM.png using Guid(6526e45a68190cf4e85b1dfd9eb2e33c) Importer(815301076,1909f56bfc062723c751e8b465ee728b)  -> (artifact id: '4b6e240d77390f8140e490c04ae6b9bf') in 0.022054 seconds
Number of updated asset objects reloaded before import = 0
Number of asset objects unloaded after import = 2
========================================================================
Received Import Request.
  Time since last request: 2.046265 seconds.
  path: Assets/Character Pack/Texture/Materials/sword_dm.mat
  artifactKey: Guid(1356ca4b77fea384d93bee906fc158fe) Importer(815301076,1909f56bfc062723c751e8b465ee728b)
Start importing Assets/Character Pack/Texture/Materials/sword_dm.mat using Guid(1356ca4b77fea384d93bee906fc158fe) Importer(815301076,1909f56bfc062723c751e8b465ee728b)  -> (artifact id: '7c49c4b1ba9f603c994cfb915168e994') in 0.253210 seconds
Number of updated asset objects reloaded before import = 0
Number of asset objects unloaded after import = 4
========================================================================
Received Import Request.
  Time since last request: 1.716632 seconds.
  path: Assets/JejumokGwana/Materials/M_Bricks_Stone_02.mat
  artifactKey: Guid(aa1b4ea998e52c940ac502e17fe873fa) Importer(815301076,1909f56bfc062723c751e8b465ee728b)
Start importing Assets/JejumokGwana/Materials/M_Bricks_Stone_02.mat using Guid(aa1b4ea998e52c940ac502e17fe873fa) Importer(815301076,1909f56bfc062723c751e8b465ee728b)  -> (artifact id: '525f00dc35734f6eade60650ce04501e') in 0.047314 seconds
Number of updated asset objects reloaded before import = 0
Number of asset objects unloaded after import = 5
========================================================================
Received Import Request.
  Time since last request: 0.000021 seconds.
  path: Assets/JejumokGwana/Materials/M_Red_Wood.mat
  artifactKey: Guid(e11575ba987d95a4c8cef194f2de5fa3) Importer(815301076,1909f56bfc062723c751e8b465ee728b)
Start importing Assets/JejumokGwana/Materials/M_Red_Wood.mat using Guid(e11575ba987d95a4c8cef194f2de5fa3) Importer(815301076,1909f56bfc062723c751e8b465ee728b)  -> (artifact id: 'a7f17efe7d1443523e93314b05ed4eac') in 0.076168 seconds
Number of updated asset objects reloaded before import = 0
Number of asset objects unloaded after import = 5
========================================================================
Received Import Request.
  Time since last request: 0.000022 seconds.
  path: Assets/JejumokGwana/Materials/M_Signages 6.mat
  artifactKey: Guid(1e3fbf4cd35f96645a90e34c77604564) Importer(815301076,1909f56bfc062723c751e8b465ee728b)
Start importing Assets/JejumokGwana/Materials/M_Signages 6.mat using Guid(1e3fbf4cd35f96645a90e34c77604564) Importer(815301076,1909f56bfc062723c751e8b465ee728b)  -> (artifact id: '0d0f5e322a7fc3d0eed45857a5ed9e07') in 0.028117 seconds
Number of updated asset objects reloaded before import = 0
Number of asset objects unloaded after import = 3
========================================================================
Received Import Request.
  Time since last request: 0.000029 seconds.
  path: Assets/JejumokGwana/Materials/M_Concrete_Light.mat
  artifactKey: Guid(b193e06f50d025840ab138011e89e19b) Importer(815301076,1909f56bfc062723c751e8b465ee728b)
Start importing Assets/JejumokGwana/Materials/M_Concrete_Light.mat using Guid(b193e06f50d025840ab138011e89e19b) Importer(815301076,1909f56bfc062723c751e8b465ee728b)  -> (artifact id: '4448a177439404b922fbe557d57bb49f') in 0.027525 seconds
Number of updated asset objects reloaded before import = 0
Number of asset objects unloaded after import = 5
========================================================================
Received Import Request.
  Time since last request: 0.000019 seconds.
  path: Assets/JejumokGwana/Materials/M_Signages 10.mat
  artifactKey: Guid(b43f75f51ff2e5f4f89f26bc986a6e19) Importer(815301076,1909f56bfc062723c751e8b465ee728b)
Start importing Assets/JejumokGwana/Materials/M_Signages 10.mat using Guid(b43f75f51ff2e5f4f89f26bc986a6e19) Importer(815301076,1909f56bfc062723c751e8b465ee728b)  -> (artifact id: 'dc514ecaa2f6f9fdda4b9f3b339e9da1') in 0.025577 seconds
Number of updated asset objects reloaded before import = 0
Number of asset objects unloaded after import = 3
========================================================================
Received Import Request.
  Time since last request: 0.000026 seconds.
  path: Assets/JejumokGwana/Materials/M_Roof_01.mat
  artifactKey: Guid(c6761363b888846428fed3d9d2b9fe6c) Importer(815301076,1909f56bfc062723c751e8b465ee728b)
Start importing Assets/JejumokGwana/Materials/M_Roof_01.mat using Guid(c6761363b888846428fed3d9d2b9fe6c) Importer(815301076,1909f56bfc062723c751e8b465ee728b)  -> (artifact id: '9a2a231bd687faca791fe730541d6122') in 0.052982 seconds
Number of updated asset objects reloaded before import = 0
Number of asset objects unloaded after import = 4
========================================================================
Received Import Request.
  Time since last request: 0.000029 seconds.
  path: Assets/JejumokGwana/Materials/M_Ground_02.mat
  artifactKey: Guid(cadb1b37d41e2f54498671800875c7c5) Importer(815301076,1909f56bfc062723c751e8b465ee728b)
Start importing Assets/JejumokGwana/Materials/M_Ground_02.mat using Guid(cadb1b37d41e2f54498671800875c7c5) Importer(815301076,1909f56bfc062723c751e8b465ee728b)  -> (artifact id: 'bf4ad1f11651ffd6e4368c0134590028') in 0.057263 seconds
Number of updated asset objects reloaded before import = 0
Number of asset objects unloaded after import = 4
========================================================================
Received Import Request.
  Time since last request: 0.000062 seconds.
  path: Assets/JejumokGwana/Materials/M_Ground_04.mat
  artifactKey: Guid(d81abcf88ffef2644a58b77d5936a013) Importer(815301076,1909f56bfc062723c751e8b465ee728b)
Start importing Assets/JejumokGwana/Materials/M_Ground_04.mat using Guid(d81abcf88ffef2644a58b77d5936a013) Importer(815301076,1909f56bfc062723c751e8b465ee728b)  -> (artifact id: '0201da0fd79bc1ec8a5f2fb46147c6b7') in 0.049677 seconds
Number of updated asset objects reloaded before import = 0
Number of asset objects unloaded after import = 4
========================================================================
Received Import Request.
  Time since last request: 0.000029 seconds.
  path: Assets/JejumokGwana/Materials/M_Door_02.mat
  artifactKey: Guid(18be59ae69680514f8a75c92f8535a06) Importer(815301076,1909f56bfc062723c751e8b465ee728b)
Start importing Assets/JejumokGwana/Materials/M_Door_02.mat using Guid(18be59ae69680514f8a75c92f8535a06) Importer(815301076,1909f56bfc062723c751e8b465ee728b)  -> (artifact id: '3dcae95b2cd8ea3d0266429c77e17943') in 0.029872 seconds
Number of updated asset objects reloaded before import = 0
Number of asset objects unloaded after import = 5
========================================================================
Received Import Request.
  Time since last request: 0.000029 seconds.
  path: Assets/JejumokGwana/Materials/M_Signages 3.mat
  artifactKey: Guid(67b9730a169e33f4fbd7457111a5e88f) Importer(815301076,1909f56bfc062723c751e8b465ee728b)
Start importing Assets/JejumokGwana/Materials/M_Signages 3.mat using Guid(67b9730a169e33f4fbd7457111a5e88f) Importer(815301076,1909f56bfc062723c751e8b465ee728b)  -> (artifact id: '6a2a3f66bf8714749ac7b6ffb3a74585') in 0.030714 seconds
Number of updated asset objects reloaded before import = 0
Number of asset objects unloaded after import = 3
========================================================================
Received Import Request.
  Time since last request: 0.000028 seconds.
  path: Assets/JejumokGwana/Materials/M_Signages 4.mat
  artifactKey: Guid(baf40f0854caf444e8b172ad0b0cb2f0) Importer(815301076,1909f56bfc062723c751e8b465ee728b)
Start importing Assets/JejumokGwana/Materials/M_Signages 4.mat using Guid(baf40f0854caf444e8b172ad0b0cb2f0) Importer(815301076,1909f56bfc062723c751e8b465ee728b)  -> (artifact id: '1f55e3dc12d66f80a13485a540b56a6f') in 0.023139 seconds
Number of updated asset objects reloaded before import = 0
Number of asset objects unloaded after import = 3
Editor requested this worker to shutdown with reason: Scaling down because of idle timeout
TcpMessagingSession - receive error: operation aborted. errorcode: 995, details: The I/O operation has been aborted because of either a thread exit or an application request.
AssetImportWorker is now disconnected from the server
Process exiting
Exiting without the bug reporter. Application will terminate with return code 0