Using pre-set license
Built from '2022.3/staging' branch; Version is '2022.3.17f1 (4fc78088f837) revision 5228416'; Using compiler version '192829333'; Build Type 'Release'
OS: 'Windows 11  (10.0.26100) 64bit Professional' Language: 'en' Physical Memory: 16159 MB
BatchMode: 1, IsHumanControllingUs: 0, StartBugReporterOnCrash: 0, Is64bit: 1, IsPro: 1

COMMAND LINE ARGUMENTS:
D:\2022.3.17f1\Editor\Unity.exe
-adb2
-batchMode
-noUpm
-name
AssetImportWorker5
-projectPath
D:/IM ESLSCA UNIVERSITY/Game Design and Development/Final Project
-logFile
Logs/AssetImportWorker5.log
-srvPort
53480
Successfully changed project path to: D:/IM ESLSCA UNIVERSITY/Game Design and Development/Final Project
D:/IM ESLSCA UNIVERSITY/Game Design and Development/Final Project
[UnityMemory] Configuration Parameters - Can be set up in boot.config
    "memorysetup-bucket-allocator-granularity=16"
    "memorysetup-bucket-allocator-bucket-count=8"
    "memorysetup-bucket-allocator-block-size=33554432"
    "memorysetup-bucket-allocator-block-count=8"
    "memorysetup-main-allocator-block-size=16777216"
    "memorysetup-thread-allocator-block-size=16777216"
    "memorysetup-gfx-main-allocator-block-size=16777216"
    "memorysetup-gfx-thread-allocator-block-size=16777216"
    "memorysetup-cache-allocator-block-size=4194304"
    "memorysetup-typetree-allocator-block-size=2097152"
    "memorysetup-profiler-bucket-allocator-granularity=16"
    "memorysetup-profiler-bucket-allocator-bucket-count=8"
    "memorysetup-profiler-bucket-allocator-block-size=33554432"
    "memorysetup-profiler-bucket-allocator-block-count=8"
    "memorysetup-profiler-allocator-block-size=16777216"
    "memorysetup-profiler-editor-allocator-block-size=1048576"
    "memorysetup-temp-allocator-size-main=16777216"
    "memorysetup-job-temp-allocator-block-size=2097152"
    "memorysetup-job-temp-allocator-block-size-background=1048576"
    "memorysetup-job-temp-allocator-reduction-small-platforms=262144"
    "memorysetup-allocator-temp-initial-block-size-main=262144"
    "memorysetup-allocator-temp-initial-block-size-worker=262144"
    "memorysetup-temp-allocator-size-background-worker=32768"
    "memorysetup-temp-allocator-size-job-worker=262144"
    "memorysetup-temp-allocator-size-preload-manager=33554432"
    "memorysetup-temp-allocator-size-nav-mesh-worker=65536"
    "memorysetup-temp-allocator-size-audio-worker=65536"
    "memorysetup-temp-allocator-size-cloud-worker=32768"
    "memorysetup-temp-allocator-size-gi-baking-worker=262144"
    "memorysetup-temp-allocator-size-gfx=262144"
Player connection [22720] Host "[IP] 172.20.10.5 [Port] 0 [Flags] 2 [Guid] 1054052475 [EditorId] 1054052475 [Version] 1048832 [Id] WindowsEditor(7,MOHAMEDIAD) [Debug] 1 [PackageName] WindowsEditor [ProjectName] Editor" joined multi-casting on [225.0.0.222:54997]...

Player connection [22720] Host "[IP] 172.20.10.5 [Port] 0 [Flags] 2 [Guid] 1054052475 [EditorId] 1054052475 [Version] 1048832 [Id] WindowsEditor(7,MOHAMEDIAD) [Debug] 1 [PackageName] WindowsEditor [ProjectName] Editor" joined alternative multi-casting on [225.0.0.222:34997]...

[Physics::Module] Initialized MultithreadedJobDispatcher with 11 workers.
Refreshing native plugins compatible for Editor in 26.05 ms, found 3 plugins.
Preloading 0 native plugins for Editor in 0.00 ms.
Initialize engine version: 2022.3.17f1 (4fc78088f837)
[Subsystems] Discovering subsystems at path D:/2022.3.17f1/Editor/Data/Resources/UnitySubsystems
[Subsystems] Discovering subsystems at path D:/IM ESLSCA UNIVERSITY/Game Design and Development/Final Project/Assets
GfxDevice: creating device client; threaded=0; jobified=0
Direct3D:
    Version:  Direct3D 11.0 [level 11.1]
    Renderer: NVIDIA GeForce GTX 1650 (ID=0x1f9d)
    Vendor:   NVIDIA
    VRAM:     3937 MB
    Driver:   32.0.15.6636
Initialize mono
Mono path[0] = 'D:/2022.3.17f1/Editor/Data/Managed'
Mono path[1] = 'D:/2022.3.17f1/Editor/Data/MonoBleedingEdge/lib/mono/unityjit-win32'
Mono config path = 'D:/2022.3.17f1/Editor/Data/MonoBleedingEdge/etc'
Using monoOptions --debugger-agent=transport=dt_socket,embedding=1,server=y,suspend=n,address=127.0.0.1:56180
Begin MonoManager ReloadAssembly
Registering precompiled unity dll's ...
Register platform support module: D:/2022.3.17f1/Editor/Data/PlaybackEngines/AndroidPlayer/UnityEditor.Android.Extensions.dll
Register platform support module: D:/2022.3.17f1/Editor/Data/PlaybackEngines/WindowsStandaloneSupport/UnityEditor.WindowsStandalone.Extensions.dll
Registered in 0.010109 seconds.
- Loaded All Assemblies, in  1.151 seconds
Native extension for WindowsStandalone target not found
Native extension for Android target not found
Android Extension - Scanning For ADB Devices 756 ms
Mono: successfully reloaded assembly
- Finished resetting the current domain, in  1.813 seconds
Domain Reload Profiling: 2963ms
	BeginReloadAssembly (353ms)
		ExecutionOrderSort (0ms)
		DisableScriptedObjects (0ms)
		BackupInstance (0ms)
		ReleaseScriptingObjects (0ms)
		CreateAndSetChildDomain (2ms)
	RebuildCommonClasses (120ms)
	RebuildNativeTypeToScriptingClass (32ms)
	initialDomainReloadingComplete (152ms)
	LoadAllAssembliesAndSetupDomain (492ms)
		LoadAssemblies (354ms)
		RebuildTransferFunctionScriptingTraits (0ms)
		AnalyzeDomain (486ms)
			TypeCache.Refresh (483ms)
				TypeCache.ScanAssembly (442ms)
			ScanForSourceGeneratedMonoScriptInfo (1ms)
			ResolveRequiredComponents (2ms)
	FinalizeReload (1814ms)
		ReleaseScriptCaches (0ms)
		RebuildScriptCaches (0ms)
		SetupLoadedEditorAssemblies (1684ms)
			LogAssemblyErrors (0ms)
			InitializePlatformSupportModulesInManaged (1100ms)
			SetLoadedEditorAssemblies (11ms)
			RefreshPlugins (0ms)
			BeforeProcessingInitializeOnLoad (5ms)
			ProcessInitializeOnLoadAttributes (425ms)
			ProcessInitializeOnLoadMethodAttributes (144ms)
			AfterProcessingInitializeOnLoad (0ms)
			EditorAssembliesLoaded (0ms)
		ExecutionOrderSort2 (0ms)
		AwakeInstancesAfterBackupRestoration (0ms)
========================================================================
Worker process is ready to serve import requests
Begin MonoManager ReloadAssembly
- Loaded All Assemblies, in  2.417 seconds
Refreshing native plugins compatible for Editor in 14.18 ms, found 3 plugins.
Native extension for WindowsStandalone target not found
Native extension for Android target not found
Mono: successfully reloaded assembly
- Finished resetting the current domain, in  2.464 seconds
Domain Reload Profiling: 4883ms
	BeginReloadAssembly (535ms)
		ExecutionOrderSort (0ms)
		DisableScriptedObjects (14ms)
		BackupInstance (0ms)
		ReleaseScriptingObjects (2ms)
		CreateAndSetChildDomain (72ms)
	RebuildCommonClasses (129ms)
	RebuildNativeTypeToScriptingClass (25ms)
	initialDomainReloadingComplete (122ms)
	LoadAllAssembliesAndSetupDomain (1608ms)
		LoadAssemblies (1185ms)
		RebuildTransferFunctionScriptingTraits (0ms)
		AnalyzeDomain (759ms)
			TypeCache.Refresh (661ms)
				TypeCache.ScanAssembly (612ms)
			ScanForSourceGeneratedMonoScriptInfo (70ms)
			ResolveRequiredComponents (24ms)
	FinalizeReload (2465ms)
		ReleaseScriptCaches (0ms)
		RebuildScriptCaches (0ms)
		SetupLoadedEditorAssemblies (1904ms)
			LogAssemblyErrors (0ms)
			InitializePlatformSupportModulesInManaged (72ms)
			SetLoadedEditorAssemblies (8ms)
			RefreshPlugins (0ms)
			BeforeProcessingInitializeOnLoad (202ms)
			ProcessInitializeOnLoadAttributes (1424ms)
			ProcessInitializeOnLoadMethodAttributes (195ms)
			AfterProcessingInitializeOnLoad (4ms)
			EditorAssembliesLoaded (0ms)
		ExecutionOrderSort2 (0ms)
		AwakeInstancesAfterBackupRestoration (21ms)
Launched and connected shader compiler UnityShaderCompiler.exe after 0.19 seconds
Refreshing native plugins compatible for Editor in 10.51 ms, found 3 plugins.
Preloading 0 native plugins for Editor in 0.00 ms.
Unloading 4942 Unused Serialized files (Serialized files now loaded: 0)
Unloading 63 unused Assets / (350.0 KB). Loaded Objects now: 5403.
Memory consumption went from 207.3 MB to 207.0 MB.
Total: 9.607300 ms (FindLiveObjects: 0.743900 ms CreateObjectMapping: 1.345000 ms MarkObjects: 7.092300 ms  DeleteObjects: 0.424400 ms)

AssetImportParameters requested are different than current active one (requested -> active):
  custom:container-demuxer-ogg: 62fdf1f143b41e24485cea50d1cbac27 -> 
  custom:video-decoder-ogg-theora: a1e56fd34408186e4bbccfd4996cb3dc -> 
  custom:framework-win-MediaFoundation: 216162199b28c13a410421893ffa2e32 -> 
  custom:CustomObjectIndexerAttribute: 62b5816608c3102f162a1797e29626cf -> 
  custom:container-demuxer-webm: 4f35f7cbe854078d1ac9338744f61a02 -> 
  custom:container-muxer-webm: aa71ff27fc2769a1b78a27578f13a17b -> 
  custom:video-decoder-webm-vp8: 9c59270c3fd7afecdb556c50c9e8de78 -> 
  custom:SearchIndexIgnoredProperties: e643bd26f0fe6173181afceb89e7c659 -> 
  custom:AudioImporter_EditorPlatform: d09bf68614088b80899f8185d706f6e7 -> 
  custom:video-encoder-webm-vp8: eb34c28f22e8b96e1ab97ce403110664 -> 
  custom:audio-decoder-ogg-vorbis: bf7c407c2cedff20999df2af8eb42d56 -> 
  custom:audio-encoder-webm-vorbis: bf7c407c2cedff20999df2af8eb42d56 -> 
========================================================================
Received Import Request.
  Time since last request: 520169.119323 seconds.
  path: Assets/JejumokGwana/Prefabs/Floors/SteppingStone.prefab
  artifactKey: Guid(c8b473dafca9f1e41ad2627bd357ea66) Importer(2089858483,0ecaa5967403d082aa24f35e1b516d23)
Start importing Assets/JejumokGwana/Prefabs/Floors/SteppingStone.prefab using Guid(c8b473dafca9f1e41ad2627bd357ea66) Importer(2089858483,0ecaa5967403d082aa24f35e1b516d23) Generated GUIDs only implemented for interfaces!
 -> (artifact id: '756ae8e9a875af0606d8df93fc0826e9') in 1.680580 seconds
Number of updated asset objects reloaded before import = 0
Number of asset objects unloaded after import = 7
========================================================================
Received Import Request.
  Time since last request: 0.079448 seconds.
  path: Assets/JejumokGwana/Prefabs/Decoration/Signages (1).prefab
  artifactKey: Guid(70b86b3d8811c88439ecb921f2d37462) Importer(2089858483,0ecaa5967403d082aa24f35e1b516d23)
Start importing Assets/JejumokGwana/Prefabs/Decoration/Signages (1).prefab using Guid(70b86b3d8811c88439ecb921f2d37462) Importer(2089858483,0ecaa5967403d082aa24f35e1b516d23) Generated GUIDs only implemented for interfaces!
 -> (artifact id: 'aadef76ecbae3298c2a81766e500e554') in 0.141801 seconds
Number of updated asset objects reloaded before import = 0
Number of asset objects unloaded after import = 7
========================================================================
Received Import Request.
  Time since last request: 0.022085 seconds.
  path: Assets/JejumokGwana/Materials/M_Landscape_Master.mat
  artifactKey: Guid(43f9066ce5b876343afa8997f5220998) Importer(2089858483,0ecaa5967403d082aa24f35e1b516d23)
Start importing Assets/JejumokGwana/Materials/M_Landscape_Master.mat using Guid(43f9066ce5b876343afa8997f5220998) Importer(2089858483,0ecaa5967403d082aa24f35e1b516d23) Generated GUIDs only implemented for interfaces!
 -> (artifact id: 'e69bfb9ee22b2c918f87db6fa49b8c65') in 0.787320 seconds
Number of updated asset objects reloaded before import = 0
Number of asset objects unloaded after import = 3
========================================================================
Received Import Request.
  Time since last request: 0.000032 seconds.
  path: Assets/JejumokGwana/Prefabs/Building_Walls/WallSetD.prefab
  artifactKey: Guid(f91d9249dab73e84fbfa42b5ce7b0104) Importer(2089858483,3d70f49cd1c2eb9ae422958d1c652c6b)
Start importing Assets/JejumokGwana/Prefabs/Building_Walls/WallSetD.prefab using Guid(f91d9249dab73e84fbfa42b5ce7b0104) Importer(2089858483,3d70f49cd1c2eb9ae422958d1c652c6b) Generated GUIDs only implemented for interfaces!
 -> (artifact id: 'b5e14f47b2a557d0fd90faa8dc470853') in 0.032788 seconds
Number of updated asset objects reloaded before import = 0
Number of asset objects unloaded after import = 11
========================================================================
Received Import Request.
  Time since last request: 0.000042 seconds.
  path: Assets/JejumokGwana/Prefabs/Roof_Foundations/StickE.prefab
  artifactKey: Guid(019874376d37f2c40a6eddaaaf9609c6) Importer(2089858483,3d70f49cd1c2eb9ae422958d1c652c6b)
Start importing Assets/JejumokGwana/Prefabs/Roof_Foundations/StickE.prefab using Guid(019874376d37f2c40a6eddaaaf9609c6) Importer(2089858483,3d70f49cd1c2eb9ae422958d1c652c6b) Generated GUIDs only implemented for interfaces!
 -> (artifact id: '74bd84e4cf7e782326e893e052164692') in 0.169668 seconds
Number of updated asset objects reloaded before import = 0
Number of asset objects unloaded after import = 11
========================================================================
Received Import Request.
  Time since last request: 0.000031 seconds.
  path: Assets/JejumokGwana/Textures/T_Wood_Pattern_16_BC.PNG
  artifactKey: Guid(4de6c89cbbe7fd44e83d954f0457d24d) Importer(2089858483,0ecaa5967403d082aa24f35e1b516d23)
Start importing Assets/JejumokGwana/Textures/T_Wood_Pattern_16_BC.PNG using Guid(4de6c89cbbe7fd44e83d954f0457d24d) Importer(2089858483,0ecaa5967403d082aa24f35e1b516d23) Generated GUIDs only implemented for interfaces!
 -> (artifact id: '91b7565f1c26fe1137ad5815cf38f3a6') in 0.229297 seconds
Number of updated asset objects reloaded before import = 0
Number of asset objects unloaded after import = 1
========================================================================
Received Import Request.
  Time since last request: 0.007632 seconds.
  path: Assets/JejumokGwana/Textures/T_Wood_Pattern_07_N.PNG
  artifactKey: Guid(a4d215cf6e6379e4aa971a58bc83e39b) Importer(2089858483,0ecaa5967403d082aa24f35e1b516d23)
Start importing Assets/JejumokGwana/Textures/T_Wood_Pattern_07_N.PNG using Guid(a4d215cf6e6379e4aa971a58bc83e39b) Importer(2089858483,0ecaa5967403d082aa24f35e1b516d23) Generated GUIDs only implemented for interfaces!
 -> (artifact id: 'ed07e48e4d48c68a4b02563a64bddb55') in 0.088199 seconds
Number of updated asset objects reloaded before import = 0
Number of asset objects unloaded after import = 1
========================================================================
Received Import Request.
  Time since last request: 0.001019 seconds.
  path: Assets/JejumokGwana/Textures/T_Signages_03.PNG
  artifactKey: Guid(6c3760a4ca2f5784aa04770290561253) Importer(2089858483,0ecaa5967403d082aa24f35e1b516d23)
Start importing Assets/JejumokGwana/Textures/T_Signages_03.PNG using Guid(6c3760a4ca2f5784aa04770290561253) Importer(2089858483,0ecaa5967403d082aa24f35e1b516d23) Generated GUIDs only implemented for interfaces!
 -> (artifact id: 'f8d66bad3c762126edd6bf0fe8220b67') in 0.111587 seconds
Number of updated asset objects reloaded before import = 0
Number of asset objects unloaded after import = 1
========================================================================
Received Import Request.
  Time since last request: 0.006443 seconds.
  path: Assets/JejumokGwana/Meshes/Decoration/SM_GwandeokjongIllustB.fbx
  artifactKey: Guid(254f78ec09bbc10429ed4ed53f275f0b) Importer(2089858483,0ecaa5967403d082aa24f35e1b516d23)
Start importing Assets/JejumokGwana/Meshes/Decoration/SM_GwandeokjongIllustB.fbx using Guid(254f78ec09bbc10429ed4ed53f275f0b) Importer(2089858483,0ecaa5967403d082aa24f35e1b516d23) Generated GUIDs only implemented for interfaces!
 -> (artifact id: '240088230c159be9f364b834274c482a') in 0.118482 seconds
Number of updated asset objects reloaded before import = 0
Number of asset objects unloaded after import = 7
========================================================================
Received Import Request.
  Time since last request: 0.000264 seconds.
  path: Assets/JejumokGwana/Materials/M_Stone_01.mat
  artifactKey: Guid(03db56208f48ecc4c9cf8921bdda848c) Importer(2089858483,0ecaa5967403d082aa24f35e1b516d23)
Start importing Assets/JejumokGwana/Materials/M_Stone_01.mat using Guid(03db56208f48ecc4c9cf8921bdda848c) Importer(2089858483,0ecaa5967403d082aa24f35e1b516d23) Generated GUIDs only implemented for interfaces!
 -> (artifact id: '4a59341d569269a09d817e1e74a79e72') in 0.189724 seconds
Number of updated asset objects reloaded before import = 0
Number of asset objects unloaded after import = 3
========================================================================
Received Import Request.
  Time since last request: 0.000065 seconds.
  path: Assets/JejumokGwana/Textures/T_Roof_04_R.PNG
  artifactKey: Guid(30d63e25974eb6c46afe342c3197617c) Importer(2089858483,0ecaa5967403d082aa24f35e1b516d23)
Start importing Assets/JejumokGwana/Textures/T_Roof_04_R.PNG using Guid(30d63e25974eb6c46afe342c3197617c) Importer(2089858483,0ecaa5967403d082aa24f35e1b516d23) Generated GUIDs only implemented for interfaces!
 -> (artifact id: 'df0c26d9d4a00b1c631f6956872680ac') in 0.088656 seconds
Number of updated asset objects reloaded before import = 0
Number of asset objects unloaded after import = 1
========================================================================
Received Import Request.
  Time since last request: 0.004256 seconds.
  path: Assets/Character Pack/Texture/Sword_SPEC.png
  artifactKey: Guid(e84dfbcd99a605d43bbc3d79cc8f78d1) Importer(2089858483,0ecaa5967403d082aa24f35e1b516d23)
Start importing Assets/Character Pack/Texture/Sword_SPEC.png using Guid(e84dfbcd99a605d43bbc3d79cc8f78d1) Importer(2089858483,0ecaa5967403d082aa24f35e1b516d23) Generated GUIDs only implemented for interfaces!
 -> (artifact id: '0bbc61df78b75d58ef033a11ab18bbd6') in 0.067708 seconds
Number of updated asset objects reloaded before import = 0
Number of asset objects unloaded after import = 1
========================================================================
Received Import Request.
  Time since last request: 0.000083 seconds.
  path: Assets/JejumokGwana/Prefabs/Floors/Brick_01.prefab
  artifactKey: Guid(0451e372221146148a48d66740da0941) Importer(2089858483,3d70f49cd1c2eb9ae422958d1c652c6b)
Start importing Assets/JejumokGwana/Prefabs/Floors/Brick_01.prefab using Guid(0451e372221146148a48d66740da0941) Importer(2089858483,3d70f49cd1c2eb9ae422958d1c652c6b) Generated GUIDs only implemented for interfaces!
 -> (artifact id: '7d08288f0f70788eeaf3242111fa4c89') in 0.031680 seconds
Number of updated asset objects reloaded before import = 0
Number of asset objects unloaded after import = 8
========================================================================
Received Import Request.
  Time since last request: 0.000226 seconds.
  path: Assets/Character Pack/Texture/Materials/sword_dm.mat
  artifactKey: Guid(1356ca4b77fea384d93bee906fc158fe) Importer(2089858483,0ecaa5967403d082aa24f35e1b516d23)
Start importing Assets/Character Pack/Texture/Materials/sword_dm.mat using Guid(1356ca4b77fea384d93bee906fc158fe) Importer(2089858483,0ecaa5967403d082aa24f35e1b516d23) Generated GUIDs only implemented for interfaces!
 -> (artifact id: 'a751f271cb8664887801ceff6093fa42') in 0.043558 seconds
Number of updated asset objects reloaded before import = 0
Number of asset objects unloaded after import = 2
========================================================================
Received Import Request.
  Time since last request: 3.149949 seconds.
  path: Assets/JejumokGwana/Materials/M_Stonewall_Roof_01.mat
  artifactKey: Guid(5b49cb1934988ea4ba67cb7d6ce6ce69) Importer(2089858483,0ecaa5967403d082aa24f35e1b516d23)
Start importing Assets/JejumokGwana/Materials/M_Stonewall_Roof_01.mat using Guid(5b49cb1934988ea4ba67cb7d6ce6ce69) Importer(2089858483,0ecaa5967403d082aa24f35e1b516d23) Generated GUIDs only implemented for interfaces!
 -> (artifact id: '1a36829f014362c4a421c4a437d5e472') in 0.053595 seconds
Number of updated asset objects reloaded before import = 0
Number of asset objects unloaded after import = 4
========================================================================
Received Import Request.
  Time since last request: 0.000048 seconds.
  path: Assets/JejumokGwana/Materials/M_Wood_Pattern_15.mat
  artifactKey: Guid(0951e0d854a3e6545862527ecdbb5c10) Importer(2089858483,0ecaa5967403d082aa24f35e1b516d23)
Start importing Assets/JejumokGwana/Materials/M_Wood_Pattern_15.mat using Guid(0951e0d854a3e6545862527ecdbb5c10) Importer(2089858483,0ecaa5967403d082aa24f35e1b516d23) Generated GUIDs only implemented for interfaces!
 -> (artifact id: '172f6349e9c0f07d2223534a80512f9f') in 0.041304 seconds
Number of updated asset objects reloaded before import = 0
Number of asset objects unloaded after import = 3
========================================================================
Received Import Request.
  Time since last request: 0.000046 seconds.
  path: Assets/JejumokGwana/Materials/M_Wood_Pattern_22.mat
  artifactKey: Guid(e80a05768cf91f843a65e9cfbdfb294f) Importer(2089858483,0ecaa5967403d082aa24f35e1b516d23)
Start importing Assets/JejumokGwana/Materials/M_Wood_Pattern_22.mat using Guid(e80a05768cf91f843a65e9cfbdfb294f) Importer(2089858483,0ecaa5967403d082aa24f35e1b516d23) Generated GUIDs only implemented for interfaces!
 -> (artifact id: '9b4187c3ed0d672e7b64baf07a57d3ee') in 0.104629 seconds
Number of updated asset objects reloaded before import = 0
Number of asset objects unloaded after import = 3
========================================================================
Received Import Request.
  Time since last request: 0.000093 seconds.
  path: Assets/JejumokGwana/Materials/M_Ground_03.mat
  artifactKey: Guid(12a0fb6bd8cb77f4b9cb1e4d2a225698) Importer(2089858483,0ecaa5967403d082aa24f35e1b516d23)
Start importing Assets/JejumokGwana/Materials/M_Ground_03.mat using Guid(12a0fb6bd8cb77f4b9cb1e4d2a225698) Importer(2089858483,0ecaa5967403d082aa24f35e1b516d23) Generated GUIDs only implemented for interfaces!
 -> (artifact id: 'f01b74583b86b057ffb9629df2ba20e8') in 0.083590 seconds
Number of updated asset objects reloaded before import = 0
Number of asset objects unloaded after import = 3
========================================================================
Received Import Request.
  Time since last request: 0.000021 seconds.
  path: Assets/JejumokGwana/Materials/M_Wood_Pattern_18.mat
  artifactKey: Guid(74600f3caff7f2a40a6692f5f2b2ce84) Importer(2089858483,0ecaa5967403d082aa24f35e1b516d23)
Start importing Assets/JejumokGwana/Materials/M_Wood_Pattern_18.mat using Guid(74600f3caff7f2a40a6692f5f2b2ce84) Importer(2089858483,0ecaa5967403d082aa24f35e1b516d23) Generated GUIDs only implemented for interfaces!
 -> (artifact id: '127c62ae0bb1a83d79158263cb7ae0e8') in 0.046536 seconds
Number of updated asset objects reloaded before import = 0
Number of asset objects unloaded after import = 3
========================================================================
Received Import Request.
  Time since last request: 0.000018 seconds.
  path: Assets/JejumokGwana/Materials/M_Wood_Pattern_06.mat
  artifactKey: Guid(c008e53064eb74e498e675dbd7fc2da4) Importer(2089858483,0ecaa5967403d082aa24f35e1b516d23)
Start importing Assets/JejumokGwana/Materials/M_Wood_Pattern_06.mat using Guid(c008e53064eb74e498e675dbd7fc2da4) Importer(2089858483,0ecaa5967403d082aa24f35e1b516d23) Generated GUIDs only implemented for interfaces!
 -> (artifact id: '11297d4dfc04c58bc8d4068feeb0494d') in 0.062291 seconds
Number of updated asset objects reloaded before import = 0
Number of asset objects unloaded after import = 3
========================================================================
Received Import Request.
  Time since last request: 0.000039 seconds.
  path: Assets/JejumokGwana/Materials/M_Signages 5.mat
  artifactKey: Guid(8a4a50a86d22aa04196307859c7917c2) Importer(2089858483,0ecaa5967403d082aa24f35e1b516d23)
Start importing Assets/JejumokGwana/Materials/M_Signages 5.mat using Guid(8a4a50a86d22aa04196307859c7917c2) Importer(2089858483,0ecaa5967403d082aa24f35e1b516d23) Generated GUIDs only implemented for interfaces!
 -> (artifact id: '0d04814fb310a9dd039cfb18f529e109') in 0.031790 seconds
Number of updated asset objects reloaded before import = 0
Number of asset objects unloaded after import = 2
========================================================================
Received Import Request.
  Time since last request: 0.000031 seconds.
  path: Assets/JejumokGwana/Materials/M_Stone_03.mat
  artifactKey: Guid(322c0b46cee762f4dbd6f954af0e8359) Importer(2089858483,0ecaa5967403d082aa24f35e1b516d23)
Start importing Assets/JejumokGwana/Materials/M_Stone_03.mat using Guid(322c0b46cee762f4dbd6f954af0e8359) Importer(2089858483,0ecaa5967403d082aa24f35e1b516d23) Generated GUIDs only implemented for interfaces!
 -> (artifact id: 'eb0c1ecacaadc21906428dada980e8f0') in 0.042203 seconds
Number of updated asset objects reloaded before import = 0
Number of asset objects unloaded after import = 4
========================================================================
Received Import Request.
  Time since last request: 0.000031 seconds.
  path: Assets/JejumokGwana/Materials/M_Wood_Pattern_01.mat
  artifactKey: Guid(ad6a12f72b639224bb6d7caaf51b7c91) Importer(2089858483,0ecaa5967403d082aa24f35e1b516d23)
Start importing Assets/JejumokGwana/Materials/M_Wood_Pattern_01.mat using Guid(ad6a12f72b639224bb6d7caaf51b7c91) Importer(2089858483,0ecaa5967403d082aa24f35e1b516d23) Generated GUIDs only implemented for interfaces!
 -> (artifact id: '3741a4c132bde150c59b8bd0687b9fab') in 0.110442 seconds
Number of updated asset objects reloaded before import = 0
Number of asset objects unloaded after import = 3
========================================================================
Received Import Request.
  Time since last request: 0.000104 seconds.
  path: Assets/JejumokGwana/Materials/M_Wood_Pattern_10.mat
  artifactKey: Guid(565ceb99a19440943abb9d47809537c5) Importer(2089858483,0ecaa5967403d082aa24f35e1b516d23)
Start importing Assets/JejumokGwana/Materials/M_Wood_Pattern_10.mat using Guid(565ceb99a19440943abb9d47809537c5) Importer(2089858483,0ecaa5967403d082aa24f35e1b516d23) Generated GUIDs only implemented for interfaces!
 -> (artifact id: 'a5222fd270fa8caa77d79f9de55d2be1') in 0.043770 seconds
Number of updated asset objects reloaded before import = 0
Number of asset objects unloaded after import = 3
========================================================================
Received Import Request.
  Time since last request: 0.000034 seconds.
  path: Assets/JejumokGwana/Materials/M_Ground_01.mat
  artifactKey: Guid(59bf7d7a1a8c3a44eb7078cb40ab89f2) Importer(2089858483,0ecaa5967403d082aa24f35e1b516d23)
Start importing Assets/JejumokGwana/Materials/M_Ground_01.mat using Guid(59bf7d7a1a8c3a44eb7078cb40ab89f2) Importer(2089858483,0ecaa5967403d082aa24f35e1b516d23) Generated GUIDs only implemented for interfaces!
 -> (artifact id: 'd4858aeeb02967b40e6c04302fd97a7f') in 0.108863 seconds
Number of updated asset objects reloaded before import = 0
Number of asset objects unloaded after import = 3
========================================================================
Received Import Request.
  Time since last request: 0.000033 seconds.
  path: Assets/JejumokGwana/Materials/M_Wood_02.mat
  artifactKey: Guid(632b59163daa7084abf5e26fcab7a9e7) Importer(2089858483,0ecaa5967403d082aa24f35e1b516d23)
Start importing Assets/JejumokGwana/Materials/M_Wood_02.mat using Guid(632b59163daa7084abf5e26fcab7a9e7) Importer(2089858483,0ecaa5967403d082aa24f35e1b516d23) Generated GUIDs only implemented for interfaces!
 -> (artifact id: '0b3ba2e14d2ada0860c9ba35f9a3e1b9') in 0.077074 seconds
Number of updated asset objects reloaded before import = 0
Number of asset objects unloaded after import = 3
========================================================================
Received Import Request.
  Time since last request: 0.000027 seconds.
  path: Assets/JejumokGwana/Materials/M_Wood_Pattern_03.mat
  artifactKey: Guid(1ad7599a96ce49f4bbcf62ec036ef21e) Importer(2089858483,0ecaa5967403d082aa24f35e1b516d23)
Start importing Assets/JejumokGwana/Materials/M_Wood_Pattern_03.mat using Guid(1ad7599a96ce49f4bbcf62ec036ef21e) Importer(2089858483,0ecaa5967403d082aa24f35e1b516d23) Generated GUIDs only implemented for interfaces!
 -> (artifact id: '7c4220d0808ac82020b37fdcf5f35e4f') in 0.070176 seconds
Number of updated asset objects reloaded before import = 0
Number of asset objects unloaded after import = 3
========================================================================
Received Import Request.
  Time since last request: 0.000048 seconds.
  path: Assets/JejumokGwana/Materials/M_Signages 7.mat
  artifactKey: Guid(142f81db18f36154fbf4581c927b1b30) Importer(2089858483,0ecaa5967403d082aa24f35e1b516d23)
Start importing Assets/JejumokGwana/Materials/M_Signages 7.mat using Guid(142f81db18f36154fbf4581c927b1b30) Importer(2089858483,0ecaa5967403d082aa24f35e1b516d23) Generated GUIDs only implemented for interfaces!
 -> (artifact id: '50c6e8fe6ce34316b8ea7dbf71f0e525') in 0.026647 seconds
Number of updated asset objects reloaded before import = 0
Number of asset objects unloaded after import = 2
========================================================================
Received Import Request.
  Time since last request: 0.000030 seconds.
  path: Assets/JejumokGwana/Materials/M_Wood_Pattern_07.mat
  artifactKey: Guid(59c489dcde36e1b43a230ed81ab8e13d) Importer(2089858483,0ecaa5967403d082aa24f35e1b516d23)
Start importing Assets/JejumokGwana/Materials/M_Wood_Pattern_07.mat using Guid(59c489dcde36e1b43a230ed81ab8e13d) Importer(2089858483,0ecaa5967403d082aa24f35e1b516d23) Generated GUIDs only implemented for interfaces!
 -> (artifact id: '2e7891db2547747f6bbeee374e92e8fa') in 0.060073 seconds
Number of updated asset objects reloaded before import = 0
Number of asset objects unloaded after import = 3
========================================================================
Received Import Request.
  Time since last request: 0.000048 seconds.
  path: Assets/JejumokGwana/Materials/M_Wood_05.mat
  artifactKey: Guid(5a41eca4cb37f5f499de6bd89cd4f5a6) Importer(2089858483,0ecaa5967403d082aa24f35e1b516d23)
Start importing Assets/JejumokGwana/Materials/M_Wood_05.mat using Guid(5a41eca4cb37f5f499de6bd89cd4f5a6) Importer(2089858483,0ecaa5967403d082aa24f35e1b516d23) Generated GUIDs only implemented for interfaces!
 -> (artifact id: 'f24c9d01af5084928b1938bab2a90d7a') in 0.050020 seconds
Number of updated asset objects reloaded before import = 0
Number of asset objects unloaded after import = 3
========================================================================
Received Import Request.
  Time since last request: 0.000020 seconds.
  path: Assets/JejumokGwana/Materials/M_Signages 2.mat
  artifactKey: Guid(a92ca5b896f0cea4ab184fc0566a8fa0) Importer(2089858483,0ecaa5967403d082aa24f35e1b516d23)
Start importing Assets/JejumokGwana/Materials/M_Signages 2.mat using Guid(a92ca5b896f0cea4ab184fc0566a8fa0) Importer(2089858483,0ecaa5967403d082aa24f35e1b516d23) Generated GUIDs only implemented for interfaces!
 -> (artifact id: 'a9ba8fb408ce5a0c560eb55800df38a1') in 0.034267 seconds
Number of updated asset objects reloaded before import = 0
Number of asset objects unloaded after import = 2
========================================================================
Received Import Request.
  Time since last request: 0.000024 seconds.
  path: Assets/JejumokGwana/Materials/M_Ground_05.mat
  artifactKey: Guid(090c48af2994b1a4d8539d0c5e097d22) Importer(2089858483,0ecaa5967403d082aa24f35e1b516d23)
Start importing Assets/JejumokGwana/Materials/M_Ground_05.mat using Guid(090c48af2994b1a4d8539d0c5e097d22) Importer(2089858483,0ecaa5967403d082aa24f35e1b516d23) Generated GUIDs only implemented for interfaces!
 -> (artifact id: 'e39df933beb46dbefb72d97ed02377f6') in 0.072110 seconds
Number of updated asset objects reloaded before import = 0
Number of asset objects unloaded after import = 3
========================================================================
Received Import Request.
  Time since last request: 0.000072 seconds.
  path: Assets/JejumokGwana/Materials/M_Wood_04.mat
  artifactKey: Guid(94ca4ac4a0eaf414d90db546d64e5042) Importer(2089858483,0ecaa5967403d082aa24f35e1b516d23)
Start importing Assets/JejumokGwana/Materials/M_Wood_04.mat using Guid(94ca4ac4a0eaf414d90db546d64e5042) Importer(2089858483,0ecaa5967403d082aa24f35e1b516d23) Generated GUIDs only implemented for interfaces!
 -> (artifact id: '9d99253ff946243b33d23fafd361a4b0') in 0.037566 seconds
Number of updated asset objects reloaded before import = 0
Number of asset objects unloaded after import = 4
========================================================================
Received Import Request.
  Time since last request: 0.000037 seconds.
  path: Assets/JejumokGwana/Materials/M_Door_01.mat
  artifactKey: Guid(28697870b564d4e47acf36c69e20d469) Importer(2089858483,0ecaa5967403d082aa24f35e1b516d23)
Start importing Assets/JejumokGwana/Materials/M_Door_01.mat using Guid(28697870b564d4e47acf36c69e20d469) Importer(2089858483,0ecaa5967403d082aa24f35e1b516d23) Generated GUIDs only implemented for interfaces!
 -> (artifact id: '04b95245ed89453b1d61e76451830726') in 0.122926 seconds
Number of updated asset objects reloaded before import = 0
Number of asset objects unloaded after import = 3
========================================================================
Received Import Request.
  Time since last request: 0.000038 seconds.
  path: Assets/JejumokGwana/Materials/M_Landscape_Master.mat
  artifactKey: Guid(43f9066ce5b876343afa8997f5220998) Importer(2089858483,0ecaa5967403d082aa24f35e1b516d23)
Start importing Assets/JejumokGwana/Materials/M_Landscape_Master.mat using Guid(43f9066ce5b876343afa8997f5220998) Importer(2089858483,0ecaa5967403d082aa24f35e1b516d23) Generated GUIDs only implemented for interfaces!
 -> (artifact id: '0fa5e31a1bb3e8d5cbb4e9709e787d91') in 0.033996 seconds
Number of updated asset objects reloaded before import = 0
Number of asset objects unloaded after import = 3
========================================================================
Received Import Request.
  Time since last request: 0.000059 seconds.
  path: Assets/JejumokGwana/Materials/M_Wood_Pattern_05.mat
  artifactKey: Guid(c1ce1879192a4374584835a88d382085) Importer(2089858483,0ecaa5967403d082aa24f35e1b516d23)
Start importing Assets/JejumokGwana/Materials/M_Wood_Pattern_05.mat using Guid(c1ce1879192a4374584835a88d382085) Importer(2089858483,0ecaa5967403d082aa24f35e1b516d23) Generated GUIDs only implemented for interfaces!
 -> (artifact id: '8fd841acd8ba07c38eb59f85657e8cb8') in 0.061273 seconds
Number of updated asset objects reloaded before import = 0
Number of asset objects unloaded after import = 3
========================================================================
Received Import Request.
  Time since last request: 0.000027 seconds.
  path: Assets/JejumokGwana/Materials/M_Wood_Pattern_14.mat
  artifactKey: Guid(34323ce6007f0e841b2172fbbff4a90a) Importer(2089858483,0ecaa5967403d082aa24f35e1b516d23)
Start importing Assets/JejumokGwana/Materials/M_Wood_Pattern_14.mat using Guid(34323ce6007f0e841b2172fbbff4a90a) Importer(2089858483,0ecaa5967403d082aa24f35e1b516d23) Generated GUIDs only implemented for interfaces!
 -> (artifact id: 'f3fd95e5778cf50967f8c2cfcc689f61') in 0.031046 seconds
Number of updated asset objects reloaded before import = 0
Number of asset objects unloaded after import = 3
========================================================================
Received Import Request.
  Time since last request: 0.000027 seconds.
  path: Assets/JejumokGwana/Materials/M_Wood_Pattern_26.mat
  artifactKey: Guid(1c6cef1cdfe72b5489d48198854e6052) Importer(2089858483,0ecaa5967403d082aa24f35e1b516d23)
Start importing Assets/JejumokGwana/Materials/M_Wood_Pattern_26.mat using Guid(1c6cef1cdfe72b5489d48198854e6052) Importer(2089858483,0ecaa5967403d082aa24f35e1b516d23) Generated GUIDs only implemented for interfaces!
 -> (artifact id: 'd65157049f6fe388224f4aa279d250e0') in 0.042406 seconds
Number of updated asset objects reloaded before import = 0
Number of asset objects unloaded after import = 3
========================================================================
Received Import Request.
  Time since last request: 19.406294 seconds.
  path: Assets/JejumokGwana/Textures/T_Bricks_Stone_01_BC.PNG
  artifactKey: Guid(eef4427c1258f014c89f4d2c1cea7de5) Importer(815301076,1909f56bfc062723c751e8b465ee728b)
Start importing Assets/JejumokGwana/Textures/T_Bricks_Stone_01_BC.PNG using Guid(eef4427c1258f014c89f4d2c1cea7de5) Importer(815301076,1909f56bfc062723c751e8b465ee728b)  -> (artifact id: 'f4b4d7a7385061dfdc688c8eda0acece') in 0.062511 seconds
Number of updated asset objects reloaded before import = 0
Number of asset objects unloaded after import = 2
========================================================================
Received Import Request.
  Time since last request: 0.000088 seconds.
  path: Assets/JejumokGwana/Textures/T_Concrete_Light_R.PNG
  artifactKey: Guid(d4ac09a62805a614e81588d1dbd51b34) Importer(815301076,1909f56bfc062723c751e8b465ee728b)
Start importing Assets/JejumokGwana/Textures/T_Concrete_Light_R.PNG using Guid(d4ac09a62805a614e81588d1dbd51b34) Importer(815301076,1909f56bfc062723c751e8b465ee728b)  -> (artifact id: '5102d6a72d0b9f066f1f215006886da8') in 0.020679 seconds
Number of updated asset objects reloaded before import = 0
Number of asset objects unloaded after import = 2
========================================================================
Received Import Request.
  Time since last request: 0.000016 seconds.
  path: Assets/JejumokGwana/Textures/T_Concrete_Light_N.PNG
  artifactKey: Guid(8d4a0702026419144b907ad93d7e6706) Importer(815301076,1909f56bfc062723c751e8b465ee728b)
Start importing Assets/JejumokGwana/Textures/T_Concrete_Light_N.PNG using Guid(8d4a0702026419144b907ad93d7e6706) Importer(815301076,1909f56bfc062723c751e8b465ee728b)  -> (artifact id: '7b370142c9bea9f4fff510faabd44d7e') in 0.029802 seconds
Number of updated asset objects reloaded before import = 0
Number of asset objects unloaded after import = 2
========================================================================
Received Import Request.
  Time since last request: 0.000041 seconds.
  path: Assets/JejumokGwana/Textures/T_Door_02_BC.PNG
  artifactKey: Guid(c33ff6c2cd77a3d4b9cb8a40540da97c) Importer(815301076,1909f56bfc062723c751e8b465ee728b)
Start importing Assets/JejumokGwana/Textures/T_Door_02_BC.PNG using Guid(c33ff6c2cd77a3d4b9cb8a40540da97c) Importer(815301076,1909f56bfc062723c751e8b465ee728b)  -> (artifact id: 'a15cf7c00bd185ee4ec919ca2a5caf06') in 0.021350 seconds
Number of updated asset objects reloaded before import = 0
Number of asset objects unloaded after import = 2
========================================================================
Received Import Request.
  Time since last request: 0.000044 seconds.
  path: Assets/JejumokGwana/Textures/T_Ground_03_BC.PNG
  artifactKey: Guid(17c05e9e287cc2f48a6885a4d05fba6d) Importer(815301076,1909f56bfc062723c751e8b465ee728b)
Start importing Assets/JejumokGwana/Textures/T_Ground_03_BC.PNG using Guid(17c05e9e287cc2f48a6885a4d05fba6d) Importer(815301076,1909f56bfc062723c751e8b465ee728b)  -> (artifact id: '5a4b1128ba490a127aa9263cf31ef87b') in 0.027977 seconds
Number of updated asset objects reloaded before import = 0
Number of asset objects unloaded after import = 2
========================================================================
Received Import Request.
  Time since last request: 0.000026 seconds.
  path: Assets/JejumokGwana/Textures/T_Concretes_white_R.PNG
  artifactKey: Guid(c462403d0041fa849ba1faf2ebec9d1b) Importer(815301076,1909f56bfc062723c751e8b465ee728b)
Start importing Assets/JejumokGwana/Textures/T_Concretes_white_R.PNG using Guid(c462403d0041fa849ba1faf2ebec9d1b) Importer(815301076,1909f56bfc062723c751e8b465ee728b)  -> (artifact id: '6aa718f38f5eea9ca7118901fae5bc29') in 0.025310 seconds
Number of updated asset objects reloaded before import = 0
Number of asset objects unloaded after import = 2
========================================================================
Received Import Request.
  Time since last request: 0.000034 seconds.
  path: Assets/JejumokGwana/Textures/T_Ground_02_N.PNG
  artifactKey: Guid(03480ed3928f440459a13134bfc95411) Importer(815301076,1909f56bfc062723c751e8b465ee728b)
Start importing Assets/JejumokGwana/Textures/T_Ground_02_N.PNG using Guid(03480ed3928f440459a13134bfc95411) Importer(815301076,1909f56bfc062723c751e8b465ee728b)  -> (artifact id: '630de994e99069b26c6bcd903b6d4a8d') in 0.040406 seconds
Number of updated asset objects reloaded before import = 0
Number of asset objects unloaded after import = 2
========================================================================
Received Import Request.
  Time since last request: 0.000020 seconds.
  path: Assets/JejumokGwana/Textures/T_Concretes_white_N.PNG
  artifactKey: Guid(76af5e112f1e6d945b82c9c82c1c9ad5) Importer(815301076,1909f56bfc062723c751e8b465ee728b)
Start importing Assets/JejumokGwana/Textures/T_Concretes_white_N.PNG using Guid(76af5e112f1e6d945b82c9c82c1c9ad5) Importer(815301076,1909f56bfc062723c751e8b465ee728b)  -> (artifact id: 'aecdb7e9541800ce611466a062189648') in 0.041782 seconds
Number of updated asset objects reloaded before import = 0
Number of asset objects unloaded after import = 2
========================================================================
Received Import Request.
  Time since last request: 0.000032 seconds.
  path: Assets/JejumokGwana/Textures/T_Door_01_BC.PNG
  artifactKey: Guid(d4aecb0f97e379742a59374bfbbe9508) Importer(815301076,1909f56bfc062723c751e8b465ee728b)
Start importing Assets/JejumokGwana/Textures/T_Door_01_BC.PNG using Guid(d4aecb0f97e379742a59374bfbbe9508) Importer(815301076,1909f56bfc062723c751e8b465ee728b)  -> (artifact id: '02afaa3f084262fe35141a1bcd34bd7f') in 0.026312 seconds
Number of updated asset objects reloaded before import = 0
Number of asset objects unloaded after import = 2
========================================================================
Received Import Request.
  Time since last request: 0.000029 seconds.
  path: Assets/JejumokGwana/Textures/T_Concretes_white_BC.PNG
  artifactKey: Guid(49d966f02aefa2749b5744456019bbd1) Importer(815301076,1909f56bfc062723c751e8b465ee728b)
Start importing Assets/JejumokGwana/Textures/T_Concretes_white_BC.PNG using Guid(49d966f02aefa2749b5744456019bbd1) Importer(815301076,1909f56bfc062723c751e8b465ee728b)  -> (artifact id: '69588c90e00be0972ccc19f8e942e7df') in 0.027689 seconds
Number of updated asset objects reloaded before import = 0
Number of asset objects unloaded after import = 2
========================================================================
Received Import Request.
  Time since last request: 0.000021 seconds.
  path: Assets/JejumokGwana/Textures/T_Bricks_Stone_02_N.PNG
  artifactKey: Guid(484e9b78a396a1c43a7350cb70e25425) Importer(815301076,1909f56bfc062723c751e8b465ee728b)
Start importing Assets/JejumokGwana/Textures/T_Bricks_Stone_02_N.PNG using Guid(484e9b78a396a1c43a7350cb70e25425) Importer(815301076,1909f56bfc062723c751e8b465ee728b)  -> (artifact id: 'f86a4155a714a6ad94f5817dc8e730a9') in 0.021068 seconds
Number of updated asset objects reloaded before import = 0
Number of asset objects unloaded after import = 2
========================================================================
Received Import Request.
  Time since last request: 47.530535 seconds.
  path: Assets/Character Pack/samuzai_animation_ok.FBX
  artifactKey: Guid(e156495aa9aa3424d85dac51d5fdbd21) Importer(815301076,1909f56bfc062723c751e8b465ee728b)
Start importing Assets/Character Pack/samuzai_animation_ok.FBX using Guid(e156495aa9aa3424d85dac51d5fdbd21) Importer(815301076,1909f56bfc062723c751e8b465ee728b)  -> (artifact id: '7b144c3b249188475d2850ca1463abdb') in 1.306054 seconds
Number of updated asset objects reloaded before import = 0
Number of asset objects unloaded after import = 200
========================================================================
Received Import Request.
  Time since last request: 1.790749 seconds.
  path: Assets/Character Pack/scene2.unity
  artifactKey: Guid(2be4b6f0f99493a4f817dc362ad4ea9c) Importer(815301076,1909f56bfc062723c751e8b465ee728b)
Start importing Assets/Character Pack/scene2.unity using Guid(2be4b6f0f99493a4f817dc362ad4ea9c) Importer(815301076,1909f56bfc062723c751e8b465ee728b)  -> (artifact id: 'f737b8ff25c634926ff51345426c7e84') in 0.000680 seconds
Number of updated asset objects reloaded before import = 0
Number of asset objects unloaded after import = 0
========================================================================
Received Import Request.
  Time since last request: 39.045643 seconds.
  path: Assets/Character Pack/samuzai_animation_ok.FBX
  artifactKey: Guid(e156495aa9aa3424d85dac51d5fdbd21) Importer(815301076,1909f56bfc062723c751e8b465ee728b)
Start importing Assets/Character Pack/samuzai_animation_ok.FBX using Guid(e156495aa9aa3424d85dac51d5fdbd21) Importer(815301076,1909f56bfc062723c751e8b465ee728b)  -> (artifact id: '1e2abed15cf600a45ea142eaa1dc01dd') in 0.057340 seconds
Number of updated asset objects reloaded before import = 0
Number of asset objects unloaded after import = 199
========================================================================
Received Import Request.
  Time since last request: 0.100345 seconds.
  path: Assets/Character Pack/Materials/samuzai_animation_ok-20 - Default.mat
  artifactKey: Guid(da2b74ac11ca6a24e9f7e299a829ac85) Importer(2089858483,0ecaa5967403d082aa24f35e1b516d23)
Start importing Assets/Character Pack/Materials/samuzai_animation_ok-20 - Default.mat using Guid(da2b74ac11ca6a24e9f7e299a829ac85) Importer(2089858483,0ecaa5967403d082aa24f35e1b516d23) Generated GUIDs only implemented for interfaces!
 -> (artifact id: '039078b247970cb5cf4f5f2e94b58a76') in 0.013012 seconds
Number of updated asset objects reloaded before import = 0
Number of asset objects unloaded after import = 2
========================================================================
Received Import Request.
  Time since last request: 0.000021 seconds.
  path: Assets/JejumokGwana/Scenes/Overview.unity
  artifactKey: Guid(b53d7abf95ca1b646b857a8a8acd87e7) Importer(2089858483,0ecaa5967403d082aa24f35e1b516d23)
Start importing Assets/JejumokGwana/Scenes/Overview.unity using Guid(b53d7abf95ca1b646b857a8a8acd87e7) Importer(2089858483,0ecaa5967403d082aa24f35e1b516d23) Generated GUIDs only implemented for interfaces!
 -> (artifact id: 'f66a64ba304fd1c8d417db99b9e7e55a') in 0.016733 seconds
Number of updated asset objects reloaded before import = 0
Number of asset objects unloaded after import = 1
========================================================================
Received Import Request.
  Time since last request: 0.000022 seconds.
  path: Assets/Character Pack/Materials/samuzai_animation_ok-19 - Default1.mat
  artifactKey: Guid(4554227503f4c834fb0b922370508cc1) Importer(2089858483,0ecaa5967403d082aa24f35e1b516d23)
Start importing Assets/Character Pack/Materials/samuzai_animation_ok-19 - Default1.mat using Guid(4554227503f4c834fb0b922370508cc1) Importer(2089858483,0ecaa5967403d082aa24f35e1b516d23) Generated GUIDs only implemented for interfaces!
 -> (artifact id: '626d64318661afb7bd220bf83c82c568') in 0.015291 seconds
Number of updated asset objects reloaded before import = 0
Number of asset objects unloaded after import = 2
========================================================================
Received Import Request.
  Time since last request: 0.000021 seconds.
  path: Assets/Character Pack/Materials/samuzai_animation_ok-13 - Default.mat
  artifactKey: Guid(01c8458924acc9141adb65e1e542c748) Importer(2089858483,0ecaa5967403d082aa24f35e1b516d23)
Start importing Assets/Character Pack/Materials/samuzai_animation_ok-13 - Default.mat using Guid(01c8458924acc9141adb65e1e542c748) Importer(2089858483,0ecaa5967403d082aa24f35e1b516d23) Generated GUIDs only implemented for interfaces!
 -> (artifact id: '4fa48a734c58b37b87f992dcc2d203ae') in 0.015521 seconds
Number of updated asset objects reloaded before import = 0
Number of asset objects unloaded after import = 2
========================================================================
Received Import Request.
  Time since last request: 11.826079 seconds.
  path: Assets/Character Pack/Texture/Body_Opa.png
  artifactKey: Guid(41dda5cf20fcb5047adeb2ec0d9c3d1d) Importer(815301076,1909f56bfc062723c751e8b465ee728b)
Start importing Assets/Character Pack/Texture/Body_Opa.png using Guid(41dda5cf20fcb5047adeb2ec0d9c3d1d) Importer(815301076,1909f56bfc062723c751e8b465ee728b)  -> (artifact id: '62e2aa97214957338c832d17496e8c2d') in 0.023960 seconds
Number of updated asset objects reloaded before import = 0
Number of asset objects unloaded after import = 2
========================================================================
Received Import Request.
  Time since last request: 0.000021 seconds.
  path: Assets/Character Pack/Texture/Body_Spec.png
  artifactKey: Guid(2480b818680365c4eadc47cb360f223a) Importer(815301076,1909f56bfc062723c751e8b465ee728b)
Start importing Assets/Character Pack/Texture/Body_Spec.png using Guid(2480b818680365c4eadc47cb360f223a) Importer(815301076,1909f56bfc062723c751e8b465ee728b)  -> (artifact id: '9aa6496b79afb79a8421975fc1fcdbae') in 0.020047 seconds
Number of updated asset objects reloaded before import = 0
Number of asset objects unloaded after import = 2
========================================================================
Received Import Request.
  Time since last request: 0.000027 seconds.
  path: Assets/Character Pack/Texture/Head_Opa.png
  artifactKey: Guid(8b1ac871c10bb8542a3792b9e20b3a71) Importer(815301076,1909f56bfc062723c751e8b465ee728b)
Start importing Assets/Character Pack/Texture/Head_Opa.png using Guid(8b1ac871c10bb8542a3792b9e20b3a71) Importer(815301076,1909f56bfc062723c751e8b465ee728b)  -> (artifact id: '5ba50ed0bec5075836fe44b448839a5f') in 0.019883 seconds
Number of updated asset objects reloaded before import = 0
Number of asset objects unloaded after import = 2
========================================================================
Received Import Request.
  Time since last request: 0.000021 seconds.
  path: Assets/Character Pack/Texture/Sword_DM.png
  artifactKey: Guid(1a61d3675f0d46b43a84ed25051ccf14) Importer(815301076,1909f56bfc062723c751e8b465ee728b)
Start importing Assets/Character Pack/Texture/Sword_DM.png using Guid(1a61d3675f0d46b43a84ed25051ccf14) Importer(815301076,1909f56bfc062723c751e8b465ee728b)  -> (artifact id: '4276a8b5d0c022bf78fd0f1bdd26e7f2') in 0.019653 seconds
Number of updated asset objects reloaded before import = 0
Number of asset objects unloaded after import = 2
========================================================================
Received Import Request.
  Time since last request: 4.037107 seconds.
  path: Assets/JejumokGwana/Materials/M_Bricks_Stone_03.mat
  artifactKey: Guid(3c8a452379528fa498003307907fdbd0) Importer(815301076,1909f56bfc062723c751e8b465ee728b)
Start importing Assets/JejumokGwana/Materials/M_Bricks_Stone_03.mat using Guid(3c8a452379528fa498003307907fdbd0) Importer(815301076,1909f56bfc062723c751e8b465ee728b)  -> (artifact id: 'ead6a9c79217193eea85213897859708') in 0.047073 seconds
Number of updated asset objects reloaded before import = 0
Number of asset objects unloaded after import = 5
========================================================================
Received Import Request.
  Time since last request: 0.000027 seconds.
  path: Assets/JejumokGwana/Materials/M_Concretes_White.mat
  artifactKey: Guid(a91f91192b79ba349ae0ff8d4a08689b) Importer(815301076,1909f56bfc062723c751e8b465ee728b)
Start importing Assets/JejumokGwana/Materials/M_Concretes_White.mat using Guid(a91f91192b79ba349ae0ff8d4a08689b) Importer(815301076,1909f56bfc062723c751e8b465ee728b)  -> (artifact id: 'c1c8546bdd10367b505c7099b90b0e46') in 0.067833 seconds
Number of updated asset objects reloaded before import = 0
Number of asset objects unloaded after import = 5
========================================================================
Received Import Request.
  Time since last request: 0.000035 seconds.
  path: Assets/JejumokGwana/Materials/M_Door_01.mat
  artifactKey: Guid(28697870b564d4e47acf36c69e20d469) Importer(815301076,1909f56bfc062723c751e8b465ee728b)
Start importing Assets/JejumokGwana/Materials/M_Door_01.mat using Guid(28697870b564d4e47acf36c69e20d469) Importer(815301076,1909f56bfc062723c751e8b465ee728b)  -> (artifact id: '93046e4db7952d3219155376dbe19fe2') in 0.043256 seconds
Number of updated asset objects reloaded before import = 0
Number of asset objects unloaded after import = 4
========================================================================
Received Import Request.
  Time since last request: 0.000036 seconds.
  path: Assets/JejumokGwana/Materials/M_Signages 5.mat
  artifactKey: Guid(8a4a50a86d22aa04196307859c7917c2) Importer(815301076,1909f56bfc062723c751e8b465ee728b)
Start importing Assets/JejumokGwana/Materials/M_Signages 5.mat using Guid(8a4a50a86d22aa04196307859c7917c2) Importer(815301076,1909f56bfc062723c751e8b465ee728b)  -> (artifact id: '48df0ad53b8192ec0e8949c594a0faed') in 0.021404 seconds
Number of updated asset objects reloaded before import = 0
Number of asset objects unloaded after import = 3
========================================================================
Received Import Request.
  Time since last request: 0.000022 seconds.
  path: Assets/JejumokGwana/Materials/M_Roof_02.mat
  artifactKey: Guid(8a1f884cb9ad5da428a5ba09c7528d27) Importer(815301076,1909f56bfc062723c751e8b465ee728b)
Start importing Assets/JejumokGwana/Materials/M_Roof_02.mat using Guid(8a1f884cb9ad5da428a5ba09c7528d27) Importer(815301076,1909f56bfc062723c751e8b465ee728b)  -> (artifact id: '5309010f9e898ceebfc413cf8d8a68a8') in 0.047227 seconds
Number of updated asset objects reloaded before import = 0
Number of asset objects unloaded after import = 4
========================================================================
Received Import Request.
  Time since last request: 0.000067 seconds.
  path: Assets/JejumokGwana/Materials/M_Stone_01.mat
  artifactKey: Guid(03db56208f48ecc4c9cf8921bdda848c) Importer(815301076,1909f56bfc062723c751e8b465ee728b)
Start importing Assets/JejumokGwana/Materials/M_Stone_01.mat using Guid(03db56208f48ecc4c9cf8921bdda848c) Importer(815301076,1909f56bfc062723c751e8b465ee728b)  -> (artifact id: '6d3d6cfebd05de35165ca43d4ddde898') in 0.054226 seconds
Number of updated asset objects reloaded before import = 0
Number of asset objects unloaded after import = 4
========================================================================
Received Import Request.
  Time since last request: 0.000037 seconds.
  path: Assets/JejumokGwana/Materials/M_Ground_01.mat
  artifactKey: Guid(59bf7d7a1a8c3a44eb7078cb40ab89f2) Importer(815301076,1909f56bfc062723c751e8b465ee728b)
Start importing Assets/JejumokGwana/Materials/M_Ground_01.mat using Guid(59bf7d7a1a8c3a44eb7078cb40ab89f2) Importer(815301076,1909f56bfc062723c751e8b465ee728b)  -> (artifact id: 'a76ea2d10044e302877ac397b4410f87') in 0.046853 seconds
Number of updated asset objects reloaded before import = 0
Number of asset objects unloaded after import = 4
========================================================================
Received Import Request.
  Time since last request: 0.000031 seconds.
  path: Assets/JejumokGwana/Materials/M_Signages 9.mat
  artifactKey: Guid(073096547bd9ba84eb4406030d8f14a9) Importer(815301076,1909f56bfc062723c751e8b465ee728b)
Start importing Assets/JejumokGwana/Materials/M_Signages 9.mat using Guid(073096547bd9ba84eb4406030d8f14a9) Importer(815301076,1909f56bfc062723c751e8b465ee728b)  -> (artifact id: '0d0f245350fb423326f3e741e3d356d5') in 0.024131 seconds
Number of updated asset objects reloaded before import = 0
Number of asset objects unloaded after import = 3
========================================================================
Received Import Request.
  Time since last request: 0.000031 seconds.
  path: Assets/JejumokGwana/Materials/M_Roof_04.mat
  artifactKey: Guid(caba6d0af9177424e9742f293afc7862) Importer(815301076,1909f56bfc062723c751e8b465ee728b)
Start importing Assets/JejumokGwana/Materials/M_Roof_04.mat using Guid(caba6d0af9177424e9742f293afc7862) Importer(815301076,1909f56bfc062723c751e8b465ee728b)  -> (artifact id: '4b4137f1b0a2566de5102ae2370c33f4') in 0.028247 seconds
Number of updated asset objects reloaded before import = 0
Number of asset objects unloaded after import = 4
========================================================================
Received Import Request.
  Time since last request: 0.000023 seconds.
  path: Assets/JejumokGwana/Materials/M_Roof_03.mat
  artifactKey: Guid(02d44df21de7e934a8010635b0223e45) Importer(815301076,1909f56bfc062723c751e8b465ee728b)
Start importing Assets/JejumokGwana/Materials/M_Roof_03.mat using Guid(02d44df21de7e934a8010635b0223e45) Importer(815301076,1909f56bfc062723c751e8b465ee728b)  -> (artifact id: '29c55029c28d120debd5199a3cfbcac0') in 0.049369 seconds
Number of updated asset objects reloaded before import = 0
Number of asset objects unloaded after import = 4
========================================================================
Received Import Request.
  Time since last request: 0.000026 seconds.
  path: Assets/JejumokGwana/Materials/M_Signages 1.mat
  artifactKey: Guid(247d0cbe9b3f0c1459852457707c0d18) Importer(815301076,1909f56bfc062723c751e8b465ee728b)
Start importing Assets/JejumokGwana/Materials/M_Signages 1.mat using Guid(247d0cbe9b3f0c1459852457707c0d18) Importer(815301076,1909f56bfc062723c751e8b465ee728b)  -> (artifact id: 'e56d8cb29862dc79d58bda5700d618d9') in 0.026447 seconds
Number of updated asset objects reloaded before import = 0
Number of asset objects unloaded after import = 3
========================================================================
Received Import Request.
  Time since last request: 97.592816 seconds.
  path: Assets/Character Pack/Texture/Materials/sword_dm.mat
  artifactKey: Guid(1356ca4b77fea384d93bee906fc158fe) Importer(2089858483,0ecaa5967403d082aa24f35e1b516d23)
Start importing Assets/Character Pack/Texture/Materials/sword_dm.mat using Guid(1356ca4b77fea384d93bee906fc158fe) Importer(2089858483,0ecaa5967403d082aa24f35e1b516d23) Generated GUIDs only implemented for interfaces!
 -> (artifact id: 'e700cfface055d06691f354b1039b1fd') in 0.015899 seconds
Number of updated asset objects reloaded before import = 0
Number of asset objects unloaded after import = 2
========================================================================
Received Import Request.
  Time since last request: 0.000043 seconds.
  path: Assets/Scenes/SampleScene.unity
  artifactKey: Guid(99c9720ab356a0642a771bea13969a05) Importer(2089858483,0ecaa5967403d082aa24f35e1b516d23)
Start importing Assets/Scenes/SampleScene.unity using Guid(99c9720ab356a0642a771bea13969a05) Importer(2089858483,0ecaa5967403d082aa24f35e1b516d23) Generated GUIDs only implemented for interfaces!
 -> (artifact id: 'b2b2d15ac0c39210512f49c8e241343d') in 0.012545 seconds
Number of updated asset objects reloaded before import = 0
Number of asset objects unloaded after import = 1
========================================================================
Received Import Request.
  Time since last request: 70.046036 seconds.
  path: Assets/Materials/samuzai_animation_ok-13 - Default.mat
  artifactKey: Guid(7a7dadaf8d54b5246906aaf5a319f28d) Importer(2089858483,0ecaa5967403d082aa24f35e1b516d23)
Start importing Assets/Materials/samuzai_animation_ok-13 - Default.mat using Guid(7a7dadaf8d54b5246906aaf5a319f28d) Importer(2089858483,0ecaa5967403d082aa24f35e1b516d23) Generated GUIDs only implemented for interfaces!
 -> (artifact id: 'bc6dddd52d41e694a3e0dde02bc14974') in 0.026777 seconds
Number of updated asset objects reloaded before import = 0
Number of asset objects unloaded after import = 2
========================================================================
Received Import Request.
  Time since last request: 0.000037 seconds.
  path: Assets/Texture/Head_Opa.png
  artifactKey: Guid(c565358ca50819d49b176743564b945a) Importer(2089858483,0ecaa5967403d082aa24f35e1b516d23)
Start importing Assets/Texture/Head_Opa.png using Guid(c565358ca50819d49b176743564b945a) Importer(2089858483,0ecaa5967403d082aa24f35e1b516d23) Generated GUIDs only implemented for interfaces!
 -> (artifact id: '5db82c78e5bc6222713d085bd1c816d4') in 0.036610 seconds
Number of updated asset objects reloaded before import = 0
Number of asset objects unloaded after import = 1
========================================================================
Received Import Request.
  Time since last request: 0.000032 seconds.
  path: Assets/Texture/Body_NM .png
  artifactKey: Guid(cc57313ad52e8b24783c2f2cc1edc29e) Importer(2089858483,0ecaa5967403d082aa24f35e1b516d23)
Start importing Assets/Texture/Body_NM .png using Guid(cc57313ad52e8b24783c2f2cc1edc29e) Importer(2089858483,0ecaa5967403d082aa24f35e1b516d23) Generated GUIDs only implemented for interfaces!
 -> (artifact id: 'ba8b9145d348c7ea3b82e40a0f39e8fd') in 0.032443 seconds
Number of updated asset objects reloaded before import = 0
Number of asset objects unloaded after import = 1
========================================================================
Received Import Request.
  Time since last request: 0.000034 seconds.
  path: Assets/Materials/samuzai_animation_ok-20 - Default.mat
  artifactKey: Guid(21385bcde4a878649b5b6f408e5b4d68) Importer(2089858483,0ecaa5967403d082aa24f35e1b516d23)
Start importing Assets/Materials/samuzai_animation_ok-20 - Default.mat using Guid(21385bcde4a878649b5b6f408e5b4d68) Importer(2089858483,0ecaa5967403d082aa24f35e1b516d23) Generated GUIDs only implemented for interfaces!
 -> (artifact id: 'b5289b1ee52ff663544a7f18ccda41aa') in 0.023264 seconds
Number of updated asset objects reloaded before import = 0
Number of asset objects unloaded after import = 2
========================================================================
Received Import Request.
  Time since last request: 0.000027 seconds.
  path: Assets/Texture/Materials
  artifactKey: Guid(a3108e7e817cccf44a3dd2f93ddc256a) Importer(2089858483,0ecaa5967403d082aa24f35e1b516d23)
Start importing Assets/Texture/Materials using Guid(a3108e7e817cccf44a3dd2f93ddc256a) Importer(2089858483,0ecaa5967403d082aa24f35e1b516d23) Generated GUIDs only implemented for interfaces!
 -> (artifact id: '229767cdc0f8173e91d3db58dc865806') in 0.019407 seconds
Number of updated asset objects reloaded before import = 0
Number of asset objects unloaded after import = 1
========================================================================
Received Import Request.
  Time since last request: 0.000046 seconds.
  path: Assets/Texture/Sword_DM.png
  artifactKey: Guid(fdc71e606912f6941bc139e23bcd43d0) Importer(2089858483,0ecaa5967403d082aa24f35e1b516d23)
Start importing Assets/Texture/Sword_DM.png using Guid(fdc71e606912f6941bc139e23bcd43d0) Importer(2089858483,0ecaa5967403d082aa24f35e1b516d23) Generated GUIDs only implemented for interfaces!
 -> (artifact id: 'a37e4dc59136a2889a9806160660b5b7') in 0.042096 seconds
Number of updated asset objects reloaded before import = 0
Number of asset objects unloaded after import = 1
========================================================================
Received Import Request.
  Time since last request: 0.000030 seconds.
  path: Assets/Texture/Head_DM3 .png
  artifactKey: Guid(86fba6b01e11b804ea8ce4f37ca926e4) Importer(2089858483,0ecaa5967403d082aa24f35e1b516d23)
Start importing Assets/Texture/Head_DM3 .png using Guid(86fba6b01e11b804ea8ce4f37ca926e4) Importer(2089858483,0ecaa5967403d082aa24f35e1b516d23) Generated GUIDs only implemented for interfaces!
 -> (artifact id: 'f12584a33df35b4f3542bc0b45109edd') in 0.049631 seconds
Number of updated asset objects reloaded before import = 0
Number of asset objects unloaded after import = 1
========================================================================
Received Import Request.
  Time since last request: 0.000049 seconds.
  path: Assets/Materials/samuzai_animation_ok-19 - Default1.mat
  artifactKey: Guid(af4692166d030b648882bf120bafbb93) Importer(2089858483,0ecaa5967403d082aa24f35e1b516d23)
Start importing Assets/Materials/samuzai_animation_ok-19 - Default1.mat using Guid(af4692166d030b648882bf120bafbb93) Importer(2089858483,0ecaa5967403d082aa24f35e1b516d23) Generated GUIDs only implemented for interfaces!
 -> (artifact id: '0a1176e90d8535a10f4dd9a392585906') in 0.026743 seconds
Number of updated asset objects reloaded before import = 0
Number of asset objects unloaded after import = 2
========================================================================
Received Import Request.
  Time since last request: 0.000039 seconds.
  path: Assets/Texture/Head_Spec.png
  artifactKey: Guid(40f047e8811953f45996f20adee1db45) Importer(2089858483,0ecaa5967403d082aa24f35e1b516d23)
Start importing Assets/Texture/Head_Spec.png using Guid(40f047e8811953f45996f20adee1db45) Importer(2089858483,0ecaa5967403d082aa24f35e1b516d23) Generated GUIDs only implemented for interfaces!
 -> (artifact id: '6711a46f49fb4818b30ccb1b778c245b') in 0.038341 seconds
Number of updated asset objects reloaded before import = 0
Number of asset objects unloaded after import = 1
========================================================================
Received Import Request.
  Time since last request: 0.000045 seconds.
  path: Assets/Texture/Materials/sword_dm.mat
  artifactKey: Guid(0e973dd9d55400c418f1ba0e08fc1fa8) Importer(2089858483,0ecaa5967403d082aa24f35e1b516d23)
Start importing Assets/Texture/Materials/sword_dm.mat using Guid(0e973dd9d55400c418f1ba0e08fc1fa8) Importer(2089858483,0ecaa5967403d082aa24f35e1b516d23) Generated GUIDs only implemented for interfaces!
 -> (artifact id: '0f631ba08bbb8fa9370d65355a955580') in 0.022368 seconds
Number of updated asset objects reloaded before import = 0
Number of asset objects unloaded after import = 2
========================================================================
Received Import Request.
  Time since last request: 0.000029 seconds.
  path: Assets/Texture/Sword_SPEC.png
  artifactKey: Guid(bfb3a3199807a05468467e932412c704) Importer(2089858483,0ecaa5967403d082aa24f35e1b516d23)
Start importing Assets/Texture/Sword_SPEC.png using Guid(bfb3a3199807a05468467e932412c704) Importer(2089858483,0ecaa5967403d082aa24f35e1b516d23) Generated GUIDs only implemented for interfaces!
 -> (artifact id: 'b72c94360ac14e7fbfba72f071ceb31c') in 0.035063 seconds
Number of updated asset objects reloaded before import = 0
Number of asset objects unloaded after import = 1
========================================================================
Received Import Request.
  Time since last request: 0.000036 seconds.
  path: Assets/Texture/Body_Opa.png
  artifactKey: Guid(adce00764ae41254181a2b831ce40835) Importer(2089858483,0ecaa5967403d082aa24f35e1b516d23)
Start importing Assets/Texture/Body_Opa.png using Guid(adce00764ae41254181a2b831ce40835) Importer(2089858483,0ecaa5967403d082aa24f35e1b516d23) Generated GUIDs only implemented for interfaces!
 -> (artifact id: '6070fcb95f637997c30e2e2414c70215') in 0.039333 seconds
Number of updated asset objects reloaded before import = 0
Number of asset objects unloaded after import = 1
========================================================================
Received Import Request.
  Time since last request: 0.000027 seconds.
  path: Assets/scene2Settings.lighting
  artifactKey: Guid(7620b9683d04a8b489495f50aa2d1ccb) Importer(2089858483,0ecaa5967403d082aa24f35e1b516d23)
Start importing Assets/scene2Settings.lighting using Guid(7620b9683d04a8b489495f50aa2d1ccb) Importer(2089858483,0ecaa5967403d082aa24f35e1b516d23) LightingSettings: switching bake backend from 1 to 0.
Generated GUIDs only implemented for interfaces!
 -> (artifact id: 'ea940492a496eedc7efa27c5eb20ff4a') in 0.026015 seconds
Number of updated asset objects reloaded before import = 0
Number of asset objects unloaded after import = 1
========================================================================
Received Import Request.
  Time since last request: 22.723227 seconds.
  path: Assets/Scenes/Character Pack
  artifactKey: Guid(909f724d60c8c8e4f99fda6edeb45cbf) Importer(2089858483,0ecaa5967403d082aa24f35e1b516d23)
Start importing Assets/Scenes/Character Pack using Guid(909f724d60c8c8e4f99fda6edeb45cbf) Importer(2089858483,0ecaa5967403d082aa24f35e1b516d23) Generated GUIDs only implemented for interfaces!
 -> (artifact id: '71c5f5a68b5e8a09e0ebb24330593d4f') in 0.024521 seconds
Number of updated asset objects reloaded before import = 0
Number of asset objects unloaded after import = 1
========================================================================
Received Import Request.
  Time since last request: 0.000039 seconds.
  path: Assets/Scenes/Character Pack/Texture/Body_Opa.png
  artifactKey: Guid(41dda5cf20fcb5047adeb2ec0d9c3d1d) Importer(2089858483,0ecaa5967403d082aa24f35e1b516d23)
Start importing Assets/Scenes/Character Pack/Texture/Body_Opa.png using Guid(41dda5cf20fcb5047adeb2ec0d9c3d1d) Importer(2089858483,0ecaa5967403d082aa24f35e1b516d23) Generated GUIDs only implemented for interfaces!
 -> (artifact id: '36af4847191bf01f237c712fbfd5d5ca') in 0.029009 seconds
Number of updated asset objects reloaded before import = 0
Number of asset objects unloaded after import = 1
========================================================================
Received Import Request.
  Time since last request: 0.000025 seconds.
  path: Assets/Scenes/Character Pack/Texture/Body_Spec.png
  artifactKey: Guid(2480b818680365c4eadc47cb360f223a) Importer(2089858483,0ecaa5967403d082aa24f35e1b516d23)
Start importing Assets/Scenes/Character Pack/Texture/Body_Spec.png using Guid(2480b818680365c4eadc47cb360f223a) Importer(2089858483,0ecaa5967403d082aa24f35e1b516d23) Generated GUIDs only implemented for interfaces!
 -> (artifact id: 'f1441641f04b6a7e4032268fec73129a') in 0.027144 seconds
Number of updated asset objects reloaded before import = 0
Number of asset objects unloaded after import = 1
========================================================================
Received Import Request.
  Time since last request: 0.000054 seconds.
  path: Assets/Scenes/Character Pack/scene2Settings.lighting
  artifactKey: Guid(1fb2b80395e7ea740af1dd1ae4d2b197) Importer(2089858483,0ecaa5967403d082aa24f35e1b516d23)
Start importing Assets/Scenes/Character Pack/scene2Settings.lighting using Guid(1fb2b80395e7ea740af1dd1ae4d2b197) Importer(2089858483,0ecaa5967403d082aa24f35e1b516d23) LightingSettings: switching bake backend from 1 to 0.
Generated GUIDs only implemented for interfaces!
 -> (artifact id: '121315a6b4493a4e97d62cb086a1b109') in 0.024121 seconds
Number of updated asset objects reloaded before import = 0
Number of asset objects unloaded after import = 1
========================================================================
Received Import Request.
  Time since last request: 0.000030 seconds.
  path: Assets/Scenes/Character Pack/Texture/Sword_NM.png
  artifactKey: Guid(6526e45a68190cf4e85b1dfd9eb2e33c) Importer(2089858483,0ecaa5967403d082aa24f35e1b516d23)
Start importing Assets/Scenes/Character Pack/Texture/Sword_NM.png using Guid(6526e45a68190cf4e85b1dfd9eb2e33c) Importer(2089858483,0ecaa5967403d082aa24f35e1b516d23) Generated GUIDs only implemented for interfaces!
 -> (artifact id: 'add04af58fcf7f327b570aaba4bd4d8f') in 0.028924 seconds
Number of updated asset objects reloaded before import = 0
Number of asset objects unloaded after import = 1
========================================================================
Received Import Request.
  Time since last request: 0.000069 seconds.
  path: Assets/Scenes/Character Pack/Texture/Head_Spec.png
  artifactKey: Guid(e72013e806239914daa7ab1a55374531) Importer(2089858483,0ecaa5967403d082aa24f35e1b516d23)
Start importing Assets/Scenes/Character Pack/Texture/Head_Spec.png using Guid(e72013e806239914daa7ab1a55374531) Importer(2089858483,0ecaa5967403d082aa24f35e1b516d23) Generated GUIDs only implemented for interfaces!
 -> (artifact id: '46e2dfa9733d8f5c3c808ed1fb0c02ed') in 0.031160 seconds
Number of updated asset objects reloaded before import = 0
Number of asset objects unloaded after import = 1
========================================================================
Received Import Request.
  Time since last request: 0.000026 seconds.
  path: Assets/Scenes/Character Pack/samuzai_animation_ok.FBX
  artifactKey: Guid(e156495aa9aa3424d85dac51d5fdbd21) Importer(2089858483,0ecaa5967403d082aa24f35e1b516d23)
Start importing Assets/Scenes/Character Pack/samuzai_animation_ok.FBX using Guid(e156495aa9aa3424d85dac51d5fdbd21) Importer(2089858483,0ecaa5967403d082aa24f35e1b516d23) Generated GUIDs only implemented for interfaces!
 -> (artifact id: '5a723f896e6ce2c32ba0c499be408012') in 0.069073 seconds
Number of updated asset objects reloaded before import = 0
Number of asset objects unloaded after import = 192
========================================================================
Received Import Request.
  Time since last request: 0.000024 seconds.
  path: Assets/Scenes/Character Pack/Texture/Materials/sword_dm.mat
  artifactKey: Guid(1356ca4b77fea384d93bee906fc158fe) Importer(2089858483,0ecaa5967403d082aa24f35e1b516d23)
Start importing Assets/Scenes/Character Pack/Texture/Materials/sword_dm.mat using Guid(1356ca4b77fea384d93bee906fc158fe) Importer(2089858483,0ecaa5967403d082aa24f35e1b516d23) Generated GUIDs only implemented for interfaces!
 -> (artifact id: 'f00cdc57af7e754bb74e23cd66b03971') in 0.015541 seconds
Number of updated asset objects reloaded before import = 0
Number of asset objects unloaded after import = 2
========================================================================
Received Import Request.
  Time since last request: 8.387862 seconds.
  path: Assets/Scenes/Scenes/Character Pack
  artifactKey: Guid(43b61875c348e4d4cacbb3e6d69f51fd) Importer(2089858483,0ecaa5967403d082aa24f35e1b516d23)
Start importing Assets/Scenes/Scenes/Character Pack using Guid(43b61875c348e4d4cacbb3e6d69f51fd) Importer(2089858483,0ecaa5967403d082aa24f35e1b516d23) Generated GUIDs only implemented for interfaces!
 -> (artifact id: '9e36ecec86d003da87e14cfdd62a5250') in 0.011820 seconds
Number of updated asset objects reloaded before import = 0
Number of asset objects unloaded after import = 1
========================================================================
Received Import Request.
  Time since last request: 0.000044 seconds.
  path: Assets/Scenes/Scenes/Character Pack/Texture/Body_Opa.png
  artifactKey: Guid(91e2752ea12722b46ac5d6d15b2d5815) Importer(2089858483,0ecaa5967403d082aa24f35e1b516d23)
Start importing Assets/Scenes/Scenes/Character Pack/Texture/Body_Opa.png using Guid(91e2752ea12722b46ac5d6d15b2d5815) Importer(2089858483,0ecaa5967403d082aa24f35e1b516d23) Generated GUIDs only implemented for interfaces!
 -> (artifact id: 'c72e9870973ac146ccf216657f8db754') in 0.025555 seconds
Number of updated asset objects reloaded before import = 0
Number of asset objects unloaded after import = 1
========================================================================
Received Import Request.
  Time since last request: 0.000019 seconds.
  path: Assets/Scenes/Scenes/Character Pack/Texture
  artifactKey: Guid(bcc542a40cccfc046b46c6b47f558381) Importer(2089858483,0ecaa5967403d082aa24f35e1b516d23)
Start importing Assets/Scenes/Scenes/Character Pack/Texture using Guid(bcc542a40cccfc046b46c6b47f558381) Importer(2089858483,0ecaa5967403d082aa24f35e1b516d23) Generated GUIDs only implemented for interfaces!
 -> (artifact id: '0825336c7f2fb31306c01b8ea330073a') in 0.017698 seconds
Number of updated asset objects reloaded before import = 0
Number of asset objects unloaded after import = 1
========================================================================
Received Import Request.
  Time since last request: 0.000031 seconds.
  path: Assets/Scenes/Scenes/Character Pack/Texture/Body_Spec.png
  artifactKey: Guid(96056630d55f8344e855f6cad89eda20) Importer(2089858483,0ecaa5967403d082aa24f35e1b516d23)
Start importing Assets/Scenes/Scenes/Character Pack/Texture/Body_Spec.png using Guid(96056630d55f8344e855f6cad89eda20) Importer(2089858483,0ecaa5967403d082aa24f35e1b516d23) Generated GUIDs only implemented for interfaces!
 -> (artifact id: '0d52d6102a9064d31b1001644f8011fd') in 0.035623 seconds
Number of updated asset objects reloaded before import = 0
Number of asset objects unloaded after import = 1
========================================================================
Received Import Request.
  Time since last request: 0.000057 seconds.
  path: Assets/Scenes/Scenes/Character Pack/Texture/Body_NM .png
  artifactKey: Guid(3db1c38f87a8e0c47948b86ed671eac9) Importer(2089858483,0ecaa5967403d082aa24f35e1b516d23)
Start importing Assets/Scenes/Scenes/Character Pack/Texture/Body_NM .png using Guid(3db1c38f87a8e0c47948b86ed671eac9) Importer(2089858483,0ecaa5967403d082aa24f35e1b516d23) Generated GUIDs only implemented for interfaces!
 -> (artifact id: '0c53fc671ea93d28eb571fb3e0c19bc5') in 0.029876 seconds
Number of updated asset objects reloaded before import = 0
Number of asset objects unloaded after import = 1
========================================================================
Received Import Request.
  Time since last request: 0.000038 seconds.
  path: Assets/Scenes/Scenes/Character Pack/Texture/Head_Spec.png
  artifactKey: Guid(6174b524ad2ab7a4eb7f342ded9edf60) Importer(2089858483,0ecaa5967403d082aa24f35e1b516d23)
Start importing Assets/Scenes/Scenes/Character Pack/Texture/Head_Spec.png using Guid(6174b524ad2ab7a4eb7f342ded9edf60) Importer(2089858483,0ecaa5967403d082aa24f35e1b516d23) Generated GUIDs only implemented for interfaces!
 -> (artifact id: 'f90376619c6f9062cc733c4338f0ce7d') in 0.033395 seconds
Number of updated asset objects reloaded before import = 0
Number of asset objects unloaded after import = 1
========================================================================
Received Import Request.
  Time since last request: 0.000043 seconds.
  path: Assets/Scenes/Scenes/Character Pack/Texture/Head_DM3 .png
  artifactKey: Guid(81437dd4dccc14a4aa10b2a5b0b53e46) Importer(2089858483,0ecaa5967403d082aa24f35e1b516d23)
Start importing Assets/Scenes/Scenes/Character Pack/Texture/Head_DM3 .png using Guid(81437dd4dccc14a4aa10b2a5b0b53e46) Importer(2089858483,0ecaa5967403d082aa24f35e1b516d23) Generated GUIDs only implemented for interfaces!
 -> (artifact id: '878568bb545d01d32483a585b61e0a5f') in 0.028738 seconds
Number of updated asset objects reloaded before import = 0
Number of asset objects unloaded after import = 1
========================================================================
Received Import Request.
  Time since last request: 0.000029 seconds.
  path: Assets/Scenes/Scenes/Character Pack/Texture/Head_Opa.png
  artifactKey: Guid(0364a3d57ad898743bb250ced4fe559e) Importer(2089858483,0ecaa5967403d082aa24f35e1b516d23)
Start importing Assets/Scenes/Scenes/Character Pack/Texture/Head_Opa.png using Guid(0364a3d57ad898743bb250ced4fe559e) Importer(2089858483,0ecaa5967403d082aa24f35e1b516d23) Generated GUIDs only implemented for interfaces!
 -> (artifact id: 'be0c864e1de46503abc367163b9d0466') in 0.037704 seconds
Number of updated asset objects reloaded before import = 0
Number of asset objects unloaded after import = 1
========================================================================
Received Import Request.
  Time since last request: 0.000029 seconds.
  path: Assets/Scenes/Scenes/Character Pack/Texture/Materials
  artifactKey: Guid(a5176082ad2382340abab64a6d4463c4) Importer(2089858483,0ecaa5967403d082aa24f35e1b516d23)
Start importing Assets/Scenes/Scenes/Character Pack/Texture/Materials using Guid(a5176082ad2382340abab64a6d4463c4) Importer(2089858483,0ecaa5967403d082aa24f35e1b516d23) Generated GUIDs only implemented for interfaces!
 -> (artifact id: '9c25dca4f78dd64b3722b59e604eeab7') in 0.014817 seconds
Number of updated asset objects reloaded before import = 0
Number of asset objects unloaded after import = 1
========================================================================
Received Import Request.
  Time since last request: 0.000032 seconds.
  path: Assets/Scenes/Scenes/Character Pack/samuzai_animation_ok.FBX
  artifactKey: Guid(c276300aae44e654e8ab9edbd3912d06) Importer(2089858483,0ecaa5967403d082aa24f35e1b516d23)
Start importing Assets/Scenes/Scenes/Character Pack/samuzai_animation_ok.FBX using Guid(c276300aae44e654e8ab9edbd3912d06) Importer(2089858483,0ecaa5967403d082aa24f35e1b516d23) Generated GUIDs only implemented for interfaces!
 -> (artifact id: 'ca70383a3f8694005ff997ce8b31e7c4') in 0.065221 seconds
Number of updated asset objects reloaded before import = 0
Number of asset objects unloaded after import = 192
========================================================================
Received Import Request.
  Time since last request: 178.339927 seconds.
  path: Assets/Scenes/Materials/samuzai_animation_ok-19 - Default1.mat
  artifactKey: Guid(0b3b6c1e5b7d042468eb80e209276586) Importer(815301076,1909f56bfc062723c751e8b465ee728b)
Start importing Assets/Scenes/Materials/samuzai_animation_ok-19 - Default1.mat using Guid(0b3b6c1e5b7d042468eb80e209276586) Importer(815301076,1909f56bfc062723c751e8b465ee728b)  -> (artifact id: '4649615f462050f132f7ed8513997c90') in 0.021691 seconds
Number of updated asset objects reloaded before import = 0
Number of asset objects unloaded after import = 3
========================================================================
Received Import Request.
  Time since last request: 138.952899 seconds.
  path: Assets/Texture/Body_NM .png
  artifactKey: Guid(cc57313ad52e8b24783c2f2cc1edc29e) Importer(815301076,1909f56bfc062723c751e8b465ee728b)
Start importing Assets/Texture/Body_NM .png using Guid(cc57313ad52e8b24783c2f2cc1edc29e) Importer(815301076,1909f56bfc062723c751e8b465ee728b)  -> (artifact id: '899d445b82a68df6418a7da5ed0cb256') in 0.022512 seconds
Number of updated asset objects reloaded before import = 0
Number of asset objects unloaded after import = 2
========================================================================
Received Import Request.
  Time since last request: 0.000043 seconds.
  path: Assets/Texture/Head_Opa.png
  artifactKey: Guid(c565358ca50819d49b176743564b945a) Importer(815301076,1909f56bfc062723c751e8b465ee728b)
Start importing Assets/Texture/Head_Opa.png using Guid(c565358ca50819d49b176743564b945a) Importer(815301076,1909f56bfc062723c751e8b465ee728b)  -> (artifact id: 'ed6c986b66646333bf7bb842a0f78cae') in 0.015266 seconds
Number of updated asset objects reloaded before import = 0
Number of asset objects unloaded after import = 2
========================================================================
Received Import Request.
  Time since last request: 0.000020 seconds.
  path: Assets/Texture/Body_Spec.png
  artifactKey: Guid(8744d1de396215a4cbd0b689695d30c5) Importer(815301076,1909f56bfc062723c751e8b465ee728b)
Start importing Assets/Texture/Body_Spec.png using Guid(8744d1de396215a4cbd0b689695d30c5) Importer(815301076,1909f56bfc062723c751e8b465ee728b)  -> (artifact id: '6c7c22eac053abaac4fd973dc0636ba2') in 0.015941 seconds
Number of updated asset objects reloaded before import = 0
Number of asset objects unloaded after import = 2
========================================================================
Received Import Request.
  Time since last request: 0.000018 seconds.
  path: Assets/Texture/Head_Spec.png
  artifactKey: Guid(40f047e8811953f45996f20adee1db45) Importer(815301076,1909f56bfc062723c751e8b465ee728b)
Start importing Assets/Texture/Head_Spec.png using Guid(40f047e8811953f45996f20adee1db45) Importer(815301076,1909f56bfc062723c751e8b465ee728b)  -> (artifact id: 'dba1761d664d5d91b969a735a42dffd6') in 0.014457 seconds
Number of updated asset objects reloaded before import = 0
Number of asset objects unloaded after import = 2
========================================================================
Received Import Request.
  Time since last request: 0.000018 seconds.
  path: Assets/Texture/Sword_NM.png
  artifactKey: Guid(9a4eb10a6badeb14f88f9103de1b26aa) Importer(815301076,1909f56bfc062723c751e8b465ee728b)
Start importing Assets/Texture/Sword_NM.png using Guid(9a4eb10a6badeb14f88f9103de1b26aa) Importer(815301076,1909f56bfc062723c751e8b465ee728b)  -> (artifact id: '0dd537cc016d8c32bfaa2411c369713d') in 0.019030 seconds
Number of updated asset objects reloaded before import = 0
Number of asset objects unloaded after import = 2
========================================================================
Received Import Request.
  Time since last request: 40.391444 seconds.
  path: Assets/Character Pack/Materials/samuzai_animation_ok-20 - Default.mat
  artifactKey: Guid(da2b74ac11ca6a24e9f7e299a829ac85) Importer(2089858483,0ecaa5967403d082aa24f35e1b516d23)
Start importing Assets/Character Pack/Materials/samuzai_animation_ok-20 - Default.mat using Guid(da2b74ac11ca6a24e9f7e299a829ac85) Importer(2089858483,0ecaa5967403d082aa24f35e1b516d23) Generated GUIDs only implemented for interfaces!
 -> (artifact id: '2a604449c8dac160d64de74779a8911a') in 0.019841 seconds
Number of updated asset objects reloaded before import = 0
Number of asset objects unloaded after import = 2
========================================================================
Received Import Request.
  Time since last request: 0.000077 seconds.
  path: Assets/Character Pack/Texture
  artifactKey: Guid(b94f4fe951061a941925f7a78c3c4e69) Importer(2089858483,0ecaa5967403d082aa24f35e1b516d23)
Start importing Assets/Character Pack/Texture using Guid(b94f4fe951061a941925f7a78c3c4e69) Importer(2089858483,0ecaa5967403d082aa24f35e1b516d23) Generated GUIDs only implemented for interfaces!
 -> (artifact id: 'dea046fd30e1bb14077e04578d5b0bb0') in 0.014108 seconds
Number of updated asset objects reloaded before import = 0
Number of asset objects unloaded after import = 1
========================================================================
Received Import Request.
  Time since last request: 0.000023 seconds.
  path: Assets/Character Pack
  artifactKey: Guid(9b76e141e429f0748af06373528a9106) Importer(2089858483,0ecaa5967403d082aa24f35e1b516d23)
Start importing Assets/Character Pack using Guid(9b76e141e429f0748af06373528a9106) Importer(2089858483,0ecaa5967403d082aa24f35e1b516d23) Generated GUIDs only implemented for interfaces!
 -> (artifact id: 'b659696ce8b320b4a478908a6fbab209') in 0.017494 seconds
Number of updated asset objects reloaded before import = 0
Number of asset objects unloaded after import = 1
========================================================================
Received Import Request.
  Time since last request: 0.000029 seconds.
  path: Assets/Character Pack/Materials
  artifactKey: Guid(cd78f6ea81fa0044d82d9de97bd8a3f6) Importer(2089858483,0ecaa5967403d082aa24f35e1b516d23)
Start importing Assets/Character Pack/Materials using Guid(cd78f6ea81fa0044d82d9de97bd8a3f6) Importer(2089858483,0ecaa5967403d082aa24f35e1b516d23) Generated GUIDs only implemented for interfaces!
 -> (artifact id: '3638d9a60471175c77ad588c3d65f819') in 0.017260 seconds
Number of updated asset objects reloaded before import = 0
Number of asset objects unloaded after import = 1
========================================================================
Received Import Request.
  Time since last request: 0.000052 seconds.
  path: Assets/Character Pack/scene2.unity
  artifactKey: Guid(2be4b6f0f99493a4f817dc362ad4ea9c) Importer(2089858483,0ecaa5967403d082aa24f35e1b516d23)
Start importing Assets/Character Pack/scene2.unity using Guid(2be4b6f0f99493a4f817dc362ad4ea9c) Importer(2089858483,0ecaa5967403d082aa24f35e1b516d23) Generated GUIDs only implemented for interfaces!
 -> (artifact id: '8b6fb6806c4d43128ac49ace2aaf8cb6') in 0.015827 seconds
Number of updated asset objects reloaded before import = 0
Number of asset objects unloaded after import = 1
========================================================================
Received Import Request.
  Time since last request: 0.000034 seconds.
  path: Assets/Character Pack/Texture/Materials/sword_dm.mat
  artifactKey: Guid(1356ca4b77fea384d93bee906fc158fe) Importer(2089858483,0ecaa5967403d082aa24f35e1b516d23)
Start importing Assets/Character Pack/Texture/Materials/sword_dm.mat using Guid(1356ca4b77fea384d93bee906fc158fe) Importer(2089858483,0ecaa5967403d082aa24f35e1b516d23) Generated GUIDs only implemented for interfaces!
 -> (artifact id: '4bfd5eec28fa2231f153e03cbb7981f2') in 0.020231 seconds
Number of updated asset objects reloaded before import = 0
Number of asset objects unloaded after import = 2
========================================================================
Received Import Request.
  Time since last request: 17.331054 seconds.
  path: Assets/Scenes/Demo.unity
  artifactKey: Guid(c72709702e5b227409dea510ab2082af) Importer(2089858483,3d70f49cd1c2eb9ae422958d1c652c6b)
Start importing Assets/Scenes/Demo.unity using Guid(c72709702e5b227409dea510ab2082af) Importer(2089858483,3d70f49cd1c2eb9ae422958d1c652c6b) Opening scene 'Assets/Scenes/Demo.unity additively'
Loaded scene 'Assets/Scenes/Demo.unity'
	Deserialize:            6.336 ms
	Integration:            321.921 ms
	Integration of assets:  0.004 ms
	Thread Wait Time:       0.017 ms
	Total Operation Time:   328.277 ms
Generated GUIDs only implemented for interfaces!
 -> (artifact id: '6618386471c935023b96a9e3d3909f93') in 1.188410 seconds
Number of updated asset objects reloaded before import = 0
Number of asset objects unloaded after import = 6466
========================================================================
Received Import Request.
  Time since last request: 2.060704 seconds.
  path: Assets/Character Pack/Materials/samuzai_animation_ok-19 - Default1.mat
  artifactKey: Guid(4554227503f4c834fb0b922370508cc1) Importer(2089858483,0ecaa5967403d082aa24f35e1b516d23)
Start importing Assets/Character Pack/Materials/samuzai_animation_ok-19 - Default1.mat using Guid(4554227503f4c834fb0b922370508cc1) Importer(2089858483,0ecaa5967403d082aa24f35e1b516d23) Generated GUIDs only implemented for interfaces!
 -> (artifact id: '12edf12f291682fd5e6795e361998845') in 0.013417 seconds
Number of updated asset objects reloaded before import = 0
Number of asset objects unloaded after import = 2
Editor requested this worker to shutdown with reason: Scaling down because of idle timeout
TcpMessagingSession - receive error: operation aborted. errorcode: 995, details: The I/O operation has been aborted because of either a thread exit or an application request.
AssetImportWorker is now disconnected from the server
Process exiting
Exiting without the bug reporter. Application will terminate with return code 0