Using pre-set license
Built from '2022.3/staging' branch; Version is '2022.3.17f1 (4fc78088f837) revision 5228416'; Using compiler version '192829333'; Build Type 'Release'
OS: 'Windows 11  (10.0.26100) 64bit Professional' Language: 'en' Physical Memory: 16159 MB
BatchMode: 1, IsHumanControllingUs: 0, StartBugReporterOnCrash: 0, Is64bit: 1, IsPro: 1

COMMAND LINE ARGUMENTS:
D:\2022.3.17f1\Editor\Unity.exe
-adb2
-batchMode
-noUpm
-name
AssetImportWorker1
-projectPath
D:/IM ESLSCA UNIVERSITY/Game Design and Development/Final Project
-logFile
Logs/AssetImportWorker1.log
-srvPort
53480
Successfully changed project path to: D:/IM ESLSCA UNIVERSITY/Game Design and Development/Final Project
D:/IM ESLSCA UNIVERSITY/Game Design and Development/Final Project
[UnityMemory] Configuration Parameters - Can be set up in boot.config
    "memorysetup-bucket-allocator-granularity=16"
    "memorysetup-bucket-allocator-bucket-count=8"
    "memorysetup-bucket-allocator-block-size=33554432"
    "memorysetup-bucket-allocator-block-count=8"
    "memorysetup-main-allocator-block-size=16777216"
    "memorysetup-thread-allocator-block-size=16777216"
    "memorysetup-gfx-main-allocator-block-size=16777216"
    "memorysetup-gfx-thread-allocator-block-size=16777216"
    "memorysetup-cache-allocator-block-size=4194304"
    "memorysetup-typetree-allocator-block-size=2097152"
    "memorysetup-profiler-bucket-allocator-granularity=16"
    "memorysetup-profiler-bucket-allocator-bucket-count=8"
    "memorysetup-profiler-bucket-allocator-block-size=33554432"
    "memorysetup-profiler-bucket-allocator-block-count=8"
    "memorysetup-profiler-allocator-block-size=16777216"
    "memorysetup-profiler-editor-allocator-block-size=1048576"
    "memorysetup-temp-allocator-size-main=16777216"
    "memorysetup-job-temp-allocator-block-size=2097152"
    "memorysetup-job-temp-allocator-block-size-background=1048576"
    "memorysetup-job-temp-allocator-reduction-small-platforms=262144"
    "memorysetup-allocator-temp-initial-block-size-main=262144"
    "memorysetup-allocator-temp-initial-block-size-worker=262144"
    "memorysetup-temp-allocator-size-background-worker=32768"
    "memorysetup-temp-allocator-size-job-worker=262144"
    "memorysetup-temp-allocator-size-preload-manager=33554432"
    "memorysetup-temp-allocator-size-nav-mesh-worker=65536"
    "memorysetup-temp-allocator-size-audio-worker=65536"
    "memorysetup-temp-allocator-size-cloud-worker=32768"
    "memorysetup-temp-allocator-size-gi-baking-worker=262144"
    "memorysetup-temp-allocator-size-gfx=262144"
Player connection [15408] Host "[IP] 172.20.10.5 [Port] 0 [Flags] 2 [Guid] 3442076584 [EditorId] 3442076584 [Version] 1048832 [Id] WindowsEditor(7,MOHAMEDIAD) [Debug] 1 [PackageName] WindowsEditor [ProjectName] Editor" joined multi-casting on [225.0.0.222:54997]...

Player connection [15408] Host "[IP] 172.20.10.5 [Port] 0 [Flags] 2 [Guid] 3442076584 [EditorId] 3442076584 [Version] 1048832 [Id] WindowsEditor(7,MOHAMEDIAD) [Debug] 1 [PackageName] WindowsEditor [ProjectName] Editor" joined alternative multi-casting on [225.0.0.222:34997]...

[Physics::Module] Initialized MultithreadedJobDispatcher with 11 workers.
Refreshing native plugins compatible for Editor in 9.68 ms, found 3 plugins.
Preloading 0 native plugins for Editor in 0.00 ms.
Initialize engine version: 2022.3.17f1 (4fc78088f837)
[Subsystems] Discovering subsystems at path D:/2022.3.17f1/Editor/Data/Resources/UnitySubsystems
[Subsystems] Discovering subsystems at path D:/IM ESLSCA UNIVERSITY/Game Design and Development/Final Project/Assets
GfxDevice: creating device client; threaded=0; jobified=0
Direct3D:
    Version:  Direct3D 11.0 [level 11.1]
    Renderer: NVIDIA GeForce GTX 1650 (ID=0x1f9d)
    Vendor:   NVIDIA
    VRAM:     3937 MB
    Driver:   32.0.15.6636
Initialize mono
Mono path[0] = 'D:/2022.3.17f1/Editor/Data/Managed'
Mono path[1] = 'D:/2022.3.17f1/Editor/Data/MonoBleedingEdge/lib/mono/unityjit-win32'
Mono config path = 'D:/2022.3.17f1/Editor/Data/MonoBleedingEdge/etc'
Using monoOptions --debugger-agent=transport=dt_socket,embedding=1,server=y,suspend=n,address=127.0.0.1:56916
Begin MonoManager ReloadAssembly
Registering precompiled unity dll's ...
Register platform support module: D:/2022.3.17f1/Editor/Data/PlaybackEngines/AndroidPlayer/UnityEditor.Android.Extensions.dll
Register platform support module: D:/2022.3.17f1/Editor/Data/PlaybackEngines/WindowsStandaloneSupport/UnityEditor.WindowsStandalone.Extensions.dll
Registered in 0.004496 seconds.
- Loaded All Assemblies, in  0.501 seconds
Native extension for WindowsStandalone target not found
Native extension for Android target not found
Android Extension - Scanning For ADB Devices 414 ms
Mono: successfully reloaded assembly
- Finished resetting the current domain, in  0.852 seconds
Domain Reload Profiling: 1353ms
	BeginReloadAssembly (162ms)
		ExecutionOrderSort (0ms)
		DisableScriptedObjects (0ms)
		BackupInstance (0ms)
		ReleaseScriptingObjects (0ms)
		CreateAndSetChildDomain (1ms)
	RebuildCommonClasses (50ms)
	RebuildNativeTypeToScriptingClass (15ms)
	initialDomainReloadingComplete (70ms)
	LoadAllAssembliesAndSetupDomain (204ms)
		LoadAssemblies (162ms)
		RebuildTransferFunctionScriptingTraits (0ms)
		AnalyzeDomain (200ms)
			TypeCache.Refresh (196ms)
				TypeCache.ScanAssembly (176ms)
			ScanForSourceGeneratedMonoScriptInfo (1ms)
			ResolveRequiredComponents (1ms)
	FinalizeReload (853ms)
		ReleaseScriptCaches (0ms)
		RebuildScriptCaches (0ms)
		SetupLoadedEditorAssemblies (776ms)
			LogAssemblyErrors (0ms)
			InitializePlatformSupportModulesInManaged (569ms)
			SetLoadedEditorAssemblies (5ms)
			RefreshPlugins (0ms)
			BeforeProcessingInitializeOnLoad (3ms)
			ProcessInitializeOnLoadAttributes (135ms)
			ProcessInitializeOnLoadMethodAttributes (64ms)
			AfterProcessingInitializeOnLoad (0ms)
			EditorAssembliesLoaded (0ms)
		ExecutionOrderSort2 (0ms)
		AwakeInstancesAfterBackupRestoration (0ms)
========================================================================
Worker process is ready to serve import requests
Begin MonoManager ReloadAssembly
- Loaded All Assemblies, in  1.058 seconds
Refreshing native plugins compatible for Editor in 3.19 ms, found 3 plugins.
Native extension for WindowsStandalone target not found
Native extension for Android target not found
Mono: successfully reloaded assembly
- Finished resetting the current domain, in  0.920 seconds
Domain Reload Profiling: 1977ms
	BeginReloadAssembly (214ms)
		ExecutionOrderSort (0ms)
		DisableScriptedObjects (6ms)
		BackupInstance (0ms)
		ReleaseScriptingObjects (0ms)
		CreateAndSetChildDomain (33ms)
	RebuildCommonClasses (46ms)
	RebuildNativeTypeToScriptingClass (14ms)
	initialDomainReloadingComplete (57ms)
	LoadAllAssembliesAndSetupDomain (726ms)
		LoadAssemblies (581ms)
		RebuildTransferFunctionScriptingTraits (0ms)
		AnalyzeDomain (280ms)
			TypeCache.Refresh (234ms)
				TypeCache.ScanAssembly (207ms)
			ScanForSourceGeneratedMonoScriptInfo (31ms)
			ResolveRequiredComponents (12ms)
	FinalizeReload (921ms)
		ReleaseScriptCaches (0ms)
		RebuildScriptCaches (0ms)
		SetupLoadedEditorAssemblies (691ms)
			LogAssemblyErrors (0ms)
			InitializePlatformSupportModulesInManaged (27ms)
			SetLoadedEditorAssemblies (4ms)
			RefreshPlugins (0ms)
			BeforeProcessingInitializeOnLoad (86ms)
			ProcessInitializeOnLoadAttributes (484ms)
			ProcessInitializeOnLoadMethodAttributes (88ms)
			AfterProcessingInitializeOnLoad (3ms)
			EditorAssembliesLoaded (0ms)
		ExecutionOrderSort2 (0ms)
		AwakeInstancesAfterBackupRestoration (11ms)
Launched and connected shader compiler UnityShaderCompiler.exe after 0.06 seconds
Refreshing native plugins compatible for Editor in 4.50 ms, found 3 plugins.
Preloading 0 native plugins for Editor in 0.00 ms.
Unloading 4942 Unused Serialized files (Serialized files now loaded: 0)
Unloading 63 unused Assets / (350.2 KB). Loaded Objects now: 5401.
Memory consumption went from 206.3 MB to 206.0 MB.
Total: 5.961200 ms (FindLiveObjects: 0.640200 ms CreateObjectMapping: 0.883900 ms MarkObjects: 4.154400 ms  DeleteObjects: 0.281300 ms)

AssetImportParameters requested are different than current active one (requested -> active):
  custom:container-demuxer-ogg: 62fdf1f143b41e24485cea50d1cbac27 -> 
  custom:video-decoder-ogg-theora: a1e56fd34408186e4bbccfd4996cb3dc -> 
  custom:framework-win-MediaFoundation: 216162199b28c13a410421893ffa2e32 -> 
  custom:CustomObjectIndexerAttribute: 62b5816608c3102f162a1797e29626cf -> 
  custom:container-demuxer-webm: 4f35f7cbe854078d1ac9338744f61a02 -> 
  custom:container-muxer-webm: aa71ff27fc2769a1b78a27578f13a17b -> 
  custom:video-decoder-webm-vp8: 9c59270c3fd7afecdb556c50c9e8de78 -> 
  custom:SearchIndexIgnoredProperties: e643bd26f0fe6173181afceb89e7c659 -> 
  custom:AudioImporter_EditorPlatform: d09bf68614088b80899f8185d706f6e7 -> 
  custom:video-encoder-webm-vp8: eb34c28f22e8b96e1ab97ce403110664 -> 
  custom:audio-decoder-ogg-vorbis: bf7c407c2cedff20999df2af8eb42d56 -> 
  custom:audio-encoder-webm-vorbis: bf7c407c2cedff20999df2af8eb42d56 -> 
========================================================================
Received Import Request.
  Time since last request: 519698.668454 seconds.
  path: Assets/Settings/URP-HighFidelity.asset
  artifactKey: Guid(7b7fd9122c28c4d15b667c7040e3b3fd) Importer(815301076,1909f56bfc062723c751e8b465ee728b)
Start importing Assets/Settings/URP-HighFidelity.asset using Guid(7b7fd9122c28c4d15b667c7040e3b3fd) Importer(815301076,1909f56bfc062723c751e8b465ee728b)  -> (artifact id: '61d519602f1eb64de9e3c7bf13707cc2') in 0.013985 seconds
Number of updated asset objects reloaded before import = 0
Number of asset objects unloaded after import = 0
========================================================================
Received Import Request.
  Time since last request: 0.000055 seconds.
  path: Assets/Settings/URP-HighFidelity-Renderer.asset
  artifactKey: Guid(c40be3174f62c4acf8c1216858c64956) Importer(815301076,1909f56bfc062723c751e8b465ee728b)
Start importing Assets/Settings/URP-HighFidelity-Renderer.asset using Guid(c40be3174f62c4acf8c1216858c64956) Importer(815301076,1909f56bfc062723c751e8b465ee728b)  -> (artifact id: '4733acff6f8a2aa94bf68af8bc77233b') in 0.001218 seconds
Number of updated asset objects reloaded before import = 0
Number of asset objects unloaded after import = 0
========================================================================
Received Import Request.
  Time since last request: 0.000133 seconds.
  path: Assets/Settings/URP-Balanced.asset
  artifactKey: Guid(e1260c1148f6143b28bae5ace5e9c5d1) Importer(815301076,1909f56bfc062723c751e8b465ee728b)
Start importing Assets/Settings/URP-Balanced.asset using Guid(e1260c1148f6143b28bae5ace5e9c5d1) Importer(815301076,1909f56bfc062723c751e8b465ee728b)  -> (artifact id: '62266b29a5ba2f7d70f99697e7d6347b') in 0.007402 seconds
Number of updated asset objects reloaded before import = 0
Number of asset objects unloaded after import = 3
========================================================================
Received Import Request.
  Time since last request: 208.432481 seconds.
  path: Assets/JejumokGwana/Materials/M_Bricks_Stone_02.mat
  artifactKey: Guid(aa1b4ea998e52c940ac502e17fe873fa) Importer(815301076,1909f56bfc062723c751e8b465ee728b)
Start importing Assets/JejumokGwana/Materials/M_Bricks_Stone_02.mat using Guid(aa1b4ea998e52c940ac502e17fe873fa) Importer(815301076,1909f56bfc062723c751e8b465ee728b)  -> (artifact id: '0944a09b78792b4b882cc0986556933a') in 0.406786 seconds
Number of updated asset objects reloaded before import = 0
Number of asset objects unloaded after import = 5
========================================================================
Received Import Request.
  Time since last request: 0.000041 seconds.
  path: Assets/JejumokGwana/Materials/M_Signages 6.mat
  artifactKey: Guid(1e3fbf4cd35f96645a90e34c77604564) Importer(815301076,1909f56bfc062723c751e8b465ee728b)
Start importing Assets/JejumokGwana/Materials/M_Signages 6.mat using Guid(1e3fbf4cd35f96645a90e34c77604564) Importer(815301076,1909f56bfc062723c751e8b465ee728b)  -> (artifact id: '21d216829f909c4f5c0641a66ffde6ce') in 0.016139 seconds
Number of updated asset objects reloaded before import = 0
Number of asset objects unloaded after import = 3
========================================================================
Received Import Request.
  Time since last request: 0.000037 seconds.
  path: Assets/JejumokGwana/Materials/M_Signages 7.mat
  artifactKey: Guid(142f81db18f36154fbf4581c927b1b30) Importer(815301076,1909f56bfc062723c751e8b465ee728b)
Start importing Assets/JejumokGwana/Materials/M_Signages 7.mat using Guid(142f81db18f36154fbf4581c927b1b30) Importer(815301076,1909f56bfc062723c751e8b465ee728b)  -> (artifact id: '1a098b3d289f47c9ed75fdeee6358ec7') in 0.018014 seconds
Number of updated asset objects reloaded before import = 0
Number of asset objects unloaded after import = 3
========================================================================
Received Import Request.
  Time since last request: 0.000045 seconds.
  path: Assets/JejumokGwana/Materials/M_Signages 5.mat
  artifactKey: Guid(8a4a50a86d22aa04196307859c7917c2) Importer(815301076,1909f56bfc062723c751e8b465ee728b)
Start importing Assets/JejumokGwana/Materials/M_Signages 5.mat using Guid(8a4a50a86d22aa04196307859c7917c2) Importer(815301076,1909f56bfc062723c751e8b465ee728b)  -> (artifact id: '7c5485ba70392d05edfbd29c752a847c') in 0.015933 seconds
Number of updated asset objects reloaded before import = 0
Number of asset objects unloaded after import = 3
========================================================================
Received Import Request.
  Time since last request: 0.000041 seconds.
  path: Assets/JejumokGwana/Materials/M_Red_Wood.mat
  artifactKey: Guid(e11575ba987d95a4c8cef194f2de5fa3) Importer(815301076,1909f56bfc062723c751e8b465ee728b)
Start importing Assets/JejumokGwana/Materials/M_Red_Wood.mat using Guid(e11575ba987d95a4c8cef194f2de5fa3) Importer(815301076,1909f56bfc062723c751e8b465ee728b)  -> (artifact id: '1223e7646c93422b2f895538163eb9f5') in 0.067785 seconds
Number of updated asset objects reloaded before import = 0
Number of asset objects unloaded after import = 5
========================================================================
Received Import Request.
  Time since last request: 0.000037 seconds.
  path: Assets/JejumokGwana/Materials/M_Signages 10.mat
  artifactKey: Guid(b43f75f51ff2e5f4f89f26bc986a6e19) Importer(815301076,1909f56bfc062723c751e8b465ee728b)
Start importing Assets/JejumokGwana/Materials/M_Signages 10.mat using Guid(b43f75f51ff2e5f4f89f26bc986a6e19) Importer(815301076,1909f56bfc062723c751e8b465ee728b)  -> (artifact id: '2b39a36d9159cb52f5120ad26b992f67') in 0.014680 seconds
Number of updated asset objects reloaded before import = 0
Number of asset objects unloaded after import = 3
========================================================================
Received Import Request.
  Time since last request: 0.000025 seconds.
  path: Assets/JejumokGwana/Materials/M_Ground_04.mat
  artifactKey: Guid(d81abcf88ffef2644a58b77d5936a013) Importer(815301076,1909f56bfc062723c751e8b465ee728b)
Start importing Assets/JejumokGwana/Materials/M_Ground_04.mat using Guid(d81abcf88ffef2644a58b77d5936a013) Importer(815301076,1909f56bfc062723c751e8b465ee728b)  -> (artifact id: '80d533099e1fb0208e020fb30e044a68') in 0.047720 seconds
Number of updated asset objects reloaded before import = 0
Number of asset objects unloaded after import = 4
========================================================================
Received Import Request.
  Time since last request: 0.000028 seconds.
  path: Assets/JejumokGwana/Materials/M_Signages 2.mat
  artifactKey: Guid(a92ca5b896f0cea4ab184fc0566a8fa0) Importer(815301076,1909f56bfc062723c751e8b465ee728b)
Start importing Assets/JejumokGwana/Materials/M_Signages 2.mat using Guid(a92ca5b896f0cea4ab184fc0566a8fa0) Importer(815301076,1909f56bfc062723c751e8b465ee728b)  -> (artifact id: '84980f22b00a0872b5234414c099c827') in 0.013826 seconds
Number of updated asset objects reloaded before import = 0
Number of asset objects unloaded after import = 3
========================================================================
Received Import Request.
  Time since last request: 0.000080 seconds.
  path: Assets/JejumokGwana/Materials/M_Signages 8.mat
  artifactKey: Guid(ec2b17505e5de234a8537a219700ba9c) Importer(815301076,1909f56bfc062723c751e8b465ee728b)
Start importing Assets/JejumokGwana/Materials/M_Signages 8.mat using Guid(ec2b17505e5de234a8537a219700ba9c) Importer(815301076,1909f56bfc062723c751e8b465ee728b)  -> (artifact id: 'c4c1095a01fb13a23990b7244049c636') in 0.017505 seconds
Number of updated asset objects reloaded before import = 0
Number of asset objects unloaded after import = 3
========================================================================
Received Import Request.
  Time since last request: 0.000032 seconds.
  path: Assets/JejumokGwana/Materials/M_Signages 4.mat
  artifactKey: Guid(baf40f0854caf444e8b172ad0b0cb2f0) Importer(815301076,1909f56bfc062723c751e8b465ee728b)
Start importing Assets/JejumokGwana/Materials/M_Signages 4.mat using Guid(baf40f0854caf444e8b172ad0b0cb2f0) Importer(815301076,1909f56bfc062723c751e8b465ee728b)  -> (artifact id: 'c2f4cca1ec61d1027ad5a4dedc850832') in 0.017573 seconds
Number of updated asset objects reloaded before import = 0
Number of asset objects unloaded after import = 3
========================================================================
Received Import Request.
  Time since last request: 0.000025 seconds.
  path: Assets/JejumokGwana/Materials/M_Ground_05.mat
  artifactKey: Guid(090c48af2994b1a4d8539d0c5e097d22) Importer(815301076,1909f56bfc062723c751e8b465ee728b)
Start importing Assets/JejumokGwana/Materials/M_Ground_05.mat using Guid(090c48af2994b1a4d8539d0c5e097d22) Importer(815301076,1909f56bfc062723c751e8b465ee728b)  -> (artifact id: '59908874a36d3fa1c5ee90cde7b6143e') in 0.047043 seconds
Number of updated asset objects reloaded before import = 0
Number of asset objects unloaded after import = 4
========================================================================
Received Import Request.
  Time since last request: 0.000024 seconds.
  path: Assets/JejumokGwana/Materials/M_Landscape_Master.mat
  artifactKey: Guid(43f9066ce5b876343afa8997f5220998) Importer(815301076,1909f56bfc062723c751e8b465ee728b)
Start importing Assets/JejumokGwana/Materials/M_Landscape_Master.mat using Guid(43f9066ce5b876343afa8997f5220998) Importer(815301076,1909f56bfc062723c751e8b465ee728b)  -> (artifact id: 'deb1d98b19b37212dcfa8cc4f23ec284') in 0.022721 seconds
Number of updated asset objects reloaded before import = 0
Number of asset objects unloaded after import = 4
========================================================================
Received Import Request.
  Time since last request: 0.000024 seconds.
  path: Assets/JejumokGwana/Materials/M_Ground_06.mat
  artifactKey: Guid(c6b8da167c87faa489d9d38e9f2aad26) Importer(815301076,1909f56bfc062723c751e8b465ee728b)
Start importing Assets/JejumokGwana/Materials/M_Ground_06.mat using Guid(c6b8da167c87faa489d9d38e9f2aad26) Importer(815301076,1909f56bfc062723c751e8b465ee728b)  -> (artifact id: '9760eed06e685c562d51358d829ed4ba') in 0.046001 seconds
Number of updated asset objects reloaded before import = 0
Number of asset objects unloaded after import = 4
========================================================================
Received Import Request.
  Time since last request: 0.000046 seconds.
  path: Assets/JejumokGwana/Materials/M_Concrete_Light.mat
  artifactKey: Guid(b193e06f50d025840ab138011e89e19b) Importer(815301076,1909f56bfc062723c751e8b465ee728b)
Start importing Assets/JejumokGwana/Materials/M_Concrete_Light.mat using Guid(b193e06f50d025840ab138011e89e19b) Importer(815301076,1909f56bfc062723c751e8b465ee728b)  -> (artifact id: '9ed77e7ed4ccf6879f7a00fd7d8c8e2e') in 0.018757 seconds
Number of updated asset objects reloaded before import = 0
Number of asset objects unloaded after import = 5
Editor requested this worker to shutdown with reason: Scaling down because of idle timeout
TcpMessagingSession - receive error: operation aborted. errorcode: 995, details: The I/O operation has been aborted because of either a thread exit or an application request.
AssetImportWorker is now disconnected from the server
Process exiting
Exiting without the bug reporter. Application will terminate with return code 0